User Mac:  - November 4, 2022, 5:28 am
-------------------------
User Mac:  - November 4, 2022, 5:32 am
-------------------------
User Mac: hhddh - November 4, 2022, 5:33 am
-------------------------
User Mac:  - November 4, 2022, 5:33 am
-------------------------
User Mac:  - November 4, 2022, 5:33 am
-------------------------
User Mac: hhddh - November 4, 2022, 5:33 am
-------------------------
User Mac:  - November 4, 2022, 5:33 am
-------------------------
User Mac: hhddh - November 4, 2022, 5:34 am
-------------------------
User Mac:  - November 4, 2022, 5:34 am
-------------------------
User Mac: hhddh - November 4, 2022, 5:34 am
-------------------------
User Mac:  - November 4, 2022, 5:34 am
-------------------------
User Mac: hhddh - November 4, 2022, 5:34 am
-------------------------
User Mac:  - November 4, 2022, 5:34 am
-------------------------
User Mac: hhddh - November 4, 2022, 5:36 am
-------------------------
User Mac:  - November 4, 2022, 5:36 am
-------------------------
User Mac:  - November 4, 2022, 5:36 am
-------------------------
User Mac:  - November 4, 2022, 5:36 am
-------------------------
User Mac:  - November 4, 2022, 5:37 am
-------------------------
User Mac:  - November 4, 2022, 5:37 am
-------------------------
User Mac:  - November 4, 2022, 5:37 am
-------------------------
User Mac: hhddh - November 4, 2022, 5:39 am
-------------------------
User Mac:  - November 4, 2022, 5:39 am
-------------------------
User Mac: hhddh - November 4, 2022, 5:39 am
-------------------------
User Mac:  - November 4, 2022, 5:39 am
-------------------------
User Mac:  - November 4, 2022, 5:39 am
-------------------------
User Mac:  - November 4, 2022, 5:40 am
-------------------------
User Mac:  - November 4, 2022, 5:41 am
-------------------------
User Mac:  - November 4, 2022, 5:41 am
-------------------------
User Mac:  - November 4, 2022, 5:41 am
-------------------------
User Mac:  - November 4, 2022, 5:41 am
-------------------------
User Mac:  - November 4, 2022, 5:41 am
-------------------------
User Mac:  - November 4, 2022, 5:41 am
-------------------------
User Mac:  - November 4, 2022, 5:42 am
-------------------------
User Mac: hhddh - November 4, 2022, 5:43 am
-------------------------
User Mac:  - November 4, 2022, 5:43 am
-------------------------
User Mac:  - November 4, 2022, 5:43 am
-------------------------
User Mac:  - November 4, 2022, 5:43 am
-------------------------
User Mac: hhddh - November 4, 2022, 6:15 am
-------------------------
User Mac:  - November 4, 2022, 6:15 am
-------------------------
User Mac: hhddh - November 4, 2022, 6:21 am
-------------------------
User Mac:  - November 4, 2022, 6:21 am
-------------------------
User Mac: b4:69:5f:9d:9d:8 - November 4, 2022, 6:33 am
-------------------------
User Mac: b4:69:5f:9d:9d:8 - November 4, 2022, 6:33 am
-------------------------
User Mac: hhddh - November 4, 2022, 6:33 am
-------------------------
User Mac:  - November 4, 2022, 6:33 am
-------------------------
User Mac:  - November 4, 2022, 6:33 am
-------------------------
User Mac:  - November 4, 2022, 6:33 am
-------------------------
User Mac: b4:69:5f:9d:9d:8 - November 4, 2022, 6:33 am
-------------------------
User Mac: b4:69:5f:9d:9d:8 - November 4, 2022, 6:33 am
-------------------------
User Mac: b4:69:5f:9d:9d:8 - November 4, 2022, 6:33 am
-------------------------
User Mac: b4:69:5f:9d:9d:8 - November 4, 2022, 6:33 am
-------------------------
User Mac:  - November 4, 2022, 6:34 am
-------------------------
User Mac:  - November 4, 2022, 6:34 am
-------------------------
User Mac:  - November 4, 2022, 6:35 am
-------------------------
User Mac: b4:69:5f:9d:9d:8 - November 4, 2022, 6:35 am
-------------------------
User Mac: b4:69:5f:9d:9d:8 - November 4, 2022, 6:35 am
-------------------------
User Mac: b4:69:5f:9d:9d:8 - November 4, 2022, 6:35 am
-------------------------
User Mac:  - November 4, 2022, 6:35 am
-------------------------
User Mac: b4:69:5f:9d:9d:8 - November 4, 2022, 6:35 am
-------------------------
User Mac: b4:69:5f:9d:9d:8 - November 4, 2022, 6:35 am
-------------------------
User Mac:  - November 4, 2022, 6:35 am
-------------------------
User Mac:  - November 4, 2022, 6:35 am
-------------------------
User Mac:  - November 4, 2022, 6:35 am
-------------------------
User Mac:  - November 4, 2022, 6:36 am
-------------------------
User Mac: b4:69:5f:9d:9d:8 - November 4, 2022, 6:36 am
-------------------------
User Mac:  - November 4, 2022, 6:36 am
-------------------------
User Mac:  - November 4, 2022, 6:36 am
-------------------------
User Mac: BoardRoo - November 4, 2022, 6:36 am
-------------------------
User Mac:  - November 4, 2022, 6:37 am
-------------------------
User Mac:  - November 4, 2022, 6:39 am
-------------------------
User Mac: BoardRoo - November 4, 2022, 6:41 am
-------------------------
User Mac:  - November 4, 2022, 6:41 am
-------------------------
User Mac:  - November 4, 2022, 6:41 am
-------------------------
User Mac: b4:69:5f:9d:9d:8 - November 4, 2022, 6:41 am
-------------------------
User Mac: b4:69:5f:9d:9d:8 - November 4, 2022, 6:41 am
-------------------------
User Mac: b4:69:5f:9d:9d:8 - November 4, 2022, 6:41 am
-------------------------
User Mac: b4:69:5f:9d:9d:8 - November 4, 2022, 6:41 am
-------------------------
User Mac: b4:69:5f:9d:9d:8 - November 4, 2022, 6:41 am
-------------------------
User Mac:  - November 4, 2022, 6:41 am
-------------------------
User Mac:  - November 4, 2022, 6:41 am
-------------------------
User Mac:  - November 4, 2022, 6:41 am
-------------------------
User Mac: BoardRoo - November 4, 2022, 6:42 am
-------------------------
User Mac:  - November 4, 2022, 6:42 am
-------------------------
User Mac:  - November 4, 2022, 6:42 am
-------------------------
User Mac: BoardRoo - November 4, 2022, 6:42 am
-------------------------
User Mac:  - November 4, 2022, 6:42 am
-------------------------
User Mac: BoardRoo - November 4, 2022, 6:43 am
-------------------------
User Mac:  - November 4, 2022, 6:43 am
-------------------------
User Mac: 00:13:10:85:fe:0 - November 4, 2022, 6:45 am
-------------------------
User Mac: 00:13:10:85:fe:0 - November 4, 2022, 6:45 am
-------------------------
User Mac: 00:13:10:85:fe:0 - November 4, 2022, 6:46 am
-------------------------
User Mac: 00:13:10:85:fe:0 - November 4, 2022, 6:46 am
-------------------------
User Mac: 00:13:10:85:fe:0 - November 4, 2022, 6:46 am
-------------------------
User Mac: 00:13:10:85:fe:0 - November 4, 2022, 6:46 am
-------------------------
User Mac: 00:13:10:85:fe:0 - November 4, 2022, 6:46 am
-------------------------
User Mac:  - November 4, 2022, 6:46 am
-------------------------
User Mac:  - November 4, 2022, 6:46 am
-------------------------
User Mac: 00:13:10:85:fe:0 - November 4, 2022, 6:47 am
-------------------------
User Mac: 00:13:10:85:fe:0 - November 4, 2022, 6:47 am
-------------------------
User Mac:  - November 4, 2022, 6:47 am
-------------------------
User Mac:  - November 4, 2022, 6:47 am
-------------------------
User Mac: 00:13:10:85:fe:0 - November 4, 2022, 6:48 am
-------------------------
User Mac: 00:13:10:85:fe:0 - November 4, 2022, 6:48 am
-------------------------
User Mac: 00:13:10:85:fe:0 - November 4, 2022, 6:49 am
-------------------------
User Mac: 00:13:10:85:fe:0 - November 4, 2022, 6:53 am
-------------------------
User Mac: 00:13:10:85:fe:0 - November 4, 2022, 6:53 am
-------------------------
User Mac: 00:13:10:85:fe:0 - November 4, 2022, 6:53 am
-------------------------
User Mac: 00:13:10:85:fe:0 - November 4, 2022, 6:53 am
-------------------------
User Mac: 00:13:10:85:fe:0 - November 4, 2022, 6:54 am
-------------------------
User Mac:  - November 4, 2022, 6:57 am
-------------------------
User Mac:  - November 4, 2022, 6:58 am
-------------------------
User Mac:  - November 4, 2022, 6:58 am
-------------------------
User Mac:  - November 4, 2022, 6:58 am
-------------------------
User Mac:  - November 4, 2022, 7:01 am
-------------------------
User Mac:  - November 4, 2022, 7:01 am
-------------------------
User Mac:  - November 4, 2022, 7:01 am
-------------------------
User Mac:  - November 4, 2022, 7:01 am
-------------------------
User Mac:  - November 4, 2022, 7:01 am
-------------------------
User Mac:  - November 4, 2022, 7:08 am
-------------------------
User Mac:  - November 4, 2022, 7:08 am
-------------------------
User Mac:  - November 4, 2022, 7:09 am
-------------------------
User Mac:  - November 4, 2022, 7:09 am
-------------------------
User Mac:  - November 4, 2022, 7:10 am
-------------------------
User Mac:  - November 4, 2022, 7:10 am
-------------------------
User Mac:  - November 4, 2022, 7:11 am
-------------------------
User Mac:  - November 4, 2022, 7:11 am
-------------------------
User Mac:  - November 4, 2022, 7:12 am
-------------------------
User Mac:  - November 4, 2022, 7:12 am
-------------------------
User Mac:  - November 4, 2022, 7:14 am
-------------------------
User Mac:  - November 4, 2022, 7:14 am
-------------------------
User Mac:  - November 4, 2022, 7:17 am
-------------------------
User Mac:  - November 4, 2022, 7:17 am
-------------------------
User Mac:  - November 4, 2022, 7:17 am
-------------------------
User Mac:  - November 4, 2022, 7:17 am
-------------------------
User Mac:  - November 4, 2022, 7:18 am
-------------------------
User Mac:  - November 4, 2022, 7:18 am
-------------------------
User Mac:  - November 4, 2022, 7:19 am
-------------------------
User Mac:  - November 4, 2022, 7:19 am
-------------------------
User Mac:  - November 4, 2022, 7:19 am
-------------------------
User Mac:  - November 4, 2022, 7:19 am
-------------------------
User Mac:  - November 4, 2022, 7:19 am
-------------------------
User Mac:  - November 4, 2022, 7:20 am
-------------------------
User Mac:  - November 4, 2022, 7:20 am
-------------------------
User Mac:  - November 4, 2022, 7:30 am
-------------------------
User Mac:  - November 4, 2022, 7:30 am
-------------------------
User Mac:  - November 4, 2022, 7:34 am
-------------------------
User Mac:  - November 4, 2022, 7:34 am
-------------------------
User Mac:  - November 4, 2022, 7:34 am
-------------------------
User Mac:  - November 4, 2022, 7:34 am
-------------------------
User Mac:  - November 4, 2022, 7:34 am
-------------------------
User Mac:  - November 4, 2022, 7:34 am
-------------------------
User Mac:  - November 4, 2022, 7:34 am
-------------------------
User Mac:  - November 4, 2022, 7:34 am
-------------------------
User Mac:  - November 4, 2022, 7:34 am
-------------------------
User Mac:  - November 4, 2022, 7:35 am
-------------------------
User Mac:  - November 4, 2022, 7:35 am
-------------------------
User Mac:  - November 4, 2022, 7:36 am
-------------------------
User Mac:  - November 4, 2022, 7:36 am
-------------------------
User Mac:  - November 4, 2022, 7:37 am
-------------------------
User Mac:  - November 4, 2022, 7:37 am
-------------------------
User Mac:  - November 4, 2022, 7:37 am
-------------------------
User Mac:  - November 4, 2022, 7:37 am
-------------------------
User Mac:  - November 4, 2022, 7:37 am
-------------------------
User Mac:  - November 4, 2022, 7:37 am
-------------------------
User Mac:  - November 4, 2022, 7:37 am
-------------------------
User Mac:  - November 4, 2022, 7:45 am
-------------------------
User Mac:  - November 4, 2022, 7:45 am
-------------------------
User Mac:  - November 4, 2022, 7:45 am
-------------------------
User Mac:  - November 4, 2022, 7:45 am
-------------------------
User Mac:  - November 4, 2022, 7:48 am
-------------------------
User Mac:  - November 4, 2022, 7:48 am
-------------------------
User Mac:  - November 4, 2022, 7:48 am
-------------------------
User Mac:  - November 4, 2022, 7:48 am
-------------------------
User Mac:  - November 4, 2022, 7:48 am
-------------------------
User Mac:  - November 4, 2022, 7:49 am
-------------------------
User Mac:  - November 4, 2022, 7:49 am
-------------------------
User Mac:  - November 4, 2022, 7:49 am
-------------------------
User Mac:  - November 4, 2022, 7:49 am
-------------------------
User Mac:  - November 4, 2022, 7:49 am
-------------------------
User Mac:  - November 4, 2022, 7:49 am
-------------------------
User Mac:  - November 4, 2022, 7:49 am
-------------------------
User Mac:  - November 4, 2022, 7:49 am
-------------------------
User Mac:  - November 4, 2022, 7:49 am
-------------------------
User Mac:  - November 4, 2022, 8:06 am
-------------------------
User Mac:  - November 4, 2022, 8:06 am
-------------------------
User Mac:  - November 4, 2022, 8:06 am
-------------------------
User Mac:  - November 4, 2022, 8:06 am
-------------------------
User Mac:  - November 4, 2022, 8:06 am
-------------------------
User Mac:  - November 4, 2022, 8:07 am
-------------------------
User Mac:  - November 4, 2022, 8:07 am
-------------------------
User Mac:  - November 4, 2022, 8:07 am
-------------------------
User Mac:  - November 4, 2022, 8:07 am
-------------------------
User Mac:  - November 4, 2022, 8:07 am
-------------------------
User Mac:  - November 4, 2022, 9:07 am
-------------------------
User Mac:  - November 4, 2022, 9:07 am
-------------------------
User Mac:  - November 4, 2022, 9:07 am
-------------------------
User Mac:  - November 4, 2022, 9:07 am
-------------------------
User Mac:  - November 4, 2022, 9:11 am
-------------------------
User Mac:  - November 4, 2022, 9:11 am
-------------------------
User Mac:  - November 4, 2022, 9:11 am
-------------------------
User Mac:  - November 4, 2022, 9:11 am
-------------------------
User Mac:  - November 4, 2022, 9:11 am
-------------------------
User Mac:  - November 4, 2022, 9:13 am
-------------------------
User Mac:  - November 4, 2022, 9:13 am
-------------------------
User Mac:  - November 4, 2022, 9:13 am
-------------------------
User Mac:  - November 4, 2022, 9:13 am
-------------------------
User Mac:  - November 4, 2022, 9:14 am
-------------------------
User Mac:  - November 4, 2022, 9:14 am
-------------------------
User Mac:  - November 4, 2022, 9:22 am
-------------------------
User Mac:  - November 4, 2022, 9:22 am
-------------------------
User Mac:  - November 4, 2022, 9:22 am
-------------------------
User Mac:  - November 4, 2022, 9:22 am
-------------------------
User Mac:  - November 4, 2022, 9:22 am
-------------------------
User Mac:  - November 4, 2022, 9:27 am
-------------------------
User Mac:  - November 4, 2022, 9:27 am
-------------------------
User Mac:  - November 4, 2022, 9:27 am
-------------------------
User Mac:  - November 4, 2022, 9:27 am
-------------------------
User Mac:  - November 4, 2022, 9:27 am
-------------------------
User Mac:  - November 4, 2022, 9:27 am
-------------------------
User Mac:  - November 4, 2022, 9:36 am
-------------------------
User Mac:  - November 4, 2022, 9:36 am
-------------------------
User Mac:  - November 4, 2022, 9:36 am
-------------------------
User Mac:  - November 4, 2022, 9:36 am
-------------------------
User Mac:  - November 4, 2022, 9:36 am
-------------------------
User Mac: b4:69:5f:9d:9d:8 - November 4, 2022, 10:55 am
-------------------------
User Mac: b4:69:5f:9d:9d:8 - November 4, 2022, 4:05 pm
-------------------------
User Mac: b4:69:5f:9d:9d:8 - November 4, 2022, 4:05 pm
-------------------------
User Mac: b4:69:5f:9d:9d:8 - November 4, 2022, 4:05 pm
-------------------------
User Mac: b4:69:5f:9d:9d:8 - November 4, 2022, 4:05 pm
-------------------------
User Mac: b4:69:5f:9d:9d:8 - November 4, 2022, 4:05 pm
-------------------------
User Mac: b4:69:5f:9d:9d:8 - November 4, 2022, 4:59 pm
-------------------------
User Mac: 78:81:02:ba:fa:1 - November 4, 2022, 5:08 pm
-------------------------
User Mac: 78:81:02:ba:fa:1 - November 4, 2022, 5:08 pm
-------------------------
User Mac: 78:81:02:ba:fa:1 - November 4, 2022, 5:08 pm
-------------------------
User Mac: 78:81:02:ba:fa:1 - November 4, 2022, 5:08 pm
-------------------------
User Mac: 78:81:02:ba:fa:1 - November 4, 2022, 5:08 pm
-------------------------
User Mac: 78:81:02:ba:fa:1 - November 4, 2022, 5:08 pm
-------------------------
User Mac: 78:81:02:ba:fa:1 - November 4, 2022, 5:08 pm
-------------------------
User Mac: 78:81:02:ba:fa:1 - November 4, 2022, 5:08 pm
-------------------------
User Mac: 78:81:02:ba:fa:1 - November 4, 2022, 5:08 pm
-------------------------
User Mac: 78:81:02:ba:fa:1 - November 4, 2022, 5:08 pm
-------------------------
User Mac: 78:81:02:ba:fa:1 - November 4, 2022, 5:09 pm
-------------------------
User Mac: 78:81:02:ba:fa:1 - November 4, 2022, 5:13 pm
-------------------------
User Mac: 78:81:02:ba:fa:1 - November 4, 2022, 5:14 pm
-------------------------
User Mac: 78:81:02:ba:fa:1 - November 4, 2022, 5:14 pm
-------------------------
User Mac: 78:81:02:ba:fa:1 - November 4, 2022, 5:14 pm
-------------------------
User Mac: b4:69:5f:9d:9d:8 - November 4, 2022, 5:14 pm
-------------------------
User Mac: b4:69:5f:9d:9d:8 - November 4, 2022, 5:14 pm
-------------------------
User Mac: b4:69:5f:9d:9d:8 - November 4, 2022, 5:14 pm
-------------------------
User Mac: b4:69:5f:9d:9d:8 - November 4, 2022, 5:14 pm
-------------------------
User Mac: b4:69:5f:9d:9d:8 - November 4, 2022, 5:14 pm
-------------------------
User Mac: 78:81:02:ba:fa:1 - November 4, 2022, 5:16 pm
-------------------------
User Mac: 78:81:02:ba:fa:1 - November 4, 2022, 5:16 pm
-------------------------
User Mac: 78:81:02:ba:fa:1 - November 4, 2022, 5:16 pm
-------------------------
User Mac: 78:81:02:ba:fa:1 - November 4, 2022, 5:16 pm
-------------------------
User Mac: b4:69:5f:9d:9d:8 - November 4, 2022, 5:16 pm
-------------------------
User Mac: 78:81:02:ba:fa:1 - November 4, 2022, 5:17 pm
-------------------------
User Mac: b4:69:5f:9d:9d:8 - November 4, 2022, 5:17 pm
-------------------------
User Mac: b4:69:5f:9d:9d:8 - November 4, 2022, 5:17 pm
-------------------------
User Mac: 78:81:02:ba:fa:1 - November 4, 2022, 5:17 pm
-------------------------
User Mac: 78:81:02:ba:fa:1 - November 4, 2022, 5:18 pm
-------------------------
User Mac: 78:81:02:ba:fa:1 - November 4, 2022, 5:18 pm
-------------------------
User Mac: 78:81:02:ba:fa:1 - November 4, 2022, 5:18 pm
-------------------------
User Mac: b4:69:5f:9d:9d:8 - November 4, 2022, 5:18 pm
-------------------------
User Mac: b4:69:5f:9d:9d:8 - November 4, 2022, 5:18 pm
-------------------------
User Mac: b4:69:5f:9d:9d:8 - November 4, 2022, 5:18 pm
-------------------------
User Mac: 78:81:02:ba:fa:1 - November 4, 2022, 5:18 pm
-------------------------
User Mac: 78:81:02:ba:fa:1 - November 4, 2022, 5:18 pm
-------------------------
User Mac: 78:81:02:ba:fa:1 - November 4, 2022, 5:18 pm
-------------------------
User Mac: b4:69:5f:9d:9d:8 - November 4, 2022, 5:19 pm
-------------------------
User Mac: b4:69:5f:9d:9d:8 - November 4, 2022, 5:19 pm
-------------------------
User Mac: 78:81:02:ba:fa:1 - November 4, 2022, 5:19 pm
-------------------------
User Mac: 78:81:02:ba:fa:1 - November 4, 2022, 5:19 pm
-------------------------
User Mac: b4:69:5f:9d:9d:8 - November 4, 2022, 5:19 pm
-------------------------
