User Mac: hhddh - November 2, 2022, 6:31 am
-------------------------
User Mac:  - November 2, 2022, 6:31 am
-------------------------
User Mac: 0c:b6:d2:46:b1:d - November 2, 2022, 6:32 am
-------------------------
User Mac: 0c:b6:d2:46:b1:d - November 2, 2022, 6:32 am
-------------------------
User Mac: 0c:b6:d2:46:b1:d - November 2, 2022, 6:32 am
-------------------------
User Mac: 0c:b6:d2:46:b1:d - November 2, 2022, 6:34 am
-------------------------
User Mac: 0c:b6:d2:46:b1:d - November 2, 2022, 6:34 am
-------------------------
User Mac:  - November 2, 2022, 6:34 am
-------------------------
User Mac:  - November 2, 2022, 6:34 am
-------------------------
User Mac:  - November 2, 2022, 6:38 am
-------------------------
User Mac:  - November 2, 2022, 6:38 am
-------------------------
User Mac:  - November 2, 2022, 6:39 am
-------------------------
User Mac:  - November 2, 2022, 6:39 am
-------------------------
User Mac:  - November 2, 2022, 6:39 am
-------------------------
User Mac:  - November 2, 2022, 6:39 am
-------------------------
User Mac:  - November 2, 2022, 6:39 am
-------------------------
User Mac:  - November 2, 2022, 6:39 am
-------------------------
User Mac:  - November 2, 2022, 6:41 am
-------------------------
User Mac:  - November 2, 2022, 6:41 am
-------------------------
User Mac:  - November 2, 2022, 6:45 am
-------------------------
User Mac:  - November 2, 2022, 6:45 am
-------------------------
User Mac: 0c:b6:d2:46:b1:d - November 2, 2022, 6:45 am
-------------------------
User Mac:  - November 2, 2022, 6:45 am
-------------------------
User Mac:  - November 2, 2022, 6:45 am
-------------------------
User Mac: 0c:b6:d2:46:b1:d - November 2, 2022, 6:45 am
-------------------------
User Mac: 0c:b6:d2:46:b1:d - November 2, 2022, 6:58 am
-------------------------
User Mac:  - November 2, 2022, 6:58 am
-------------------------
User Mac:  - November 2, 2022, 6:59 am
-------------------------
User Mac: 0c:b6:d2:46:b1:d - November 2, 2022, 6:59 am
-------------------------
User Mac: 0c:b6:d2:46:b1:d - November 2, 2022, 6:59 am
-------------------------
User Mac:  - November 2, 2022, 6:59 am
-------------------------
User Mac: 0c:b6:d2:46:b1:d - November 2, 2022, 6:59 am
-------------------------
User Mac: 0c:b6:d2:46:b1:d - November 2, 2022, 6:59 am
-------------------------
User Mac:  - November 2, 2022, 6:59 am
-------------------------
User Mac:  - November 2, 2022, 7:01 am
-------------------------
User Mac: 0c:b6:d2:46:b1:d - November 2, 2022, 7:01 am
-------------------------
User Mac:  - November 2, 2022, 7:09 am
-------------------------
User Mac:  - November 2, 2022, 7:09 am
-------------------------
User Mac: 0c:b6:d2:46:b1:d - November 2, 2022, 7:09 am
-------------------------
User Mac:  - November 2, 2022, 7:13 am
-------------------------
User Mac: 0c:b6:d2:46:b1:d - November 2, 2022, 7:13 am
-------------------------
User Mac: 0c:b6:d2:46:b1:d - November 2, 2022, 7:13 am
-------------------------
User Mac:  - November 2, 2022, 7:13 am
-------------------------
User Mac:  - November 2, 2022, 7:14 am
-------------------------
User Mac:  - November 2, 2022, 7:14 am
-------------------------
User Mac:  - November 2, 2022, 7:14 am
-------------------------
User Mac:  - November 2, 2022, 7:15 am
-------------------------
User Mac:  - November 2, 2022, 7:15 am
-------------------------
User Mac:  - November 2, 2022, 7:15 am
-------------------------
User Mac:  - November 2, 2022, 7:22 am
-------------------------
User Mac: 0c:b6:d2:46:b1:d - November 2, 2022, 7:22 am
-------------------------
User Mac:  - November 2, 2022, 7:22 am
-------------------------
User Mac: 0c:b6:d2:46:b1:d - November 2, 2022, 7:22 am
-------------------------
User Mac: 0c:b6:d2:46:b1:d - November 2, 2022, 7:24 am
-------------------------
User Mac:  - November 2, 2022, 7:24 am
-------------------------
User Mac:  - November 2, 2022, 7:24 am
-------------------------
User Mac:  - November 2, 2022, 7:24 am
-------------------------
User Mac:  - November 2, 2022, 7:24 am
-------------------------
User Mac:  - November 2, 2022, 7:24 am
-------------------------
User Mac: 0c:b6:d2:46:b1:d - November 2, 2022, 7:24 am
-------------------------
User Mac: 0c:b6:d2:46:b1:d - November 2, 2022, 7:24 am
-------------------------
User Mac:  - November 2, 2022, 7:33 am
-------------------------
User Mac:  - November 2, 2022, 7:33 am
-------------------------
User Mac:  - November 2, 2022, 7:33 am
-------------------------
User Mac:  - November 2, 2022, 7:33 am
-------------------------
User Mac: 0c:b6:d2:46:b1:d - November 2, 2022, 7:34 am
-------------------------
User Mac: 0c:b6:d2:46:b1:d - November 2, 2022, 7:34 am
-------------------------
User Mac: 0c:b6:d2:46:b1:d - November 2, 2022, 7:34 am
-------------------------
User Mac:  - November 2, 2022, 7:35 am
-------------------------
User Mac: 0c:b6:d2:46:b1:d - November 2, 2022, 7:35 am
-------------------------
User Mac: 0c:b6:d2:46:b1:d - November 2, 2022, 7:39 am
-------------------------
User Mac:  - November 2, 2022, 7:39 am
-------------------------
User Mac:  - November 2, 2022, 7:39 am
-------------------------
User Mac:  - November 2, 2022, 7:39 am
-------------------------
User Mac: 0c:b6:d2:46:b1:d - November 2, 2022, 7:39 am
-------------------------
User Mac: 0c:b6:d2:46:b1:d - November 2, 2022, 7:39 am
-------------------------
User Mac:  - November 2, 2022, 7:40 am
-------------------------
User Mac:  - November 2, 2022, 7:40 am
-------------------------
User Mac: 0c:b6:d2:46:b1:d - November 2, 2022, 7:47 am
-------------------------
User Mac: 0c:b6:d2:46:b1:d - November 2, 2022, 7:48 am
-------------------------
User Mac: 0c:b6:d2:46:b1:d - November 2, 2022, 7:48 am
-------------------------
User Mac: hhddh - November 2, 2022, 7:49 am
-------------------------
User Mac:  - November 2, 2022, 7:49 am
-------------------------
User Mac:  - November 2, 2022, 7:49 am
-------------------------
User Mac:  - November 2, 2022, 7:49 am
-------------------------
User Mac:  - November 2, 2022, 7:49 am
-------------------------
User Mac:  - November 2, 2022, 8:02 am
-------------------------
User Mac: 0c:b6:d2:46:b1:d - November 2, 2022, 8:03 am
-------------------------
User Mac:  - November 2, 2022, 8:03 am
-------------------------
User Mac:  - November 2, 2022, 8:20 am
-------------------------
User Mac: 0c:b6:d2:46:b1:d - November 2, 2022, 8:20 am
-------------------------
User Mac:  - November 2, 2022, 8:20 am
-------------------------
User Mac: 0c:b6:d2:46:b1:d - November 2, 2022, 8:20 am
-------------------------
User Mac:  - November 2, 2022, 8:22 am
-------------------------
User Mac: 0c:b6:d2:46:b1:d - November 2, 2022, 8:22 am
-------------------------
User Mac: 0c:b6:d2:46:b1:d - November 2, 2022, 8:23 am
-------------------------
User Mac:  - November 2, 2022, 8:23 am
-------------------------
User Mac: 0c:b6:d2:46:b1:d - November 2, 2022, 8:23 am
-------------------------
User Mac:  - November 2, 2022, 8:24 am
-------------------------
User Mac: 0c:b6:d2:46:b1:d - November 2, 2022, 9:07 am
-------------------------
User Mac:  - November 2, 2022, 9:08 am
-------------------------
User Mac:  - November 2, 2022, 9:08 am
-------------------------
User Mac:  - November 2, 2022, 9:08 am
-------------------------
User Mac:  - November 2, 2022, 9:09 am
-------------------------
User Mac: 0c:b6:d2:46:b1:d - November 2, 2022, 9:09 am
-------------------------
User Mac: 0c:b6:d2:46:b1:d - November 2, 2022, 9:09 am
-------------------------
User Mac: 0c:b6:d2:46:b1:d - November 2, 2022, 9:09 am
-------------------------
User Mac: 0c:b6:d2:46:b1:d - November 2, 2022, 9:09 am
-------------------------
User Mac: 0c:b6:d2:46:b1:d - November 2, 2022, 9:09 am
-------------------------
User Mac: 0c:b6:d2:46:b1:d - November 2, 2022, 9:09 am
-------------------------
User Mac: 0c:b6:d2:46:b1:d - November 2, 2022, 9:09 am
-------------------------
User Mac: 0c:b6:d2:46:b1:d - November 2, 2022, 9:09 am
-------------------------
User Mac: 0c:b6:d2:46:b1:d - November 2, 2022, 9:09 am
-------------------------
User Mac: 0c:b6:d2:46:b1:d - November 2, 2022, 9:09 am
-------------------------
User Mac: 0c:b6:d2:46:b1:d - November 2, 2022, 9:09 am
-------------------------
User Mac: 0c:b6:d2:46:b1:d - November 2, 2022, 9:09 am
-------------------------
User Mac: 0c:b6:d2:46:b1:d - November 2, 2022, 9:09 am
-------------------------
User Mac: 0c:b6:d2:46:b1:d - November 2, 2022, 9:09 am
-------------------------
User Mac: 0c:b6:d2:46:b1:d - November 2, 2022, 9:10 am
-------------------------
User Mac: 0c:b6:d2:46:b1:d - November 2, 2022, 9:10 am
-------------------------
User Mac: 0c:b6:d2:46:b1:d - November 2, 2022, 9:10 am
-------------------------
User Mac: 0c:b6:d2:46:b1:d - November 2, 2022, 9:10 am
-------------------------
User Mac: 0c:b6:d2:46:b1:d - November 2, 2022, 9:10 am
-------------------------
User Mac: 0c:b6:d2:46:b1:d - November 2, 2022, 9:10 am
-------------------------
User Mac: 0c:b6:d2:46:b1:d - November 2, 2022, 9:11 am
-------------------------
User Mac: 0c:b6:d2:46:b1:d - November 2, 2022, 9:11 am
-------------------------
User Mac: 0c:b6:d2:46:b1:d - November 2, 2022, 9:11 am
-------------------------
User Mac: 0c:b6:d2:46:b1:d - November 2, 2022, 9:11 am
-------------------------
User Mac: 0c:b6:d2:46:b1:d - November 2, 2022, 9:11 am
-------------------------
User Mac: 0c:b6:d2:46:b1:d - November 2, 2022, 9:15 am
-------------------------
User Mac: 0c:b6:d2:46:b1:d - November 2, 2022, 9:15 am
-------------------------
User Mac: 0c:b6:d2:46:b1:d - November 2, 2022, 9:15 am
-------------------------
User Mac: 0c:b6:d2:46:b1:d - November 2, 2022, 9:15 am
-------------------------
User Mac: 0c:b6:d2:46:b1:d - November 2, 2022, 9:15 am
-------------------------
User Mac: 0c:b6:d2:46:b1:d - November 2, 2022, 9:15 am
-------------------------
User Mac: 0c:b6:d2:46:b1:d - November 2, 2022, 9:15 am
-------------------------
User Mac: 0c:b6:d2:46:b1:d - November 2, 2022, 9:15 am
-------------------------
User Mac: 0c:b6:d2:46:b1:d - November 2, 2022, 9:15 am
-------------------------
User Mac: 0c:b6:d2:46:b1:d - November 2, 2022, 9:16 am
-------------------------
User Mac: 0c:b6:d2:46:b1:d - November 2, 2022, 9:16 am
-------------------------
User Mac:  - November 2, 2022, 9:16 am
-------------------------
User Mac: 0c:b6:d2:46:b1:d - November 2, 2022, 9:19 am
-------------------------
User Mac: 0c:b6:d2:46:b1:d - November 2, 2022, 9:19 am
-------------------------
User Mac: 0c:b6:d2:46:b1:d - November 2, 2022, 9:19 am
-------------------------
User Mac: 0c:b6:d2:46:b1:d - November 2, 2022, 9:19 am
-------------------------
User Mac: 0c:b6:d2:46:b1:d - November 2, 2022, 9:19 am
-------------------------
User Mac: 0c:b6:d2:46:b1:d - November 2, 2022, 9:19 am
-------------------------
User Mac: 0c:b6:d2:46:b1:d - November 2, 2022, 9:19 am
-------------------------
User Mac: 0c:b6:d2:46:b1:d - November 2, 2022, 9:19 am
-------------------------
User Mac: 0c:b6:d2:46:b1:d - November 2, 2022, 9:19 am
-------------------------
User Mac: 0c:b6:d2:46:b1:d - November 2, 2022, 9:19 am
-------------------------
User Mac: 0c:b6:d2:46:b1:d - November 2, 2022, 9:23 am
-------------------------
User Mac: 0c:b6:d2:46:b1:d - November 2, 2022, 9:23 am
-------------------------
User Mac: 0c:b6:d2:46:b1:d - November 2, 2022, 9:26 am
-------------------------
User Mac: 0c:b6:d2:46:b1:d - November 2, 2022, 9:26 am
-------------------------
User Mac: 0c:b6:d2:46:b1:d - November 2, 2022, 9:26 am
-------------------------
User Mac: 0c:b6:d2:46:b1:d - November 2, 2022, 9:26 am
-------------------------
User Mac: 0c:b6:d2:46:b1:d - November 2, 2022, 9:26 am
-------------------------
User Mac: 0c:b6:d2:46:b1:d - November 2, 2022, 9:26 am
-------------------------
User Mac: 0c:b6:d2:46:b1:d - November 2, 2022, 9:26 am
-------------------------
User Mac: 0c:b6:d2:46:b1:d - November 2, 2022, 9:27 am
-------------------------
User Mac: 0c:b6:d2:46:b1:d - November 2, 2022, 9:27 am
-------------------------
User Mac: 0c:b6:d2:46:b1:d - November 2, 2022, 9:29 am
-------------------------
User Mac: 0c:b6:d2:46:b1:d - November 2, 2022, 9:29 am
-------------------------
User Mac: 0c:b6:d2:46:b1:d - November 2, 2022, 9:29 am
-------------------------
User Mac:  - November 2, 2022, 9:35 am
-------------------------
User Mac:  - November 2, 2022, 9:35 am
-------------------------
User Mac: 0c:b6:d2:46:b1:d - November 2, 2022, 9:37 am
-------------------------
User Mac: 0c:b6:d2:46:b1:d - November 2, 2022, 9:39 am
-------------------------
User Mac: 0c:b6:d2:46:b1:d - November 2, 2022, 9:39 am
-------------------------
User Mac:  - November 2, 2022, 9:39 am
-------------------------
User Mac:  - November 2, 2022, 9:39 am
-------------------------
User Mac: 0c:b6:d2:46:b1:d - November 2, 2022, 9:43 am
-------------------------
User Mac:  - November 2, 2022, 9:46 am
-------------------------
User Mac: 0c:b6:d2:46:b1:d - November 2, 2022, 9:46 am
-------------------------
User Mac: 0c:b6:d2:46:b1:d - November 2, 2022, 9:48 am
-------------------------
User Mac:  - November 2, 2022, 9:48 am
-------------------------
User Mac: 0c:b6:d2:46:b1:d - November 2, 2022, 9:48 am
-------------------------
User Mac:  - November 2, 2022, 9:48 am
-------------------------
User Mac:  - November 2, 2022, 9:48 am
-------------------------
User Mac: 0c:b6:d2:46:b1:d - November 2, 2022, 9:48 am
-------------------------
User Mac: 0c:b6:d2:46:b1:d - November 2, 2022, 9:49 am
-------------------------
User Mac:  - November 2, 2022, 9:49 am
-------------------------
User Mac: 0c:b6:d2:46:b1:d - November 2, 2022, 9:56 am
-------------------------
User Mac: 0c:b6:d2:46:b1:d - November 2, 2022, 9:56 am
-------------------------
User Mac:  - November 2, 2022, 9:56 am
-------------------------
User Mac:  - November 2, 2022, 9:56 am
-------------------------
User Mac: 0c:b6:d2:46:b1:d - November 2, 2022, 9:56 am
-------------------------
User Mac:  - November 2, 2022, 9:57 am
-------------------------
User Mac:  - November 2, 2022, 9:57 am
-------------------------
User Mac:  - November 2, 2022, 9:57 am
-------------------------
User Mac:  - November 2, 2022, 9:57 am
-------------------------
User Mac: DynamicKipl5Gh - November 2, 2022, 10:00 am
-------------------------
User Mac:  - November 2, 2022, 10:00 am
-------------------------
User Mac: 0c:b6:d2:46:b1:d - November 2, 2022, 10:00 am
-------------------------
User Mac: 0c:b6:d2:46:b1:d - November 2, 2022, 10:00 am
-------------------------
User Mac:  - November 2, 2022, 10:01 am
-------------------------
User Mac: 0c:b6:d2:46:b1:d - November 2, 2022, 10:01 am
-------------------------
User Mac:  - November 2, 2022, 10:01 am
-------------------------
User Mac: 0c:b6:d2:46:b1:d - November 2, 2022, 10:01 am
-------------------------
User Mac: 0c:b6:d2:46:b1:d - November 2, 2022, 10:16 am
-------------------------
User Mac: 0c:b6:d2:46:b1:d - November 2, 2022, 10:25 am
-------------------------
User Mac:  - November 2, 2022, 10:25 am
-------------------------
User Mac: 0c:b6:d2:46:b1:d - November 2, 2022, 10:25 am
-------------------------
User Mac: 0c:b6:d2:46:b1:d - November 2, 2022, 10:26 am
-------------------------
User Mac: 0c:b6:d2:46:b1:d - November 2, 2022, 10:26 am
-------------------------
User Mac: 0c:b6:d2:46:b1:d - November 2, 2022, 10:26 am
-------------------------
User Mac: 0c:b6:d2:46:b1:d - November 2, 2022, 10:29 am
-------------------------
User Mac: 0c:b6:d2:46:b1:d - November 2, 2022, 10:29 am
-------------------------
User Mac: 0c:b6:d2:46:b1:d - November 2, 2022, 10:35 am
-------------------------
User Mac: 0c:b6:d2:46:b1:d - November 2, 2022, 10:35 am
-------------------------
User Mac: 0c:b6:d2:46:b1:d - November 2, 2022, 10:35 am
-------------------------
User Mac:  - November 2, 2022, 10:35 am
-------------------------
User Mac:  - November 2, 2022, 10:35 am
-------------------------
User Mac: 0c:b6:d2:46:b1:d - November 2, 2022, 10:38 am
-------------------------
User Mac: 0c:b6:d2:46:b1:d - November 2, 2022, 10:38 am
-------------------------
User Mac: 0c:b6:d2:46:b1:d - November 2, 2022, 10:38 am
-------------------------
User Mac:  - November 2, 2022, 10:39 am
-------------------------
User Mac: DynamicKipl5Gh - November 2, 2022, 10:39 am
-------------------------
User Mac:  - November 2, 2022, 10:39 am
-------------------------
User Mac:  - November 2, 2022, 10:39 am
-------------------------
User Mac:  - November 2, 2022, 10:46 am
-------------------------
User Mac: 0c:b6:d2:46:b1:d - November 2, 2022, 10:55 am
-------------------------
User Mac: 0c:b6:d2:46:b1:d - November 2, 2022, 10:55 am
-------------------------
User Mac: 0c:b6:d2:46:b1:d - November 2, 2022, 10:55 am
-------------------------
User Mac: 0c:b6:d2:46:b1:d - November 2, 2022, 10:55 am
-------------------------
User Mac: 0c:b6:d2:46:b1:d - November 2, 2022, 10:55 am
-------------------------
User Mac: 0c:b6:d2:46:b1:d - November 2, 2022, 10:55 am
-------------------------
User Mac: 0c:b6:d2:46:b1:d - November 2, 2022, 10:55 am
-------------------------
User Mac: 0c:b6:d2:46:b1:d - November 2, 2022, 10:55 am
-------------------------
User Mac: 0c:b6:d2:46:b1:d - November 2, 2022, 10:55 am
-------------------------
User Mac: 0c:b6:d2:46:b1:d - November 2, 2022, 10:55 am
-------------------------
User Mac: 0c:b6:d2:46:b1:d - November 2, 2022, 10:55 am
-------------------------
User Mac: 0c:b6:d2:46:b1:d - November 2, 2022, 10:55 am
-------------------------
User Mac:  - November 2, 2022, 10:57 am
-------------------------
User Mac: 0c:b6:d2:46:b1:d - November 2, 2022, 10:57 am
-------------------------
User Mac: 0c:b6:d2:46:b1:d - November 2, 2022, 10:57 am
-------------------------
User Mac:  - November 2, 2022, 10:57 am
-------------------------
User Mac: 0c:b6:d2:46:b1:d - November 2, 2022, 10:57 am
-------------------------
User Mac: 0c:b6:d2:46:b1:d - November 2, 2022, 10:58 am
-------------------------
User Mac: 0c:b6:d2:46:b1:d - November 2, 2022, 10:58 am
-------------------------
User Mac:  - November 2, 2022, 10:58 am
-------------------------
User Mac: 0c:b6:d2:46:b1:d - November 2, 2022, 10:58 am
-------------------------
User Mac:  - November 2, 2022, 10:58 am
-------------------------
User Mac: 0c:b6:d2:46:b1:d - November 2, 2022, 10:59 am
-------------------------
User Mac:  - November 2, 2022, 10:59 am
-------------------------
User Mac: 0c:b6:d2:46:b1:d - November 2, 2022, 10:59 am
-------------------------
User Mac: 0c:b6:d2:46:b1:d - November 2, 2022, 10:59 am
-------------------------
User Mac: DynamicKipl5Gh - November 2, 2022, 10:59 am
-------------------------
User Mac:  - November 2, 2022, 10:59 am
-------------------------
User Mac:  - November 2, 2022, 10:59 am
-------------------------
User Mac: 0c:b6:d2:46:b1:d - November 2, 2022, 10:59 am
-------------------------
User Mac:  - November 2, 2022, 10:59 am
-------------------------
User Mac: 0c:b6:d2:46:b1:d - November 2, 2022, 10:59 am
-------------------------
User Mac: 0c:b6:d2:46:b1:d - November 2, 2022, 11:00 am
-------------------------
User Mac:  - November 2, 2022, 11:00 am
-------------------------
User Mac: 0c:b6:d2:46:b1:d - November 2, 2022, 11:00 am
-------------------------
User Mac:  - November 2, 2022, 11:00 am
-------------------------
User Mac:  - November 2, 2022, 11:03 am
-------------------------
User Mac: 0c:b6:d2:46:b1:d - November 2, 2022, 11:06 am
-------------------------
User Mac:  - November 2, 2022, 11:06 am
-------------------------
User Mac: 0c:b6:d2:46:b1:d - November 2, 2022, 11:06 am
-------------------------
User Mac: 0c:b6:d2:46:b1:d - November 2, 2022, 11:06 am
-------------------------
User Mac: 0c:b6:d2:46:b1:d - November 2, 2022, 11:11 am
-------------------------
User Mac: 0c:b6:d2:46:b1:d - November 2, 2022, 11:46 am
-------------------------
User Mac: 0c:b6:d2:46:b1:d - November 2, 2022, 11:46 am
-------------------------
User Mac: 0c:b6:d2:46:b1:d - November 2, 2022, 11:47 am
-------------------------
User Mac: 0c:b6:d2:46:b1:d - November 2, 2022, 11:47 am
-------------------------
User Mac: 0c:b6:d2:46:b1:d - November 2, 2022, 11:47 am
-------------------------
User Mac: 0c:b6:d2:46:b1:d - November 2, 2022, 11:47 am
-------------------------
User Mac: 0c:b6:d2:46:b1:d - November 2, 2022, 11:47 am
-------------------------
User Mac: 0c:b6:d2:46:b1:d - November 2, 2022, 11:47 am
-------------------------
User Mac: 0c:b6:d2:46:b1:d - November 2, 2022, 11:47 am
-------------------------
User Mac: 0c:b6:d2:46:b1:d - November 2, 2022, 11:47 am
-------------------------
User Mac: 0c:b6:d2:46:b1:d - November 2, 2022, 11:47 am
-------------------------
User Mac: 0c:b6:d2:46:b1:d - November 2, 2022, 11:47 am
-------------------------
User Mac: 0c:b6:d2:46:b1:d - November 2, 2022, 11:47 am
-------------------------
User Mac: 0c:b6:d2:46:b1:d - November 2, 2022, 11:47 am
-------------------------
User Mac: 0c:b6:d2:46:b1:d - November 2, 2022, 11:47 am
-------------------------
User Mac: 0c:b6:d2:46:b1:d - November 2, 2022, 11:47 am
-------------------------
User Mac: 0c:b6:d2:46:b1:d - November 2, 2022, 11:47 am
-------------------------
User Mac: 0c:b6:d2:46:b1:d - November 2, 2022, 11:47 am
-------------------------
User Mac: 0c:b6:d2:46:b1:d - November 2, 2022, 11:47 am
-------------------------
User Mac: 0c:b6:d2:46:b1:d - November 2, 2022, 11:47 am
-------------------------
User Mac: 0c:b6:d2:46:b1:d - November 2, 2022, 11:47 am
-------------------------
