User Mac: b4:69:5f:9d:9d:8 - November 8, 2022, 7:54 am
-------------------------
User Mac: hhddh - November 8, 2022, 7:55 am
-------------------------
User Mac:  - November 8, 2022, 7:55 am
-------------------------
User Mac:  - November 8, 2022, 7:55 am
-------------------------
User Mac: hhddh - November 8, 2022, 7:56 am
-------------------------
User Mac:  - November 8, 2022, 7:56 am
-------------------------
User Mac:  - November 8, 2022, 7:56 am
-------------------------
User Mac:  - November 8, 2022, 7:56 am
-------------------------
User Mac:  - November 8, 2022, 8:52 am
-------------------------
User Mac:  - November 8, 2022, 8:52 am
-------------------------
User Mac: 00:13:10:85:fe:0 - November 8, 2022, 9:30 am
-------------------------
User Mac: 00:13:10:85:fe:0 - November 8, 2022, 9:30 am
-------------------------
User Mac: 00:13:10:85:fe:0 - November 8, 2022, 9:30 am
-------------------------
User Mac: 02:00:00:00:00:0 - November 8, 2022, 9:32 am
-------------------------
User Mac:  - November 8, 2022, 9:32 am
-------------------------
User Mac: 02:00:00:00:00:0 - November 8, 2022, 9:32 am
-------------------------
User Mac: 02:00:00:00:00:0 - November 8, 2022, 9:32 am
-------------------------
User Mac: 02:00:00:00:00:0 - November 8, 2022, 9:32 am
-------------------------
User Mac: 02:00:00:00:00:0 - November 8, 2022, 9:33 am
-------------------------
User Mac: 02:00:00:00:00:0 - November 8, 2022, 9:42 am
-------------------------
User Mac:  - November 8, 2022, 9:42 am
-------------------------
User Mac: 02:00:00:00:00:0 - November 8, 2022, 9:42 am
-------------------------
User Mac: 02:00:00:00:00:0 - November 8, 2022, 9:43 am
-------------------------
User Mac: 02:00:00:00:00:0 - November 8, 2022, 9:43 am
-------------------------
User Mac: 02:00:00:00:00:0 - November 8, 2022, 9:44 am
-------------------------
User Mac:  - November 8, 2022, 9:44 am
-------------------------
User Mac: 02:00:00:00:00:0 - November 8, 2022, 9:44 am
-------------------------
User Mac: 02:00:00:00:00:0 - November 8, 2022, 9:44 am
-------------------------
User Mac: 02:00:00:00:00:0 - November 8, 2022, 9:44 am
-------------------------
User Mac:  - November 8, 2022, 9:44 am
-------------------------
User Mac: 02:00:00:00:00:0 - November 8, 2022, 9:44 am
-------------------------
User Mac: 02:00:00:00:00:0 - November 8, 2022, 9:44 am
-------------------------
User Mac: 02:00:00:00:00:0 - November 8, 2022, 9:45 am
-------------------------
User Mac: 02:00:00:00:00:0 - November 8, 2022, 9:45 am
-------------------------
User Mac: 02:00:00:00:00:0 - November 8, 2022, 9:45 am
-------------------------
User Mac: 02:00:00:00:00:0 - November 8, 2022, 9:45 am
-------------------------
User Mac: 02:00:00:00:00:0 - November 8, 2022, 9:45 am
-------------------------
User Mac:  - November 8, 2022, 9:45 am
-------------------------
User Mac: 02:00:00:00:00:0 - November 8, 2022, 9:46 am
-------------------------
User Mac:  - November 8, 2022, 9:46 am
-------------------------
User Mac: 02:00:00:00:00:0 - November 8, 2022, 9:46 am
-------------------------
User Mac: 02:00:00:00:00:0 - November 8, 2022, 9:46 am
-------------------------
User Mac: 02:00:00:00:00:0 - November 8, 2022, 9:46 am
-------------------------
User Mac: 02:00:00:00:00:0 - November 8, 2022, 9:46 am
-------------------------
User Mac:  - November 8, 2022, 11:16 am
-------------------------
User Mac:  - November 8, 2022, 11:16 am
-------------------------
