User Mac: 82:45:58:45:1a:a - November 17, 2022, 5:01 am
-------------------------
User Mac: 82:45:58:45:1a:a - November 17, 2022, 5:01 am
-------------------------
User Mac: 82:45:58:45:1a:a - November 17, 2022, 5:01 am
-------------------------
User Mac: 82:45:58:45:1a:a - November 17, 2022, 5:01 am
-------------------------
User Mac: 82:45:58:45:1a:a - November 17, 2022, 5:03 am
-------------------------
User Mac: 82:45:58:45:1a:a - November 17, 2022, 5:03 am
-------------------------
User Mac: 82:45:58:45:1a:a - November 17, 2022, 5:03 am
-------------------------
User Mac: 82:45:58:45:1a:a - November 17, 2022, 5:03 am
-------------------------
User Mac: 82:45:58:45:1a:a - November 17, 2022, 5:03 am
-------------------------
User Mac: 82:45:58:45:1a:a - November 17, 2022, 5:03 am
-------------------------
User Mac: 82:45:58:45:1a:a - November 17, 2022, 5:03 am
-------------------------
User Mac: 82:45:58:45:1a:a - November 17, 2022, 5:03 am
-------------------------
User Mac: 82:45:58:45:1a:a - November 17, 2022, 5:03 am
-------------------------
User Mac: 82:45:58:45:1a:a - November 17, 2022, 5:03 am
-------------------------
User Mac: 82:45:58:45:1a:a - November 17, 2022, 5:03 am
-------------------------
User Mac: 82:45:58:45:1a:a - November 17, 2022, 5:03 am
-------------------------
User Mac: 82:45:58:45:1a:a - November 17, 2022, 5:12 am
-------------------------
User Mac: 82:45:58:45:1a:a - November 17, 2022, 5:13 am
-------------------------
User Mac: 82:45:58:45:1a:a - November 17, 2022, 5:13 am
-------------------------
User Mac: 82:45:58:45:1a:a - November 17, 2022, 5:13 am
-------------------------
User Mac: 82:45:58:45:1a:a - November 17, 2022, 5:13 am
-------------------------
User Mac: 82:45:58:45:1a:a - November 17, 2022, 5:13 am
-------------------------
User Mac: 82:45:58:45:1a:a - November 17, 2022, 5:56 am
-------------------------
User Mac: 82:45:58:45:1a:a - November 17, 2022, 6:05 am
-------------------------
User Mac: 82:45:58:45:1a:a - November 17, 2022, 6:05 am
-------------------------
User Mac: 82:45:58:45:1a:a - November 17, 2022, 6:06 am
-------------------------
User Mac: 82:45:58:45:1a:a - November 17, 2022, 6:06 am
-------------------------
User Mac: 82:45:58:45:1a:a - November 17, 2022, 6:06 am
-------------------------
User Mac: 82:45:58:45:1a:a - November 17, 2022, 6:19 am
-------------------------
User Mac: 82:45:58:45:1a:a - November 17, 2022, 6:19 am
-------------------------
User Mac: 82:45:58:45:1a:a - November 17, 2022, 6:19 am
-------------------------
User Mac: 82:45:58:45:1a:a - November 17, 2022, 6:19 am
-------------------------
User Mac: 82:45:58:45:1a:a - November 17, 2022, 6:21 am
-------------------------
User Mac: 82:45:58:45:1a:a - November 17, 2022, 6:21 am
-------------------------
User Mac: 82:45:58:45:1a:a - November 17, 2022, 6:29 am
-------------------------
User Mac: 82:45:58:45:1a:a - November 17, 2022, 6:29 am
-------------------------
User Mac: 82:45:58:45:1a:a - November 17, 2022, 6:29 am
-------------------------
User Mac: 82:45:58:45:1a:a - November 17, 2022, 6:29 am
-------------------------
User Mac: 82:45:58:45:1a:a - November 17, 2022, 6:32 am
-------------------------
User Mac: 82:45:58:45:1a:a - November 17, 2022, 6:32 am
-------------------------
User Mac: 82:45:58:45:1a:a - November 17, 2022, 6:33 am
-------------------------
User Mac: 82:45:58:45:1a:a - November 17, 2022, 6:33 am
-------------------------
User Mac: 82:45:58:45:1a:a - November 17, 2022, 6:36 am
-------------------------
User Mac: 82:45:58:45:1a:a - November 17, 2022, 6:37 am
-------------------------
User Mac: 82:45:58:45:1a:a - November 17, 2022, 6:37 am
-------------------------
User Mac: 82:45:58:45:1a:a - November 17, 2022, 6:38 am
-------------------------
User Mac: 82:45:58:45:1a:a - November 17, 2022, 6:40 am
-------------------------
User Mac: 82:45:58:45:1a:a - November 17, 2022, 6:40 am
-------------------------
User Mac: 82:45:58:45:1a:a - November 17, 2022, 6:41 am
-------------------------
User Mac: 82:45:58:45:1a:a - November 17, 2022, 6:41 am
-------------------------
User Mac: 82:45:58:45:1a:a - November 17, 2022, 6:41 am
-------------------------
User Mac: 82:45:58:45:1a:a - November 17, 2022, 6:42 am
-------------------------
User Mac: 82:45:58:45:1a:a - November 17, 2022, 6:44 am
-------------------------
User Mac: 82:45:58:45:1a:a - November 17, 2022, 6:44 am
-------------------------
User Mac: 82:45:58:45:1a:a - November 17, 2022, 6:44 am
-------------------------
User Mac: 82:45:58:45:1a:a - November 17, 2022, 6:44 am
-------------------------
User Mac: 82:45:58:45:1a:a - November 17, 2022, 6:44 am
-------------------------
User Mac: 82:45:58:45:1a:a - November 17, 2022, 6:44 am
-------------------------
User Mac: 82:45:58:45:1a:a - November 17, 2022, 6:45 am
-------------------------
User Mac: 82:45:58:45:1a:a - November 17, 2022, 6:45 am
-------------------------
User Mac: 82:45:58:45:1a:a - November 17, 2022, 6:45 am
-------------------------
User Mac: 82:45:58:45:1a:a - November 17, 2022, 6:45 am
-------------------------
User Mac: 82:45:58:45:1a:a - November 17, 2022, 6:45 am
-------------------------
User Mac: 82:45:58:45:1a:a - November 17, 2022, 6:45 am
-------------------------
User Mac: 82:45:58:45:1a:a - November 17, 2022, 6:45 am
-------------------------
User Mac: 82:45:58:45:1a:a - November 17, 2022, 6:45 am
-------------------------
User Mac: 82:45:58:45:1a:a - November 17, 2022, 6:45 am
-------------------------
User Mac: 82:45:58:45:1a:a - November 17, 2022, 6:45 am
-------------------------
User Mac: 82:45:58:45:1a:a - November 17, 2022, 6:45 am
-------------------------
User Mac: 82:45:58:45:1a:a - November 17, 2022, 6:45 am
-------------------------
User Mac: 82:45:58:45:1a:a - November 17, 2022, 6:47 am
-------------------------
User Mac: 82:45:58:45:1a:a - November 17, 2022, 6:47 am
-------------------------
User Mac: 82:45:58:45:1a:a - November 17, 2022, 6:47 am
-------------------------
User Mac: 82:45:58:45:1a:a - November 17, 2022, 6:47 am
-------------------------
User Mac: 82:45:58:45:1a:a - November 17, 2022, 6:48 am
-------------------------
User Mac: 82:45:58:45:1a:a - November 17, 2022, 6:48 am
-------------------------
User Mac: 82:45:58:45:1a:a - November 17, 2022, 6:48 am
-------------------------
User Mac: 82:45:58:45:1a:a - November 17, 2022, 6:48 am
-------------------------
User Mac: 82:45:58:45:1a:a - November 17, 2022, 6:49 am
-------------------------
User Mac: 82:45:58:45:1a:a - November 17, 2022, 6:49 am
-------------------------
User Mac: 82:45:58:45:1a:a - November 17, 2022, 6:49 am
-------------------------
User Mac: 82:45:58:45:1a:a - November 17, 2022, 6:49 am
-------------------------
User Mac: 82:45:58:45:1a:a - November 17, 2022, 6:50 am
-------------------------
User Mac: 82:45:58:45:1a:a - November 17, 2022, 6:50 am
-------------------------
User Mac: 82:45:58:45:1a:a - November 17, 2022, 6:51 am
-------------------------
User Mac: 82:45:58:45:1a:a - November 17, 2022, 6:51 am
-------------------------
User Mac: 82:45:58:45:1a:a - November 17, 2022, 6:51 am
-------------------------
User Mac: 82:45:58:45:1a:a - November 17, 2022, 6:54 am
-------------------------
User Mac: 82:45:58:45:1a:a - November 17, 2022, 6:54 am
-------------------------
User Mac: 82:45:58:45:1a:a - November 17, 2022, 6:54 am
-------------------------
User Mac: 82:45:58:45:1a:a - November 17, 2022, 6:54 am
-------------------------
User Mac: 82:45:58:45:1a:a - November 17, 2022, 6:55 am
-------------------------
User Mac: 82:45:58:45:1a:a - November 17, 2022, 6:55 am
-------------------------
User Mac: 82:45:58:45:1a:a - November 17, 2022, 6:55 am
-------------------------
User Mac: 82:45:58:45:1a:a - November 17, 2022, 6:56 am
-------------------------
User Mac: 82:45:58:45:1a:a - November 17, 2022, 6:56 am
-------------------------
User Mac: 82:45:58:45:1a:a - November 17, 2022, 6:56 am
-------------------------
User Mac: 82:45:58:45:1a:a - November 17, 2022, 6:56 am
-------------------------
User Mac: 82:45:58:45:1a:a - November 17, 2022, 6:56 am
-------------------------
User Mac: 82:45:58:45:1a:a - November 17, 2022, 6:56 am
-------------------------
User Mac: 82:45:58:45:1a:a - November 17, 2022, 6:57 am
-------------------------
User Mac: 82:45:58:45:1a:a - November 17, 2022, 6:57 am
-------------------------
User Mac: 82:45:58:45:1a:a - November 17, 2022, 6:57 am
-------------------------
User Mac: 82:45:58:45:1a:a - November 17, 2022, 6:57 am
-------------------------
User Mac: 82:45:58:45:1a:a - November 17, 2022, 6:57 am
-------------------------
User Mac: 82:45:58:45:1a:a - November 17, 2022, 6:57 am
-------------------------
User Mac: 82:45:58:45:1a:a - November 17, 2022, 6:57 am
-------------------------
User Mac: 82:45:58:45:1a:a - November 17, 2022, 6:57 am
-------------------------
User Mac: 82:45:58:45:1a:a - November 17, 2022, 6:58 am
-------------------------
User Mac: 82:45:58:45:1a:a - November 17, 2022, 6:58 am
-------------------------
User Mac: 82:45:58:45:1a:a - November 17, 2022, 6:58 am
-------------------------
User Mac: 82:45:58:45:1a:a - November 17, 2022, 7:04 am
-------------------------
User Mac: 82:45:58:45:1a:a - November 17, 2022, 7:06 am
-------------------------
User Mac: 82:45:58:45:1a:a - November 17, 2022, 7:06 am
-------------------------
User Mac: 82:45:58:45:1a:a - November 17, 2022, 7:06 am
-------------------------
User Mac: 82:45:58:45:1a:a - November 17, 2022, 7:06 am
-------------------------
User Mac: 82:45:58:45:1a:a - November 17, 2022, 7:07 am
-------------------------
User Mac: 82:45:58:45:1a:a - November 17, 2022, 7:12 am
-------------------------
User Mac: 82:45:58:45:1a:a - November 17, 2022, 7:12 am
-------------------------
User Mac: 82:45:58:45:1a:a - November 17, 2022, 7:14 am
-------------------------
User Mac: 82:45:58:45:1a:a - November 17, 2022, 7:14 am
-------------------------
User Mac: 82:45:58:45:1a:a - November 17, 2022, 7:14 am
-------------------------
User Mac: 82:45:58:45:1a:a - November 17, 2022, 7:14 am
-------------------------
User Mac: 82:45:58:45:1a:a - November 17, 2022, 7:14 am
-------------------------
User Mac: 82:45:58:45:1a:a - November 17, 2022, 7:14 am
-------------------------
User Mac: 82:45:58:45:1a:a - November 17, 2022, 7:14 am
-------------------------
User Mac: 82:45:58:45:1a:a - November 17, 2022, 7:14 am
-------------------------
User Mac: 82:45:58:45:1a:a - November 17, 2022, 7:14 am
-------------------------
User Mac: 82:45:58:45:1a:a - November 17, 2022, 7:14 am
-------------------------
User Mac: 82:45:58:45:1a:a - November 17, 2022, 7:15 am
-------------------------
User Mac: 82:45:58:45:1a:a - November 17, 2022, 7:15 am
-------------------------
User Mac: 82:45:58:45:1a:a - November 17, 2022, 7:15 am
-------------------------
User Mac: 82:45:58:45:1a:a - November 17, 2022, 7:15 am
-------------------------
User Mac: 82:45:58:45:1a:a - November 17, 2022, 7:15 am
-------------------------
User Mac: 82:45:58:45:1a:a - November 17, 2022, 7:15 am
-------------------------
User Mac: 82:45:58:45:1a:a - November 17, 2022, 7:15 am
-------------------------
User Mac: 82:45:58:45:1a:a - November 17, 2022, 7:15 am
-------------------------
User Mac: 82:45:58:45:1a:a - November 17, 2022, 7:15 am
-------------------------
User Mac: 82:45:58:45:1a:a - November 17, 2022, 7:24 am
-------------------------
User Mac: 82:45:58:45:1a:a - November 17, 2022, 7:24 am
-------------------------
User Mac: 82:45:58:45:1a:a - November 17, 2022, 7:24 am
-------------------------
User Mac: 82:45:58:45:1a:a - November 17, 2022, 7:25 am
-------------------------
User Mac: 82:45:58:45:1a:a - November 17, 2022, 7:25 am
-------------------------
User Mac: 82:45:58:45:1a:a - November 17, 2022, 7:25 am
-------------------------
User Mac: 82:45:58:45:1a:a - November 17, 2022, 7:25 am
-------------------------
User Mac: 82:45:58:45:1a:a - November 17, 2022, 7:25 am
-------------------------
User Mac: 82:45:58:45:1a:a - November 17, 2022, 7:25 am
-------------------------
User Mac: 82:45:58:45:1a:a - November 17, 2022, 7:25 am
-------------------------
User Mac: 82:45:58:45:1a:a - November 17, 2022, 7:25 am
-------------------------
User Mac: 82:45:58:45:1a:a - November 17, 2022, 7:25 am
-------------------------
User Mac: 82:45:58:45:1a:a - November 17, 2022, 7:26 am
-------------------------
User Mac: 82:45:58:45:1a:a - November 17, 2022, 7:26 am
-------------------------
User Mac: 82:45:58:45:1a:a - November 17, 2022, 7:26 am
-------------------------
User Mac: 82:45:58:45:1a:a - November 17, 2022, 7:26 am
-------------------------
User Mac: 82:45:58:45:1a:a - November 17, 2022, 7:26 am
-------------------------
User Mac: 82:45:58:45:1a:a - November 17, 2022, 7:27 am
-------------------------
User Mac: b4:69:5f:9d:9d:8 - November 17, 2022, 8:59 am
-------------------------
User Mac: b4:69:5f:9d:9d:8 - November 17, 2022, 8:59 am
-------------------------
User Mac: 7e:8a:20:88:ac:3 - November 17, 2022, 9:10 am
-------------------------
User Mac: 7e:8a:20:88:ac:3 - November 17, 2022, 9:10 am
-------------------------
User Mac: 7e:8a:20:88:ac:3 - November 17, 2022, 9:10 am
-------------------------
User Mac: 7e:8a:20:88:ac:3 - November 17, 2022, 9:10 am
-------------------------
User Mac: 7e:8a:20:88:ac:3 - November 17, 2022, 9:10 am
-------------------------
User Mac: 7e:8a:20:88:ac:3 - November 17, 2022, 9:14 am
-------------------------
User Mac: 7e:8a:20:88:ac:3 - November 17, 2022, 9:14 am
-------------------------
User Mac: 7e:8a:20:88:ac:3 - November 17, 2022, 9:14 am
-------------------------
User Mac: 7e:8a:20:88:ac:3 - November 17, 2022, 9:14 am
-------------------------
User Mac: 7e:8a:20:88:ac:3 - November 17, 2022, 9:14 am
-------------------------
User Mac: 7e:8a:20:88:ac:3 - November 17, 2022, 9:14 am
-------------------------
User Mac: 7e:8a:20:88:ac:3 - November 17, 2022, 9:14 am
-------------------------
User Mac: 7e:8a:20:88:ac:3 - November 17, 2022, 9:14 am
-------------------------
User Mac: 7e:8a:20:88:ac:3 - November 17, 2022, 9:14 am
-------------------------
User Mac: 7e:8a:20:88:ac:3 - November 17, 2022, 9:15 am
-------------------------
User Mac: 7e:8a:20:88:ac:3 - November 17, 2022, 9:15 am
-------------------------
User Mac: 7e:8a:20:88:ac:3 - November 17, 2022, 9:15 am
-------------------------
User Mac: 7e:8a:20:88:ac:3 - November 17, 2022, 9:15 am
-------------------------
User Mac: 7e:8a:20:88:ac:3 - November 17, 2022, 9:16 am
-------------------------
User Mac: 7e:8a:20:88:ac:3 - November 17, 2022, 9:16 am
-------------------------
User Mac: 7e:8a:20:88:ac:3 - November 17, 2022, 9:16 am
-------------------------
User Mac: 7e:8a:20:88:ac:3 - November 17, 2022, 9:16 am
-------------------------
User Mac: 7e:8a:20:88:ac:3 - November 17, 2022, 9:17 am
-------------------------
User Mac: 7e:8a:20:88:ac:3 - November 17, 2022, 9:17 am
-------------------------
User Mac: 7e:8a:20:88:ac:3 - November 17, 2022, 9:17 am
-------------------------
User Mac: 7e:8a:20:88:ac:3 - November 17, 2022, 9:17 am
-------------------------
User Mac: 7e:8a:20:88:ac:3 - November 17, 2022, 9:17 am
-------------------------
User Mac: 7e:8a:20:88:ac:3 - November 17, 2022, 9:17 am
-------------------------
User Mac: 7e:8a:20:88:ac:3 - November 17, 2022, 9:17 am
-------------------------
User Mac: 7e:8a:20:88:ac:3 - November 17, 2022, 9:17 am
-------------------------
User Mac: 7e:8a:20:88:ac:3 - November 17, 2022, 9:18 am
-------------------------
User Mac: 7e:8a:20:88:ac:3 - November 17, 2022, 9:19 am
-------------------------
User Mac: b4:69:5f:9d:9d:8 - November 17, 2022, 10:01 am
-------------------------
User Mac: b4:69:5f:9d:9d:8 - November 17, 2022, 10:01 am
-------------------------
User Mac: b4:69:5f:9d:9d:8 - November 17, 2022, 10:01 am
-------------------------
User Mac: b4:69:5f:9d:9d:8 - November 17, 2022, 10:02 am
-------------------------
User Mac: 7e:8a:20:88:ac:3 - November 17, 2022, 10:02 am
-------------------------
User Mac: b4:69:5f:9d:9d:8 - November 17, 2022, 10:02 am
-------------------------
User Mac: b4:69:5f:9d:9d:8 - November 17, 2022, 10:02 am
-------------------------
User Mac: b4:69:5f:9d:9d:8 - November 17, 2022, 10:02 am
-------------------------
User Mac: 7e:8a:20:88:ac:3 - November 17, 2022, 10:02 am
-------------------------
User Mac: 7e:8a:20:88:ac:3 - November 17, 2022, 10:02 am
-------------------------
User Mac: 7e:8a:20:88:ac:3 - November 17, 2022, 10:02 am
-------------------------
User Mac: 7e:8a:20:88:ac:3 - November 17, 2022, 10:02 am
-------------------------
User Mac: b4:69:5f:9d:9d:8 - November 17, 2022, 10:02 am
-------------------------
User Mac: 7e:8a:20:88:ac:3 - November 17, 2022, 10:02 am
-------------------------
User Mac: b4:69:5f:9d:9d:8 - November 17, 2022, 10:02 am
-------------------------
User Mac: 7e:8a:20:88:ac:3 - November 17, 2022, 10:02 am
-------------------------
User Mac: b4:69:5f:9d:9d:8 - November 17, 2022, 10:02 am
-------------------------
User Mac: b4:69:5f:9d:9d:8 - November 17, 2022, 10:03 am
-------------------------
User Mac: b4:69:5f:9d:9d:8 - November 17, 2022, 10:03 am
-------------------------
User Mac: b4:69:5f:9d:9d:8 - November 17, 2022, 10:03 am
-------------------------
User Mac: b4:69:5f:9d:9d:8 - November 17, 2022, 10:03 am
-------------------------
User Mac: b4:69:5f:9d:9d:8 - November 17, 2022, 10:04 am
-------------------------
User Mac: b4:69:5f:9d:9d:8 - November 17, 2022, 10:04 am
-------------------------
User Mac: b4:69:5f:9d:9d:8 - November 17, 2022, 10:04 am
-------------------------
User Mac: b4:69:5f:9d:9d:8 - November 17, 2022, 10:04 am
-------------------------
User Mac: b4:69:5f:9d:9d:8 - November 17, 2022, 10:05 am
-------------------------
User Mac: b4:69:5f:9d:9d:8 - November 17, 2022, 10:07 am
-------------------------
User Mac: b4:69:5f:9d:9d:8 - November 17, 2022, 10:07 am
-------------------------
User Mac: b4:69:5f:9d:9d:8 - November 17, 2022, 10:07 am
-------------------------
User Mac: b4:69:5f:9d:9d:8 - November 17, 2022, 10:08 am
-------------------------
User Mac: b4:69:5f:9d:9d:8 - November 17, 2022, 10:08 am
-------------------------
User Mac: b4:69:5f:9d:9d:8 - November 17, 2022, 10:08 am
-------------------------
User Mac: hhddh - November 17, 2022, 10:09 am
-------------------------
User Mac:  - November 17, 2022, 10:09 am
-------------------------
User Mac:  - November 17, 2022, 10:09 am
-------------------------
User Mac: b4:69:5f:9d:9d:8 - November 17, 2022, 10:09 am
-------------------------
User Mac: b4:69:5f:9d:9d:8 - November 17, 2022, 10:09 am
-------------------------
User Mac: b4:69:5f:9d:9d:8 - November 17, 2022, 10:09 am
-------------------------
User Mac: b4:69:5f:9d:9d:8 - November 17, 2022, 10:09 am
-------------------------
User Mac: b4:69:5f:9d:9d:8 - November 17, 2022, 10:09 am
-------------------------
User Mac: b4:69:5f:9d:9d:8 - November 17, 2022, 10:09 am
-------------------------
User Mac: hhddh - November 17, 2022, 10:10 am
-------------------------
User Mac:  - November 17, 2022, 10:10 am
-------------------------
User Mac:  - November 17, 2022, 10:10 am
-------------------------
User Mac: hhddh - November 17, 2022, 10:13 am
-------------------------
User Mac:  - November 17, 2022, 10:13 am
-------------------------
User Mac:  - November 17, 2022, 10:13 am
-------------------------
User Mac:  - November 17, 2022, 10:13 am
-------------------------
User Mac: b4:69:5f:9d:9d:8 - November 17, 2022, 10:14 am
-------------------------
User Mac: b4:69:5f:9d:9d:8 - November 17, 2022, 10:15 am
-------------------------
User Mac: b4:69:5f:9d:9d:8 - November 17, 2022, 10:15 am
-------------------------
User Mac: b4:69:5f:9d:9d:8 - November 17, 2022, 10:15 am
-------------------------
User Mac: b4:69:5f:9d:9d:8 - November 17, 2022, 10:16 am
-------------------------
User Mac: b4:69:5f:9d:9d:8 - November 17, 2022, 10:16 am
-------------------------
User Mac: b4:69:5f:9d:9d:8 - November 17, 2022, 10:18 am
-------------------------
User Mac: b4:69:5f:9d:9d:8 - November 17, 2022, 10:18 am
-------------------------
User Mac: b4:69:5f:9d:9d:8 - November 17, 2022, 10:18 am
-------------------------
User Mac: b4:69:5f:9d:9d:8 - November 17, 2022, 10:18 am
-------------------------
User Mac: b4:69:5f:9d:9d:8 - November 17, 2022, 10:18 am
-------------------------
User Mac: b4:69:5f:9d:9d:8 - November 17, 2022, 10:18 am
-------------------------
User Mac: b4:69:5f:9d:9d:8 - November 17, 2022, 10:20 am
-------------------------
User Mac: b4:69:5f:9d:9d:8 - November 17, 2022, 10:20 am
-------------------------
User Mac: b4:69:5f:9d:9d:8 - November 17, 2022, 10:20 am
-------------------------
User Mac: b4:69:5f:9d:9d:8 - November 17, 2022, 10:20 am
-------------------------
User Mac: b4:69:5f:9d:9d:8 - November 17, 2022, 10:20 am
-------------------------
User Mac: b4:69:5f:9d:9d:8 - November 17, 2022, 10:20 am
-------------------------
User Mac: b4:69:5f:9d:9d:8 - November 17, 2022, 10:20 am
-------------------------
User Mac: b4:69:5f:9d:9d:8 - November 17, 2022, 10:20 am
-------------------------
User Mac: b4:69:5f:9d:9d:8 - November 17, 2022, 10:20 am
-------------------------
User Mac: b4:69:5f:9d:9d:8 - November 17, 2022, 10:21 am
-------------------------
User Mac: b4:69:5f:9d:9d:8 - November 17, 2022, 10:21 am
-------------------------
User Mac: b4:69:5f:9d:9d:8 - November 17, 2022, 10:21 am
-------------------------
User Mac: b4:69:5f:9d:9d:8 - November 17, 2022, 10:21 am
-------------------------
User Mac: b4:69:5f:9d:9d:8 - November 17, 2022, 10:21 am
-------------------------
User Mac: b4:69:5f:9d:9d:8 - November 17, 2022, 10:21 am
-------------------------
User Mac: b4:69:5f:9d:9d:8 - November 17, 2022, 10:21 am
-------------------------
User Mac: b4:69:5f:9d:9d:8 - November 17, 2022, 10:22 am
-------------------------
User Mac: b4:69:5f:9d:9d:8 - November 17, 2022, 10:22 am
-------------------------
User Mac: b4:69:5f:9d:9d:8 - November 17, 2022, 10:22 am
-------------------------
User Mac: b4:69:5f:9d:9d:8 - November 17, 2022, 10:22 am
-------------------------
User Mac: b4:69:5f:9d:9d:8 - November 17, 2022, 10:22 am
-------------------------
User Mac: b4:69:5f:9d:9d:8 - November 17, 2022, 10:37 am
-------------------------
User Mac: b4:69:5f:9d:9d:8 - November 17, 2022, 10:45 am
-------------------------
User Mac: b4:69:5f:9d:9d:8 - November 17, 2022, 10:45 am
-------------------------
User Mac: b4:69:5f:9d:9d:8 - November 17, 2022, 10:45 am
-------------------------
User Mac: b4:69:5f:9d:9d:8 - November 17, 2022, 10:45 am
-------------------------
User Mac: b4:69:5f:9d:9d:8 - November 17, 2022, 10:46 am
-------------------------
User Mac: b4:69:5f:9d:9d:8 - November 17, 2022, 10:46 am
-------------------------
User Mac: b4:69:5f:9d:9d:8 - November 17, 2022, 10:46 am
-------------------------
User Mac: b4:69:5f:9d:9d:8 - November 17, 2022, 10:46 am
-------------------------
User Mac: b4:69:5f:9d:9d:8 - November 17, 2022, 10:46 am
-------------------------
User Mac: b4:69:5f:9d:9d:8 - November 17, 2022, 10:46 am
-------------------------
User Mac: b4:69:5f:9d:9d:8 - November 17, 2022, 10:47 am
-------------------------
User Mac: b4:69:5f:9d:9d:8 - November 17, 2022, 10:47 am
-------------------------
User Mac: b4:69:5f:9d:9d:8 - November 17, 2022, 10:47 am
-------------------------
User Mac: b4:69:5f:9d:9d:8 - November 17, 2022, 10:48 am
-------------------------
User Mac: b4:69:5f:9d:9d:8 - November 17, 2022, 10:48 am
-------------------------
User Mac: b4:69:5f:9d:9d:8 - November 17, 2022, 10:48 am
-------------------------
User Mac: b4:69:5f:9d:9d:8 - November 17, 2022, 10:49 am
-------------------------
User Mac: b4:69:5f:9d:9d:8 - November 17, 2022, 10:49 am
-------------------------
User Mac: b4:69:5f:9d:9d:8 - November 17, 2022, 10:49 am
-------------------------
User Mac: b4:69:5f:9d:9d:8 - November 17, 2022, 10:49 am
-------------------------
User Mac: b4:69:5f:9d:9d:8 - November 17, 2022, 10:50 am
-------------------------
User Mac: b4:69:5f:9d:9d:8 - November 17, 2022, 10:50 am
-------------------------
User Mac: b4:69:5f:9d:9d:8 - November 17, 2022, 10:50 am
-------------------------
User Mac: b4:69:5f:9d:9d:8 - November 17, 2022, 10:50 am
-------------------------
User Mac: b4:69:5f:9d:9d:8 - November 17, 2022, 10:51 am
-------------------------
User Mac: b4:69:5f:9d:9d:8 - November 17, 2022, 10:51 am
-------------------------
User Mac: b4:69:5f:9d:9d:8 - November 17, 2022, 10:51 am
-------------------------
User Mac: b4:69:5f:9d:9d:8 - November 17, 2022, 10:51 am
-------------------------
User Mac: b4:69:5f:9d:9d:8 - November 17, 2022, 10:51 am
-------------------------
User Mac: b4:69:5f:9d:9d:8 - November 17, 2022, 10:51 am
-------------------------
User Mac: b4:69:5f:9d:9d:8 - November 17, 2022, 10:52 am
-------------------------
User Mac: b4:69:5f:9d:9d:8 - November 17, 2022, 10:52 am
-------------------------
User Mac: b4:69:5f:9d:9d:8 - November 17, 2022, 10:52 am
-------------------------
User Mac: d8:fe:e3:73:82:2 - November 17, 2022, 11:44 am
-------------------------
User Mac: d8:fe:e3:73:82:2 - November 17, 2022, 11:44 am
-------------------------
User Mac: d8:fe:e3:73:82:2 - November 17, 2022, 11:44 am
-------------------------
User Mac: d8:fe:e3:73:82:2 - November 17, 2022, 11:44 am
-------------------------
User Mac: d8:fe:e3:73:82:2 - November 17, 2022, 11:45 am
-------------------------
User Mac: d8:fe:e3:73:82:2 - November 17, 2022, 11:45 am
-------------------------
User Mac: d8:fe:e3:73:82:2 - November 17, 2022, 11:45 am
-------------------------
User Mac: d8:fe:e3:73:82:2 - November 17, 2022, 11:45 am
-------------------------
User Mac: d8:fe:e3:73:82:2 - November 17, 2022, 11:45 am
-------------------------
User Mac: d8:fe:e3:73:82:2 - November 17, 2022, 11:46 am
-------------------------
User Mac: d8:fe:e3:73:82:2 - November 17, 2022, 11:46 am
-------------------------
User Mac: d8:fe:e3:73:82:2 - November 17, 2022, 11:46 am
-------------------------
User Mac: d8:fe:e3:73:82:2 - November 17, 2022, 11:46 am
-------------------------
User Mac: d8:fe:e3:73:82:2 - November 17, 2022, 11:46 am
-------------------------
User Mac: d8:fe:e3:73:82:2 - November 17, 2022, 11:49 am
-------------------------
User Mac: d8:fe:e3:73:82:2 - November 17, 2022, 11:49 am
-------------------------
User Mac: hhddh - November 17, 2022, 1:03 pm
-------------------------
User Mac:  - November 17, 2022, 1:03 pm
-------------------------
User Mac:  - November 17, 2022, 1:04 pm
-------------------------
User Mac: hhddh - November 17, 2022, 1:05 pm
-------------------------
User Mac: hhddh - November 17, 2022, 1:16 pm
-------------------------
User Mac:  - November 17, 2022, 1:16 pm
-------------------------
User Mac:  - November 17, 2022, 1:17 pm
-------------------------
User Mac: hhddh - November 17, 2022, 1:18 pm
-------------------------
User Mac:  - November 17, 2022, 1:18 pm
-------------------------
User Mac:  - November 17, 2022, 1:19 pm
-------------------------
User Mac: b4:69:5f:9d:9d:8 - November 17, 2022, 6:37 pm
-------------------------
User Mac: b4:69:5f:9d:9d:8 - November 17, 2022, 7:34 pm
-------------------------
User Mac: b4:69:5f:9d:9d:8 - November 17, 2022, 7:34 pm
-------------------------
