User Mac: 82:45:58:45:1a:a - November 16, 2022, 4:54 am
-------------------------
User Mac: 82:45:58:45:1a:a - November 16, 2022, 5:14 am
-------------------------
User Mac: 82:45:58:45:1a:a - November 16, 2022, 5:15 am
-------------------------
User Mac: 82:45:58:45:1a:a - November 16, 2022, 5:33 am
-------------------------
User Mac:  - November 16, 2022, 12:00 pm
-------------------------
User Mac:  - November 16, 2022, 12:00 pm
-------------------------
User Mac:  - November 16, 2022, 12:00 pm
-------------------------
User Mac:  - November 16, 2022, 12:00 pm
-------------------------
User Mac: 82:45:58:45:1a:a - November 16, 2022, 12:22 pm
-------------------------
User Mac: 82:45:58:45:1a:a - November 16, 2022, 12:23 pm
-------------------------
User Mac: 82:45:58:45:1a:a - November 16, 2022, 12:24 pm
-------------------------
User Mac: 82:45:58:45:1a:a - November 16, 2022, 12:27 pm
-------------------------
User Mac: 38:d5:47:b8:c6:d - November 16, 2022, 12:28 pm
-------------------------
User Mac: 82:45:58:45:1a:a - November 16, 2022, 12:30 pm
-------------------------
User Mac: 82:45:58:45:1a:a - November 16, 2022, 12:30 pm
-------------------------
User Mac: 82:45:58:45:1a:a - November 16, 2022, 12:34 pm
-------------------------
User Mac: 7e:8a:20:88:ac:3 - November 16, 2022, 12:39 pm
-------------------------
User Mac: 7e:8a:20:88:ac:3 - November 16, 2022, 12:39 pm
-------------------------
User Mac: 82:45:58:45:1a:a - November 16, 2022, 12:40 pm
-------------------------
User Mac: 7e:8a:20:88:ac:3 - November 16, 2022, 12:40 pm
-------------------------
User Mac: 7e:8a:20:88:ac:3 - November 16, 2022, 12:40 pm
-------------------------
User Mac: 7e:8a:20:88:ac:3 - November 16, 2022, 12:42 pm
-------------------------
User Mac: 82:45:58:45:1a:a - November 16, 2022, 12:43 pm
-------------------------
User Mac: 7e:8a:20:88:ac:3 - November 16, 2022, 12:44 pm
-------------------------
User Mac: 7e:8a:20:88:ac:3 - November 16, 2022, 12:44 pm
-------------------------
User Mac: 7e:8a:20:88:ac:3 - November 16, 2022, 12:44 pm
-------------------------
User Mac: 7e:8a:20:88:ac:3 - November 16, 2022, 12:45 pm
-------------------------
User Mac: 7e:8a:20:88:ac:3 - November 16, 2022, 12:45 pm
-------------------------
User Mac: 7e:8a:20:88:ac:3 - November 16, 2022, 12:45 pm
-------------------------
User Mac: 7e:8a:20:88:ac:3 - November 16, 2022, 12:46 pm
-------------------------
User Mac: 7e:8a:20:88:ac:3 - November 16, 2022, 12:46 pm
-------------------------
User Mac: 7e:8a:20:88:ac:3 - November 16, 2022, 12:47 pm
-------------------------
User Mac: 7e:8a:20:88:ac:3 - November 16, 2022, 12:47 pm
-------------------------
User Mac: 7e:8a:20:88:ac:3 - November 16, 2022, 12:47 pm
-------------------------
User Mac: 82:45:58:45:1a:a - November 16, 2022, 12:48 pm
-------------------------
User Mac: 38:d5:47:b8:c6:d - November 16, 2022, 12:48 pm
-------------------------
User Mac: 82:45:58:45:1a:a - November 16, 2022, 12:48 pm
-------------------------
User Mac: 7e:8a:20:88:ac:3 - November 16, 2022, 12:48 pm
-------------------------
User Mac: 7e:8a:20:88:ac:3 - November 16, 2022, 12:49 pm
-------------------------
User Mac: 7e:8a:20:88:ac:3 - November 16, 2022, 12:52 pm
-------------------------
User Mac: 7e:8a:20:88:ac:3 - November 16, 2022, 1:10 pm
-------------------------
User Mac: 82:45:58:45:1a:a - November 16, 2022, 1:15 pm
-------------------------
User Mac: 82:45:58:45:1a:a - November 16, 2022, 1:16 pm
-------------------------
User Mac: 82:45:58:45:1a:a - November 16, 2022, 1:17 pm
-------------------------
User Mac: 82:45:58:45:1a:a - November 16, 2022, 1:17 pm
-------------------------
User Mac: 82:45:58:45:1a:a - November 16, 2022, 1:18 pm
-------------------------
User Mac: 82:45:58:45:1a:a - November 16, 2022, 1:19 pm
-------------------------
User Mac: 82:45:58:45:1a:a - November 16, 2022, 1:19 pm
-------------------------
User Mac: 82:45:58:45:1a:a - November 16, 2022, 1:21 pm
-------------------------
User Mac: 82:45:58:45:1a:a - November 16, 2022, 1:22 pm
-------------------------
User Mac: 82:45:58:45:1a:a - November 16, 2022, 1:24 pm
-------------------------
User Mac: 82:45:58:45:1a:a - November 16, 2022, 1:24 pm
-------------------------
User Mac: 82:45:58:45:1a:a - November 16, 2022, 1:24 pm
-------------------------
User Mac: 82:45:58:45:1a:a - November 16, 2022, 1:25 pm
-------------------------
User Mac: 82:45:58:45:1a:a - November 16, 2022, 1:26 pm
-------------------------
User Mac: 82:45:58:45:1a:a - November 16, 2022, 1:26 pm
-------------------------
User Mac: 82:45:58:45:1a:a - November 16, 2022, 1:26 pm
-------------------------
User Mac: 82:45:58:45:1a:a - November 16, 2022, 1:27 pm
-------------------------
User Mac: 82:45:58:45:1a:a - November 16, 2022, 1:28 pm
-------------------------
User Mac: 82:45:58:45:1a:a - November 16, 2022, 1:29 pm
-------------------------
User Mac: 82:45:58:45:1a:a - November 16, 2022, 1:30 pm
-------------------------
User Mac: 82:45:58:45:1a:a - November 16, 2022, 1:31 pm
-------------------------
User Mac: 7e:8a:20:88:ac:3 - November 16, 2022, 1:43 pm
-------------------------
User Mac: 82:45:58:45:1a:a - November 16, 2022, 1:55 pm
-------------------------
User Mac: 82:45:58:45:1a:a - November 16, 2022, 1:55 pm
-------------------------
User Mac: 82:45:58:45:1a:a - November 16, 2022, 1:55 pm
-------------------------
User Mac: 82:45:58:45:1a:a - November 16, 2022, 1:55 pm
-------------------------
User Mac: 82:45:58:45:1a:a - November 16, 2022, 1:55 pm
-------------------------
User Mac: 82:45:58:45:1a:a - November 16, 2022, 1:55 pm
-------------------------
User Mac: 82:45:58:45:1a:a - November 16, 2022, 1:55 pm
-------------------------
User Mac: 82:45:58:45:1a:a - November 16, 2022, 1:55 pm
-------------------------
User Mac: 82:45:58:45:1a:a - November 16, 2022, 1:56 pm
-------------------------
User Mac: 82:45:58:45:1a:a - November 16, 2022, 1:56 pm
-------------------------
