User Mac: b4:69:5f:9d:9d:8 - October 12, 2022, 8:55 am
-------------------------
User Mac: b4:69:5f:9d:9d:8 - October 12, 2022, 8:55 am
-------------------------
User Mac: b4:69:5f:9d:9d:8 - October 12, 2022, 8:55 am
-------------------------
User Mac: 00:13:10:85:fe:0 - October 12, 2022, 12:04 pm
-------------------------
User Mac: 00:13:10:85:fe:0 - October 12, 2022, 12:09 pm
-------------------------
User Mac: 00:13:10:85:fe:0 - October 12, 2022, 12:09 pm
-------------------------
User Mac: 00:13:10:85:fe:0 - October 12, 2022, 12:09 pm
-------------------------
User Mac: 00:13:10:85:fe:0 - October 12, 2022, 12:10 pm
-------------------------
User Mac: 00:13:10:85:fe:0 - October 12, 2022, 12:10 pm
-------------------------
User Mac: 00:13:10:85:fe:0 - October 12, 2022, 12:10 pm
-------------------------
User Mac: 00:13:10:85:fe:0 - October 12, 2022, 12:10 pm
-------------------------
User Mac: 00:13:10:85:fe:0 - October 12, 2022, 12:10 pm
-------------------------
User Mac: 00:13:10:85:fe:0 - October 12, 2022, 12:10 pm
-------------------------
User Mac: 00:13:10:85:fe:0 - October 12, 2022, 12:10 pm
-------------------------
User Mac: 00:13:10:85:fe:0 - October 12, 2022, 12:11 pm
-------------------------
User Mac: 00:13:10:85:fe:0 - October 12, 2022, 12:11 pm
-------------------------
User Mac: 00:13:10:85:fe:0 - October 12, 2022, 12:11 pm
-------------------------
User Mac: a8:da:0c:54:75:c - October 12, 2022, 12:22 pm
-------------------------
User Mac: a8:da:0c:54:75:c - October 12, 2022, 12:22 pm
-------------------------
User Mac: a8:da:0c:54:75:c - October 12, 2022, 12:22 pm
-------------------------
User Mac: a8:da:0c:54:75:c - October 12, 2022, 12:22 pm
-------------------------
User Mac: a8:da:0c:54:75:c - October 12, 2022, 12:22 pm
-------------------------
User Mac: a8:da:0c:54:75:c - October 12, 2022, 12:22 pm
-------------------------
User Mac: b4:69:5f:9d:9d:8 - October 12, 2022, 12:55 pm
-------------------------
User Mac: b4:69:5f:9d:9d:8 - October 12, 2022, 12:55 pm
-------------------------
