User Mac:  - November 15, 2022, 6:22 am
-------------------------
User Mac:  - November 15, 2022, 6:23 am
-------------------------
User Mac:  - November 15, 2022, 6:23 am
-------------------------
User Mac:  - November 15, 2022, 6:23 am
-------------------------
User Mac:  - November 15, 2022, 6:23 am
-------------------------
User Mac:  - November 15, 2022, 6:23 am
-------------------------
User Mac:  - November 15, 2022, 6:23 am
-------------------------
User Mac:  - November 15, 2022, 6:23 am
-------------------------
User Mac:  - November 15, 2022, 6:23 am
-------------------------
User Mac:  - November 15, 2022, 6:24 am
-------------------------
User Mac:  - November 15, 2022, 6:24 am
-------------------------
User Mac:  - November 15, 2022, 6:25 am
-------------------------
User Mac:  - November 15, 2022, 6:25 am
-------------------------
User Mac:  - November 15, 2022, 6:25 am
-------------------------
User Mac:  - November 15, 2022, 6:25 am
-------------------------
User Mac:  - November 15, 2022, 6:25 am
-------------------------
User Mac:  - November 15, 2022, 6:25 am
-------------------------
User Mac:  - November 15, 2022, 6:26 am
-------------------------
User Mac:  - November 15, 2022, 6:26 am
-------------------------
User Mac:  - November 15, 2022, 6:29 am
-------------------------
User Mac:  - November 15, 2022, 6:29 am
-------------------------
User Mac: hhddh - November 15, 2022, 6:42 am
-------------------------
User Mac:  - November 15, 2022, 6:42 am
-------------------------
User Mac:  - November 15, 2022, 6:42 am
-------------------------
User Mac: 82:45:58:45:1a:a - November 15, 2022, 6:51 am
-------------------------
User Mac: 82:45:58:45:1a:a - November 15, 2022, 6:51 am
-------------------------
User Mac: 82:45:58:45:1a:a - November 15, 2022, 6:52 am
-------------------------
User Mac: 82:45:58:45:1a:a - November 15, 2022, 6:52 am
-------------------------
User Mac: 82:45:58:45:1a:a - November 15, 2022, 6:52 am
-------------------------
User Mac: 82:45:58:45:1a:a - November 15, 2022, 6:52 am
-------------------------
User Mac: 82:45:58:45:1a:a - November 15, 2022, 6:52 am
-------------------------
User Mac: 82:45:58:45:1a:a - November 15, 2022, 6:52 am
-------------------------
User Mac: hhddh - November 15, 2022, 6:53 am
-------------------------
User Mac:  - November 15, 2022, 6:53 am
-------------------------
User Mac:  - November 15, 2022, 6:53 am
-------------------------
User Mac:  - November 15, 2022, 6:53 am
-------------------------
User Mac:  - November 15, 2022, 6:55 am
-------------------------
User Mac:  - November 15, 2022, 6:56 am
-------------------------
User Mac:  - November 15, 2022, 7:15 am
-------------------------
User Mac:  - November 15, 2022, 7:15 am
-------------------------
User Mac:  - November 15, 2022, 7:16 am
-------------------------
User Mac: 82:45:58:45:1a:a - November 15, 2022, 7:19 am
-------------------------
User Mac: 82:45:58:45:1a:a - November 15, 2022, 7:19 am
-------------------------
User Mac: 82:45:58:45:1a:a - November 15, 2022, 7:19 am
-------------------------
User Mac: 82:45:58:45:1a:a - November 15, 2022, 7:20 am
-------------------------
User Mac: hhddh - November 15, 2022, 7:24 am
-------------------------
User Mac:  - November 15, 2022, 7:24 am
-------------------------
User Mac:  - November 15, 2022, 7:24 am
-------------------------
User Mac:  - November 15, 2022, 7:24 am
-------------------------
User Mac:  - November 15, 2022, 7:24 am
-------------------------
User Mac:  - November 15, 2022, 7:24 am
-------------------------
User Mac:  - November 15, 2022, 7:24 am
-------------------------
User Mac:  - November 15, 2022, 7:24 am
-------------------------
User Mac:  - November 15, 2022, 7:24 am
-------------------------
User Mac:  - November 15, 2022, 7:24 am
-------------------------
User Mac:  - November 15, 2022, 7:24 am
-------------------------
User Mac:  - November 15, 2022, 7:24 am
-------------------------
User Mac: 82:45:58:45:1a:a - November 15, 2022, 7:25 am
-------------------------
User Mac: 82:45:58:45:1a:a - November 15, 2022, 7:25 am
-------------------------
User Mac:  - November 15, 2022, 7:25 am
-------------------------
User Mac:  - November 15, 2022, 7:25 am
-------------------------
User Mac:  - November 15, 2022, 7:27 am
-------------------------
User Mac:  - November 15, 2022, 7:27 am
-------------------------
User Mac:  - November 15, 2022, 7:27 am
-------------------------
User Mac:  - November 15, 2022, 7:27 am
-------------------------
User Mac:  - November 15, 2022, 7:27 am
-------------------------
User Mac:  - November 15, 2022, 7:27 am
-------------------------
User Mac:  - November 15, 2022, 7:27 am
-------------------------
User Mac:  - November 15, 2022, 7:27 am
-------------------------
User Mac:  - November 15, 2022, 7:27 am
-------------------------
User Mac:  - November 15, 2022, 7:27 am
-------------------------
User Mac:  - November 15, 2022, 7:27 am
-------------------------
User Mac:  - November 15, 2022, 7:27 am
-------------------------
User Mac:  - November 15, 2022, 7:27 am
-------------------------
User Mac:  - November 15, 2022, 7:28 am
-------------------------
User Mac:  - November 15, 2022, 7:28 am
-------------------------
User Mac:  - November 15, 2022, 7:29 am
-------------------------
User Mac:  - November 15, 2022, 7:29 am
-------------------------
User Mac:  - November 15, 2022, 7:29 am
-------------------------
User Mac:  - November 15, 2022, 7:29 am
-------------------------
User Mac:  - November 15, 2022, 7:29 am
-------------------------
User Mac:  - November 15, 2022, 7:29 am
-------------------------
User Mac: 82:45:58:45:1a:a - November 15, 2022, 7:30 am
-------------------------
User Mac: 82:45:58:45:1a:a - November 15, 2022, 7:30 am
-------------------------
User Mac:  - November 15, 2022, 7:30 am
-------------------------
User Mac:  - November 15, 2022, 7:30 am
-------------------------
User Mac: 82:45:58:45:1a:a - November 15, 2022, 7:30 am
-------------------------
User Mac:  - November 15, 2022, 7:30 am
-------------------------
User Mac:  - November 15, 2022, 7:30 am
-------------------------
User Mac: 82:45:58:45:1a:a - November 15, 2022, 7:30 am
-------------------------
User Mac:  - November 15, 2022, 7:30 am
-------------------------
User Mac: 82:45:58:45:1a:a - November 15, 2022, 7:30 am
-------------------------
User Mac:  - November 15, 2022, 7:31 am
-------------------------
User Mac: 82:45:58:45:1a:a - November 15, 2022, 8:37 am
-------------------------
User Mac: 82:45:58:45:1a:a - November 15, 2022, 8:38 am
-------------------------
User Mac: 82:45:58:45:1a:a - November 15, 2022, 8:38 am
-------------------------
User Mac:  - November 15, 2022, 8:42 am
-------------------------
User Mac:  - November 15, 2022, 8:42 am
-------------------------
User Mac:  - November 15, 2022, 8:42 am
-------------------------
User Mac:  - November 15, 2022, 8:42 am
-------------------------
User Mac:  - November 15, 2022, 8:44 am
-------------------------
User Mac:  - November 15, 2022, 8:45 am
-------------------------
User Mac: 82:45:58:45:1a:a - November 15, 2022, 8:47 am
-------------------------
User Mac: 82:45:58:45:1a:a - November 15, 2022, 8:47 am
-------------------------
User Mac: 82:45:58:45:1a:a - November 15, 2022, 8:47 am
-------------------------
User Mac: 82:45:58:45:1a:a - November 15, 2022, 8:48 am
-------------------------
User Mac: 82:45:58:45:1a:a - November 15, 2022, 8:48 am
-------------------------
User Mac: 82:45:58:45:1a:a - November 15, 2022, 8:48 am
-------------------------
User Mac: 82:45:58:45:1a:a - November 15, 2022, 8:48 am
-------------------------
User Mac: 82:45:58:45:1a:a - November 15, 2022, 8:48 am
-------------------------
User Mac: 82:45:58:45:1a:a - November 15, 2022, 8:48 am
-------------------------
User Mac: 82:45:58:45:1a:a - November 15, 2022, 8:48 am
-------------------------
User Mac: 82:45:58:45:1a:a - November 15, 2022, 8:49 am
-------------------------
User Mac: 82:45:58:45:1a:a - November 15, 2022, 8:49 am
-------------------------
User Mac: 82:45:58:45:1a:a - November 15, 2022, 8:49 am
-------------------------
User Mac: 82:45:58:45:1a:a - November 15, 2022, 8:49 am
-------------------------
User Mac: 82:45:58:45:1a:a - November 15, 2022, 8:50 am
-------------------------
User Mac: 82:45:58:45:1a:a - November 15, 2022, 8:50 am
-------------------------
User Mac: 82:45:58:45:1a:a - November 15, 2022, 8:50 am
-------------------------
User Mac: 82:45:58:45:1a:a - November 15, 2022, 8:50 am
-------------------------
User Mac: 82:45:58:45:1a:a - November 15, 2022, 8:50 am
-------------------------
User Mac: 82:45:58:45:1a:a - November 15, 2022, 8:50 am
-------------------------
User Mac: 82:45:58:45:1a:a - November 15, 2022, 8:50 am
-------------------------
User Mac:  - November 15, 2022, 8:50 am
-------------------------
User Mac:  - November 15, 2022, 8:50 am
-------------------------
User Mac:  - November 15, 2022, 8:51 am
-------------------------
User Mac:  - November 15, 2022, 8:51 am
-------------------------
User Mac:  - November 15, 2022, 8:51 am
-------------------------
User Mac:  - November 15, 2022, 8:51 am
-------------------------
User Mac: 82:45:58:45:1a:a - November 15, 2022, 8:51 am
-------------------------
User Mac: 82:45:58:45:1a:a - November 15, 2022, 8:51 am
-------------------------
User Mac: 82:45:58:45:1a:a - November 15, 2022, 8:51 am
-------------------------
User Mac: 82:45:58:45:1a:a - November 15, 2022, 8:51 am
-------------------------
User Mac: 82:45:58:45:1a:a - November 15, 2022, 8:51 am
-------------------------
User Mac: 82:45:58:45:1a:a - November 15, 2022, 8:51 am
-------------------------
User Mac:  - November 15, 2022, 8:51 am
-------------------------
User Mac:  - November 15, 2022, 8:51 am
-------------------------
User Mac:  - November 15, 2022, 8:52 am
-------------------------
User Mac: 82:45:58:45:1a:a - November 15, 2022, 8:53 am
-------------------------
User Mac: 82:45:58:45:1a:a - November 15, 2022, 8:53 am
-------------------------
User Mac: 82:45:58:45:1a:a - November 15, 2022, 8:53 am
-------------------------
User Mac: 82:45:58:45:1a:a - November 15, 2022, 8:53 am
-------------------------
User Mac: 82:45:58:45:1a:a - November 15, 2022, 8:53 am
-------------------------
User Mac: 82:45:58:45:1a:a - November 15, 2022, 8:53 am
-------------------------
User Mac: 82:45:58:45:1a:a - November 15, 2022, 8:53 am
-------------------------
User Mac: 82:45:58:45:1a:a - November 15, 2022, 8:53 am
-------------------------
User Mac: 82:45:58:45:1a:a - November 15, 2022, 8:53 am
-------------------------
User Mac:  - November 15, 2022, 8:53 am
-------------------------
User Mac: 82:45:58:45:1a:a - November 15, 2022, 8:53 am
-------------------------
User Mac: 82:45:58:45:1a:a - November 15, 2022, 8:54 am
-------------------------
User Mac: 82:45:58:45:1a:a - November 15, 2022, 8:54 am
-------------------------
User Mac:  - November 15, 2022, 8:54 am
-------------------------
User Mac: 82:45:58:45:1a:a - November 15, 2022, 8:54 am
-------------------------
User Mac: 82:45:58:45:1a:a - November 15, 2022, 8:54 am
-------------------------
User Mac: 82:45:58:45:1a:a - November 15, 2022, 8:54 am
-------------------------
User Mac: 82:45:58:45:1a:a - November 15, 2022, 8:54 am
-------------------------
User Mac: 82:45:58:45:1a:a - November 15, 2022, 8:54 am
-------------------------
User Mac: 82:45:58:45:1a:a - November 15, 2022, 8:54 am
-------------------------
User Mac:  - November 15, 2022, 8:54 am
-------------------------
User Mac: 82:45:58:45:1a:a - November 15, 2022, 8:55 am
-------------------------
User Mac: 82:45:58:45:1a:a - November 15, 2022, 8:55 am
-------------------------
User Mac: 82:45:58:45:1a:a - November 15, 2022, 8:55 am
-------------------------
User Mac: 82:45:58:45:1a:a - November 15, 2022, 8:55 am
-------------------------
User Mac: 82:45:58:45:1a:a - November 15, 2022, 8:56 am
-------------------------
User Mac: 82:45:58:45:1a:a - November 15, 2022, 8:56 am
-------------------------
User Mac: 82:45:58:45:1a:a - November 15, 2022, 8:56 am
-------------------------
User Mac: 82:45:58:45:1a:a - November 15, 2022, 8:56 am
-------------------------
User Mac: 82:45:58:45:1a:a - November 15, 2022, 8:56 am
-------------------------
User Mac: 82:45:58:45:1a:a - November 15, 2022, 8:56 am
-------------------------
User Mac: 82:45:58:45:1a:a - November 15, 2022, 8:56 am
-------------------------
User Mac: 82:45:58:45:1a:a - November 15, 2022, 8:56 am
-------------------------
User Mac: 82:45:58:45:1a:a - November 15, 2022, 8:56 am
-------------------------
User Mac: 82:45:58:45:1a:a - November 15, 2022, 8:56 am
-------------------------
User Mac: 82:45:58:45:1a:a - November 15, 2022, 8:56 am
-------------------------
User Mac: 82:45:58:45:1a:a - November 15, 2022, 8:56 am
-------------------------
User Mac: 82:45:58:45:1a:a - November 15, 2022, 8:56 am
-------------------------
User Mac: 82:45:58:45:1a:a - November 15, 2022, 8:57 am
-------------------------
User Mac: 82:45:58:45:1a:a - November 15, 2022, 8:57 am
-------------------------
User Mac: 82:45:58:45:1a:a - November 15, 2022, 8:57 am
-------------------------
User Mac: 82:45:58:45:1a:a - November 15, 2022, 8:57 am
-------------------------
User Mac: 82:45:58:45:1a:a - November 15, 2022, 8:57 am
-------------------------
User Mac: 82:45:58:45:1a:a - November 15, 2022, 8:57 am
-------------------------
User Mac: 82:45:58:45:1a:a - November 15, 2022, 8:57 am
-------------------------
User Mac: 82:45:58:45:1a:a - November 15, 2022, 8:57 am
-------------------------
User Mac: 82:45:58:45:1a:a - November 15, 2022, 8:58 am
-------------------------
User Mac: 82:45:58:45:1a:a - November 15, 2022, 8:58 am
-------------------------
User Mac: 82:45:58:45:1a:a - November 15, 2022, 8:59 am
-------------------------
User Mac: 82:45:58:45:1a:a - November 15, 2022, 8:59 am
-------------------------
User Mac: 82:45:58:45:1a:a - November 15, 2022, 8:59 am
-------------------------
User Mac: 82:45:58:45:1a:a - November 15, 2022, 8:59 am
-------------------------
User Mac:  - November 15, 2022, 8:59 am
-------------------------
User Mac:  - November 15, 2022, 8:59 am
-------------------------
User Mac:  - November 15, 2022, 8:59 am
-------------------------
User Mac:  - November 15, 2022, 8:59 am
-------------------------
User Mac: 82:45:58:45:1a:a - November 15, 2022, 9:00 am
-------------------------
User Mac: 82:45:58:45:1a:a - November 15, 2022, 9:01 am
-------------------------
User Mac: 82:45:58:45:1a:a - November 15, 2022, 9:01 am
-------------------------
User Mac: 82:45:58:45:1a:a - November 15, 2022, 9:01 am
-------------------------
User Mac: 82:45:58:45:1a:a - November 15, 2022, 9:01 am
-------------------------
User Mac: 82:45:58:45:1a:a - November 15, 2022, 9:01 am
-------------------------
User Mac: 82:45:58:45:1a:a - November 15, 2022, 9:02 am
-------------------------
User Mac: 82:45:58:45:1a:a - November 15, 2022, 9:04 am
-------------------------
User Mac: 82:45:58:45:1a:a - November 15, 2022, 9:04 am
-------------------------
User Mac: 82:45:58:45:1a:a - November 15, 2022, 9:04 am
-------------------------
User Mac: 82:45:58:45:1a:a - November 15, 2022, 9:04 am
-------------------------
User Mac: 82:45:58:45:1a:a - November 15, 2022, 9:04 am
-------------------------
User Mac: 82:45:58:45:1a:a - November 15, 2022, 9:04 am
-------------------------
User Mac: 82:45:58:45:1a:a - November 15, 2022, 9:04 am
-------------------------
User Mac: 82:45:58:45:1a:a - November 15, 2022, 9:04 am
-------------------------
User Mac: 82:45:58:45:1a:a - November 15, 2022, 9:04 am
-------------------------
User Mac: 82:45:58:45:1a:a - November 15, 2022, 9:04 am
-------------------------
User Mac: 82:45:58:45:1a:a - November 15, 2022, 9:05 am
-------------------------
User Mac: 82:45:58:45:1a:a - November 15, 2022, 9:05 am
-------------------------
User Mac: 82:45:58:45:1a:a - November 15, 2022, 9:06 am
-------------------------
User Mac: 82:45:58:45:1a:a - November 15, 2022, 9:06 am
-------------------------
User Mac: 82:45:58:45:1a:a - November 15, 2022, 9:06 am
-------------------------
User Mac: 82:45:58:45:1a:a - November 15, 2022, 9:07 am
-------------------------
User Mac: 82:45:58:45:1a:a - November 15, 2022, 9:07 am
-------------------------
User Mac: 82:45:58:45:1a:a - November 15, 2022, 9:09 am
-------------------------
User Mac: 82:45:58:45:1a:a - November 15, 2022, 9:10 am
-------------------------
User Mac: 82:45:58:45:1a:a - November 15, 2022, 9:10 am
-------------------------
User Mac: 82:45:58:45:1a:a - November 15, 2022, 9:11 am
-------------------------
User Mac: 82:45:58:45:1a:a - November 15, 2022, 9:11 am
-------------------------
User Mac:  - November 15, 2022, 9:13 am
-------------------------
User Mac:  - November 15, 2022, 9:13 am
-------------------------
User Mac: 82:45:58:45:1a:a - November 15, 2022, 9:14 am
-------------------------
User Mac:  - November 15, 2022, 9:15 am
-------------------------
User Mac:  - November 15, 2022, 9:15 am
-------------------------
User Mac:  - November 15, 2022, 9:15 am
-------------------------
User Mac:  - November 15, 2022, 9:15 am
-------------------------
User Mac:  - November 15, 2022, 9:15 am
-------------------------
User Mac:  - November 15, 2022, 9:15 am
-------------------------
User Mac:  - November 15, 2022, 9:15 am
-------------------------
User Mac:  - November 15, 2022, 9:15 am
-------------------------
User Mac:  - November 15, 2022, 9:16 am
-------------------------
User Mac:  - November 15, 2022, 9:16 am
-------------------------
User Mac:  - November 15, 2022, 9:16 am
-------------------------
User Mac:  - November 15, 2022, 9:16 am
-------------------------
User Mac:  - November 15, 2022, 9:16 am
-------------------------
User Mac:  - November 15, 2022, 9:16 am
-------------------------
User Mac:  - November 15, 2022, 9:16 am
-------------------------
User Mac:  - November 15, 2022, 9:16 am
-------------------------
User Mac:  - November 15, 2022, 9:16 am
-------------------------
User Mac:  - November 15, 2022, 9:16 am
-------------------------
User Mac:  - November 15, 2022, 9:16 am
-------------------------
User Mac:  - November 15, 2022, 9:16 am
-------------------------
User Mac:  - November 15, 2022, 9:17 am
-------------------------
User Mac:  - November 15, 2022, 9:17 am
-------------------------
User Mac:  - November 15, 2022, 9:17 am
-------------------------
User Mac:  - November 15, 2022, 9:17 am
-------------------------
User Mac:  - November 15, 2022, 9:17 am
-------------------------
User Mac:  - November 15, 2022, 9:17 am
-------------------------
User Mac:  - November 15, 2022, 9:17 am
-------------------------
User Mac:  - November 15, 2022, 9:17 am
-------------------------
User Mac:  - November 15, 2022, 9:17 am
-------------------------
User Mac:  - November 15, 2022, 9:17 am
-------------------------
User Mac:  - November 15, 2022, 9:18 am
-------------------------
User Mac:  - November 15, 2022, 9:18 am
-------------------------
User Mac:  - November 15, 2022, 9:18 am
-------------------------
User Mac:  - November 15, 2022, 9:18 am
-------------------------
User Mac:  - November 15, 2022, 9:18 am
-------------------------
User Mac:  - November 15, 2022, 9:18 am
-------------------------
User Mac:  - November 15, 2022, 9:18 am
-------------------------
User Mac:  - November 15, 2022, 9:18 am
-------------------------
User Mac:  - November 15, 2022, 9:26 am
-------------------------
User Mac:  - November 15, 2022, 9:26 am
-------------------------
User Mac:  - November 15, 2022, 9:26 am
-------------------------
User Mac:  - November 15, 2022, 9:46 am
-------------------------
User Mac:  - November 15, 2022, 9:46 am
-------------------------
User Mac:  - November 15, 2022, 9:46 am
-------------------------
User Mac: 82:45:58:45:1a:a - November 15, 2022, 9:49 am
-------------------------
User Mac: 82:45:58:45:1a:a - November 15, 2022, 9:49 am
-------------------------
User Mac:  - November 15, 2022, 9:50 am
-------------------------
User Mac: 82:45:58:45:1a:a - November 15, 2022, 9:50 am
-------------------------
User Mac: 82:45:58:45:1a:a - November 15, 2022, 9:50 am
-------------------------
User Mac: 82:45:58:45:1a:a - November 15, 2022, 9:50 am
-------------------------
User Mac: 82:45:58:45:1a:a - November 15, 2022, 9:50 am
-------------------------
User Mac: 82:45:58:45:1a:a - November 15, 2022, 9:50 am
-------------------------
User Mac: 82:45:58:45:1a:a - November 15, 2022, 9:52 am
-------------------------
User Mac: 82:45:58:45:1a:a - November 15, 2022, 9:52 am
-------------------------
User Mac:  - November 15, 2022, 9:53 am
-------------------------
User Mac:  - November 15, 2022, 9:53 am
-------------------------
User Mac:  - November 15, 2022, 9:53 am
-------------------------
User Mac:  - November 15, 2022, 9:53 am
-------------------------
User Mac:  - November 15, 2022, 9:53 am
-------------------------
User Mac:  - November 15, 2022, 9:53 am
-------------------------
User Mac:  - November 15, 2022, 9:54 am
-------------------------
User Mac:  - November 15, 2022, 9:54 am
-------------------------
User Mac:  - November 15, 2022, 9:54 am
-------------------------
User Mac:  - November 15, 2022, 9:54 am
-------------------------
User Mac:  - November 15, 2022, 9:54 am
-------------------------
User Mac: hhddh - November 15, 2022, 9:57 am
-------------------------
User Mac:  - November 15, 2022, 9:57 am
-------------------------
User Mac:  - November 15, 2022, 9:57 am
-------------------------
User Mac:  - November 15, 2022, 9:57 am
-------------------------
User Mac:  - November 15, 2022, 9:57 am
-------------------------
User Mac:  - November 15, 2022, 9:58 am
-------------------------
User Mac:  - November 15, 2022, 9:58 am
-------------------------
User Mac:  - November 15, 2022, 9:58 am
-------------------------
User Mac:  - November 15, 2022, 9:58 am
-------------------------
User Mac:  - November 15, 2022, 9:58 am
-------------------------
User Mac:  - November 15, 2022, 9:58 am
-------------------------
User Mac:  - November 15, 2022, 9:58 am
-------------------------
User Mac:  - November 15, 2022, 9:58 am
-------------------------
User Mac:  - November 15, 2022, 9:58 am
-------------------------
User Mac:  - November 15, 2022, 9:58 am
-------------------------
User Mac:  - November 15, 2022, 9:58 am
-------------------------
User Mac: 82:45:58:45:1a:a - November 15, 2022, 9:58 am
-------------------------
User Mac: 82:45:58:45:1a:a - November 15, 2022, 9:59 am
-------------------------
User Mac: 82:45:58:45:1a:a - November 15, 2022, 9:59 am
-------------------------
User Mac:  - November 15, 2022, 9:59 am
-------------------------
User Mac:  - November 15, 2022, 9:59 am
-------------------------
User Mac: 82:45:58:45:1a:a - November 15, 2022, 9:59 am
-------------------------
User Mac:  - November 15, 2022, 9:59 am
-------------------------
User Mac:  - November 15, 2022, 9:59 am
-------------------------
User Mac:  - November 15, 2022, 9:59 am
-------------------------
User Mac: 82:45:58:45:1a:a - November 15, 2022, 9:59 am
-------------------------
User Mac:  - November 15, 2022, 9:59 am
-------------------------
User Mac:  - November 15, 2022, 9:59 am
-------------------------
User Mac:  - November 15, 2022, 10:00 am
-------------------------
User Mac: 82:45:58:45:1a:a - November 15, 2022, 10:00 am
-------------------------
User Mac: 82:45:58:45:1a:a - November 15, 2022, 10:00 am
-------------------------
User Mac: hhddh - November 15, 2022, 10:00 am
-------------------------
User Mac: 82:45:58:45:1a:a - November 15, 2022, 10:00 am
-------------------------
User Mac:  - November 15, 2022, 10:00 am
-------------------------
User Mac:  - November 15, 2022, 10:00 am
-------------------------
User Mac: 82:45:58:45:1a:a - November 15, 2022, 10:00 am
-------------------------
User Mac:  - November 15, 2022, 10:01 am
-------------------------
User Mac:  - November 15, 2022, 10:01 am
-------------------------
User Mac: 82:45:58:45:1a:a - November 15, 2022, 10:02 am
-------------------------
User Mac: 82:45:58:45:1a:a - November 15, 2022, 10:02 am
-------------------------
User Mac: 82:45:58:45:1a:a - November 15, 2022, 10:02 am
-------------------------
User Mac: 82:45:58:45:1a:a - November 15, 2022, 10:02 am
-------------------------
User Mac: 82:45:58:45:1a:a - November 15, 2022, 10:02 am
-------------------------
User Mac: 82:45:58:45:1a:a - November 15, 2022, 10:02 am
-------------------------
User Mac: 82:45:58:45:1a:a - November 15, 2022, 10:03 am
-------------------------
User Mac:  - November 15, 2022, 10:03 am
-------------------------
User Mac:  - November 15, 2022, 10:03 am
-------------------------
User Mac: 82:45:58:45:1a:a - November 15, 2022, 10:03 am
-------------------------
User Mac:  - November 15, 2022, 10:03 am
-------------------------
User Mac:  - November 15, 2022, 10:03 am
-------------------------
User Mac: 82:45:58:45:1a:a - November 15, 2022, 10:03 am
-------------------------
User Mac:  - November 15, 2022, 10:03 am
-------------------------
User Mac:  - November 15, 2022, 10:03 am
-------------------------
User Mac:  - November 15, 2022, 10:03 am
-------------------------
User Mac: 82:45:58:45:1a:a - November 15, 2022, 10:03 am
-------------------------
User Mac:  - November 15, 2022, 10:03 am
-------------------------
User Mac:  - November 15, 2022, 10:03 am
-------------------------
User Mac: 82:45:58:45:1a:a - November 15, 2022, 10:03 am
-------------------------
User Mac: 82:45:58:45:1a:a - November 15, 2022, 10:09 am
-------------------------
User Mac: 82:45:58:45:1a:a - November 15, 2022, 10:09 am
-------------------------
User Mac:  - November 15, 2022, 10:18 am
-------------------------
User Mac:  - November 15, 2022, 10:18 am
-------------------------
User Mac:  - November 15, 2022, 10:18 am
-------------------------
User Mac:  - November 15, 2022, 10:19 am
-------------------------
User Mac:  - November 15, 2022, 10:30 am
-------------------------
User Mac:  - November 15, 2022, 10:30 am
-------------------------
User Mac:  - November 15, 2022, 10:30 am
-------------------------
User Mac:  - November 15, 2022, 10:30 am
-------------------------
User Mac:  - November 15, 2022, 10:30 am
-------------------------
User Mac:  - November 15, 2022, 10:30 am
-------------------------
User Mac:  - November 15, 2022, 10:32 am
-------------------------
User Mac:  - November 15, 2022, 10:36 am
-------------------------
User Mac:  - November 15, 2022, 10:36 am
-------------------------
User Mac:  - November 15, 2022, 10:36 am
-------------------------
User Mac: 82:45:58:45:1a:a - November 15, 2022, 10:43 am
-------------------------
User Mac: 82:45:58:45:1a:a - November 15, 2022, 10:45 am
-------------------------
User Mac:  - November 15, 2022, 11:05 am
-------------------------
User Mac:  - November 15, 2022, 11:05 am
-------------------------
User Mac:  - November 15, 2022, 11:05 am
-------------------------
User Mac:  - November 15, 2022, 11:15 am
-------------------------
User Mac:  - November 15, 2022, 11:20 am
-------------------------
User Mac:  - November 15, 2022, 11:38 am
-------------------------
User Mac:  - November 15, 2022, 11:38 am
-------------------------
User Mac:  - November 15, 2022, 11:38 am
-------------------------
User Mac:  - November 15, 2022, 12:00 pm
-------------------------
User Mac:  - November 15, 2022, 12:00 pm
-------------------------
User Mac:  - November 15, 2022, 12:03 pm
-------------------------
User Mac:  - November 15, 2022, 12:03 pm
-------------------------
User Mac:  - November 15, 2022, 12:03 pm
-------------------------
User Mac:  - November 15, 2022, 12:26 pm
-------------------------
User Mac:  - November 15, 2022, 12:26 pm
-------------------------
User Mac:  - November 15, 2022, 12:26 pm
-------------------------
User Mac:  - November 15, 2022, 12:26 pm
-------------------------
User Mac:  - November 15, 2022, 12:30 pm
-------------------------
User Mac:  - November 15, 2022, 12:30 pm
-------------------------
User Mac:  - November 15, 2022, 12:30 pm
-------------------------
User Mac: 82:45:58:45:1a:a - November 15, 2022, 12:32 pm
-------------------------
User Mac:  - November 15, 2022, 1:21 pm
-------------------------
User Mac:  - November 15, 2022, 1:21 pm
-------------------------
User Mac:  - November 15, 2022, 1:21 pm
-------------------------
User Mac:  - November 15, 2022, 1:21 pm
-------------------------
User Mac: 82:45:58:45:1a:a - November 15, 2022, 1:22 pm
-------------------------
User Mac: hhddh - November 15, 2022, 1:22 pm
-------------------------
User Mac: hhddh - November 15, 2022, 1:22 pm
-------------------------
User Mac: hhddh - November 15, 2022, 1:24 pm
-------------------------
User Mac: hhddh - November 15, 2022, 1:27 pm
-------------------------
User Mac: hhddh - November 15, 2022, 1:29 pm
-------------------------
User Mac: hhddh - November 15, 2022, 1:30 pm
-------------------------
User Mac: hhddh - November 15, 2022, 1:30 pm
-------------------------
User Mac: hhddh - November 15, 2022, 1:31 pm
-------------------------
User Mac: hhddh - November 15, 2022, 1:31 pm
-------------------------
User Mac: 82:45:58:45:1a:a - November 15, 2022, 1:31 pm
-------------------------
User Mac: 82:45:58:45:1a:a - November 15, 2022, 1:31 pm
-------------------------
User Mac: 82:45:58:45:1a:a - November 15, 2022, 1:32 pm
-------------------------
User Mac: hhddh - November 15, 2022, 1:32 pm
-------------------------
User Mac: hhddh - November 15, 2022, 1:33 pm
-------------------------
User Mac: hhddh - November 15, 2022, 1:34 pm
-------------------------
User Mac: 7e:8a:20:88:ac:3 - November 15, 2022, 1:35 pm
-------------------------
User Mac: hhddh - November 15, 2022, 1:35 pm
-------------------------
User Mac: 7e:8a:20:88:ac:3 - November 15, 2022, 1:35 pm
-------------------------
User Mac: hhddh - November 15, 2022, 1:35 pm
-------------------------
User Mac: hhddh - November 15, 2022, 1:36 pm
-------------------------
User Mac: hhddh - November 15, 2022, 1:37 pm
-------------------------
User Mac: 7e:8a:20:88:ac:3 - November 15, 2022, 1:38 pm
-------------------------
User Mac: hhddh - November 15, 2022, 1:39 pm
-------------------------
User Mac: hhddh - November 15, 2022, 1:44 pm
-------------------------
User Mac: hhddh - November 15, 2022, 1:55 pm
-------------------------
