User Mac: hhddh - November 7, 2022, 8:34 am
-------------------------
User Mac:  - November 7, 2022, 8:34 am
-------------------------
User Mac:  - November 7, 2022, 8:34 am
-------------------------
User Mac:  - November 7, 2022, 8:34 am
-------------------------
User Mac:  - November 7, 2022, 8:34 am
-------------------------
User Mac:  - November 7, 2022, 8:46 am
-------------------------
User Mac: b4:69:5f:9d:9d:8 - November 7, 2022, 8:47 am
-------------------------
User Mac: b4:69:5f:9d:9d:8 - November 7, 2022, 8:47 am
-------------------------
User Mac: b4:69:5f:9d:9d:8 - November 7, 2022, 8:47 am
-------------------------
User Mac:  - November 7, 2022, 9:27 am
-------------------------
User Mac:  - November 7, 2022, 9:27 am
-------------------------
User Mac:  - November 7, 2022, 9:27 am
-------------------------
User Mac:  - November 7, 2022, 9:27 am
-------------------------
User Mac:  - November 7, 2022, 9:27 am
-------------------------
User Mac:  - November 7, 2022, 9:27 am
-------------------------
User Mac:  - November 7, 2022, 9:27 am
-------------------------
User Mac: b4:69:5f:9d:9d:8 - November 7, 2022, 9:27 am
-------------------------
User Mac: b4:69:5f:9d:9d:8 - November 7, 2022, 9:27 am
-------------------------
User Mac:  - November 7, 2022, 9:27 am
-------------------------
User Mac:  - November 7, 2022, 9:27 am
-------------------------
User Mac:  - November 7, 2022, 9:27 am
-------------------------
User Mac:  - November 7, 2022, 9:27 am
-------------------------
User Mac: b4:69:5f:9d:9d:8 - November 7, 2022, 9:30 am
-------------------------
User Mac: b4:69:5f:9d:9d:8 - November 7, 2022, 9:43 am
-------------------------
User Mac: b4:69:5f:9d:9d:8 - November 7, 2022, 9:43 am
-------------------------
User Mac: b4:69:5f:9d:9d:8 - November 7, 2022, 9:51 am
-------------------------
User Mac: b4:69:5f:9d:9d:8 - November 7, 2022, 9:51 am
-------------------------
User Mac: b4:69:5f:9d:9d:8 - November 7, 2022, 9:52 am
-------------------------
User Mac: b4:69:5f:9d:9d:8 - November 7, 2022, 9:56 am
-------------------------
User Mac: b4:69:5f:9d:9d:8 - November 7, 2022, 9:56 am
-------------------------
User Mac: b4:69:5f:9d:9d:8 - November 7, 2022, 9:57 am
-------------------------
User Mac:  - November 7, 2022, 9:57 am
-------------------------
User Mac:  - November 7, 2022, 9:57 am
-------------------------
User Mac:  - November 7, 2022, 9:57 am
-------------------------
User Mac: b4:69:5f:9d:9d:8 - November 7, 2022, 9:57 am
-------------------------
User Mac: b4:69:5f:9d:9d:8 - November 7, 2022, 9:57 am
-------------------------
User Mac: b4:69:5f:9d:9d:8 - November 7, 2022, 10:01 am
-------------------------
User Mac: 00:13:10:85:fe:0 - November 7, 2022, 10:04 am
-------------------------
User Mac: 00:13:10:85:fe:0 - November 7, 2022, 10:04 am
-------------------------
User Mac: b4:69:5f:9d:9d:8 - November 7, 2022, 10:09 am
-------------------------
User Mac: b4:69:5f:9d:9d:8 - November 7, 2022, 10:09 am
-------------------------
User Mac:  - November 7, 2022, 10:09 am
-------------------------
User Mac:  - November 7, 2022, 10:09 am
-------------------------
User Mac:  - November 7, 2022, 10:09 am
-------------------------
User Mac:  - November 7, 2022, 10:09 am
-------------------------
User Mac: hhddh - November 7, 2022, 10:09 am
-------------------------
User Mac: hhddh - November 7, 2022, 10:10 am
-------------------------
User Mac:  - November 7, 2022, 10:10 am
-------------------------
User Mac:  - November 7, 2022, 10:10 am
-------------------------
User Mac:  - November 7, 2022, 10:10 am
-------------------------
User Mac:  - November 7, 2022, 10:10 am
-------------------------
User Mac:  - November 7, 2022, 10:10 am
-------------------------
User Mac:  - November 7, 2022, 10:10 am
-------------------------
User Mac:  - November 7, 2022, 10:10 am
-------------------------
User Mac:  - November 7, 2022, 10:10 am
-------------------------
User Mac:  - November 7, 2022, 10:10 am
-------------------------
User Mac:  - November 7, 2022, 10:10 am
-------------------------
User Mac:  - November 7, 2022, 10:10 am
-------------------------
User Mac:  - November 7, 2022, 10:11 am
-------------------------
User Mac: hhddh - November 7, 2022, 10:14 am
-------------------------
User Mac:  - November 7, 2022, 10:14 am
-------------------------
User Mac:  - November 7, 2022, 10:14 am
-------------------------
User Mac:  - November 7, 2022, 10:14 am
-------------------------
User Mac:  - November 7, 2022, 10:14 am
-------------------------
User Mac:  - November 7, 2022, 10:14 am
-------------------------
User Mac:  - November 7, 2022, 10:14 am
-------------------------
User Mac:  - November 7, 2022, 10:14 am
-------------------------
User Mac:  - November 7, 2022, 10:14 am
-------------------------
User Mac:  - November 7, 2022, 10:14 am
-------------------------
User Mac:  - November 7, 2022, 10:14 am
-------------------------
User Mac:  - November 7, 2022, 10:14 am
-------------------------
User Mac:  - November 7, 2022, 10:14 am
-------------------------
User Mac:  - November 7, 2022, 10:14 am
-------------------------
User Mac:  - November 7, 2022, 10:15 am
-------------------------
User Mac: 02:00:00:00:00:0 - November 7, 2022, 10:15 am
-------------------------
User Mac: b4:69:5f:9d:9d:8 - November 7, 2022, 10:15 am
-------------------------
User Mac: b4:69:5f:9d:9d:8 - November 7, 2022, 10:15 am
-------------------------
User Mac: b4:69:5f:9d:9d:8 - November 7, 2022, 10:15 am
-------------------------
User Mac: b4:69:5f:9d:9d:8 - November 7, 2022, 10:15 am
-------------------------
User Mac:  - November 7, 2022, 10:15 am
-------------------------
User Mac:  - November 7, 2022, 10:15 am
-------------------------
User Mac:  - November 7, 2022, 10:15 am
-------------------------
User Mac:  - November 7, 2022, 10:15 am
-------------------------
User Mac:  - November 7, 2022, 10:15 am
-------------------------
User Mac:  - November 7, 2022, 10:15 am
-------------------------
User Mac: b4:69:5f:9d:9d:8 - November 7, 2022, 10:16 am
-------------------------
User Mac:  - November 7, 2022, 10:16 am
-------------------------
User Mac: b4:69:5f:9d:9d:8 - November 7, 2022, 10:17 am
-------------------------
User Mac: b4:69:5f:9d:9d:8 - November 7, 2022, 10:17 am
-------------------------
User Mac: b4:69:5f:9d:9d:8 - November 7, 2022, 10:17 am
-------------------------
User Mac: b4:69:5f:9d:9d:8 - November 7, 2022, 10:18 am
-------------------------
User Mac:  - November 7, 2022, 10:19 am
-------------------------
User Mac:  - November 7, 2022, 10:19 am
-------------------------
User Mac:  - November 7, 2022, 10:19 am
-------------------------
User Mac:  - November 7, 2022, 10:19 am
-------------------------
User Mac: b4:69:5f:9d:9d:8 - November 7, 2022, 10:19 am
-------------------------
User Mac:  - November 7, 2022, 10:19 am
-------------------------
User Mac:  - November 7, 2022, 10:19 am
-------------------------
User Mac: b4:69:5f:9d:9d:8 - November 7, 2022, 10:19 am
-------------------------
User Mac:  - November 7, 2022, 10:19 am
-------------------------
User Mac:  - November 7, 2022, 10:27 am
-------------------------
User Mac: b4:69:5f:9d:9d:8 - November 7, 2022, 10:27 am
-------------------------
User Mac: b4:69:5f:9d:9d:8 - November 7, 2022, 10:27 am
-------------------------
User Mac: b4:69:5f:9d:9d:8 - November 7, 2022, 10:27 am
-------------------------
User Mac: b4:69:5f:9d:9d:8 - November 7, 2022, 10:27 am
-------------------------
User Mac:  - November 7, 2022, 10:27 am
-------------------------
User Mac:  - November 7, 2022, 10:28 am
-------------------------
User Mac:  - November 7, 2022, 10:28 am
-------------------------
User Mac:  - November 7, 2022, 10:30 am
-------------------------
User Mac:  - November 7, 2022, 10:30 am
-------------------------
User Mac:  - November 7, 2022, 10:30 am
-------------------------
User Mac:  - November 7, 2022, 10:30 am
-------------------------
User Mac:  - November 7, 2022, 10:30 am
-------------------------
User Mac:  - November 7, 2022, 10:30 am
-------------------------
User Mac:  - November 7, 2022, 10:32 am
-------------------------
User Mac:  - November 7, 2022, 10:32 am
-------------------------
User Mac:  - November 7, 2022, 10:32 am
-------------------------
User Mac:  - November 7, 2022, 10:37 am
-------------------------
User Mac:  - November 7, 2022, 10:38 am
-------------------------
User Mac:  - November 7, 2022, 10:38 am
-------------------------
User Mac:  - November 7, 2022, 10:38 am
-------------------------
User Mac: 02:00:00:00:00:0 - November 7, 2022, 10:38 am
-------------------------
User Mac:  - November 7, 2022, 10:38 am
-------------------------
User Mac: b4:69:5f:9d:9d:8 - November 7, 2022, 10:39 am
-------------------------
User Mac: b4:69:5f:9d:9d:8 - November 7, 2022, 10:39 am
-------------------------
User Mac: b4:69:5f:9d:9d:8 - November 7, 2022, 10:39 am
-------------------------
User Mac: b4:69:5f:9d:9d:8 - November 7, 2022, 10:39 am
-------------------------
User Mac: b4:69:5f:9d:9d:8 - November 7, 2022, 10:39 am
-------------------------
User Mac:  - November 7, 2022, 10:39 am
-------------------------
User Mac:  - November 7, 2022, 10:39 am
-------------------------
User Mac: b4:69:5f:9d:9d:8 - November 7, 2022, 10:39 am
-------------------------
User Mac: b4:69:5f:9d:9d:8 - November 7, 2022, 10:39 am
-------------------------
User Mac:  - November 7, 2022, 10:39 am
-------------------------
User Mac: b4:69:5f:9d:9d:8 - November 7, 2022, 10:39 am
-------------------------
User Mac:  - November 7, 2022, 10:40 am
-------------------------
User Mac:  - November 7, 2022, 10:40 am
-------------------------
User Mac:  - November 7, 2022, 10:43 am
-------------------------
User Mac:  - November 7, 2022, 10:43 am
-------------------------
User Mac:  - November 7, 2022, 10:43 am
-------------------------
User Mac:  - November 7, 2022, 10:43 am
-------------------------
User Mac:  - November 7, 2022, 10:43 am
-------------------------
User Mac: b4:69:5f:9d:9d:8 - November 7, 2022, 10:43 am
-------------------------
User Mac: b4:69:5f:9d:9d:8 - November 7, 2022, 10:43 am
-------------------------
User Mac: b4:69:5f:9d:9d:8 - November 7, 2022, 10:43 am
-------------------------
User Mac: b4:69:5f:9d:9d:8 - November 7, 2022, 10:43 am
-------------------------
User Mac: b4:69:5f:9d:9d:8 - November 7, 2022, 10:43 am
-------------------------
User Mac: b4:69:5f:9d:9d:8 - November 7, 2022, 10:43 am
-------------------------
User Mac: b4:69:5f:9d:9d:8 - November 7, 2022, 10:43 am
-------------------------
User Mac: b4:69:5f:9d:9d:8 - November 7, 2022, 10:43 am
-------------------------
User Mac: b4:69:5f:9d:9d:8 - November 7, 2022, 10:43 am
-------------------------
User Mac:  - November 7, 2022, 10:44 am
-------------------------
User Mac:  - November 7, 2022, 10:44 am
-------------------------
User Mac: hhddh - November 7, 2022, 10:45 am
-------------------------
User Mac:  - November 7, 2022, 10:45 am
-------------------------
User Mac:  - November 7, 2022, 10:45 am
-------------------------
User Mac: b4:69:5f:9d:9d:8 - November 7, 2022, 10:46 am
-------------------------
User Mac: b4:69:5f:9d:9d:8 - November 7, 2022, 10:46 am
-------------------------
User Mac: b4:69:5f:9d:9d:8 - November 7, 2022, 10:46 am
-------------------------
User Mac: b4:69:5f:9d:9d:8 - November 7, 2022, 10:49 am
-------------------------
User Mac: b4:69:5f:9d:9d:8 - November 7, 2022, 10:49 am
-------------------------
User Mac: b4:69:5f:9d:9d:8 - November 7, 2022, 10:49 am
-------------------------
User Mac: 78:81:02:ba:fa:1 - November 7, 2022, 10:52 am
-------------------------
User Mac: 78:81:02:ba:fa:1 - November 7, 2022, 10:52 am
-------------------------
User Mac: b4:69:5f:9d:9d:8 - November 7, 2022, 10:55 am
-------------------------
User Mac: b4:69:5f:9d:9d:8 - November 7, 2022, 10:56 am
-------------------------
User Mac: b4:69:5f:9d:9d:8 - November 7, 2022, 11:02 am
-------------------------
User Mac: 78:81:02:ba:fa:1 - November 7, 2022, 11:02 am
-------------------------
User Mac: 78:81:02:ba:fa:1 - November 7, 2022, 11:03 am
-------------------------
User Mac: 78:81:02:ba:fa:1 - November 7, 2022, 11:22 am
-------------------------
User Mac: 78:81:02:ba:fa:1 - November 7, 2022, 11:22 am
-------------------------
User Mac: 78:81:02:ba:fa:1 - November 7, 2022, 11:22 am
-------------------------
User Mac: 78:81:02:ba:fa:1 - November 7, 2022, 11:23 am
-------------------------
User Mac: 78:81:02:ba:fa:1 - November 7, 2022, 11:25 am
-------------------------
User Mac: 78:81:02:ba:fa:1 - November 7, 2022, 11:27 am
-------------------------
User Mac: 78:81:02:ba:fa:1 - November 7, 2022, 11:28 am
-------------------------
User Mac: b4:69:5f:9d:9d:8 - November 7, 2022, 11:30 am
-------------------------
User Mac: b4:69:5f:9d:9d:8 - November 7, 2022, 11:30 am
-------------------------
User Mac: b4:69:5f:9d:9d:8 - November 7, 2022, 11:30 am
-------------------------
User Mac: 78:81:02:ba:fa:1 - November 7, 2022, 11:32 am
-------------------------
User Mac: 78:81:02:ba:fa:1 - November 7, 2022, 11:32 am
-------------------------
User Mac: 78:81:02:ba:fa:1 - November 7, 2022, 11:32 am
-------------------------
User Mac: 78:81:02:ba:fa:1 - November 7, 2022, 11:32 am
-------------------------
User Mac: 78:81:02:ba:fa:1 - November 7, 2022, 11:32 am
-------------------------
User Mac: 78:81:02:ba:fa:1 - November 7, 2022, 11:32 am
-------------------------
User Mac: 78:81:02:ba:fa:1 - November 7, 2022, 11:32 am
-------------------------
User Mac: 78:81:02:ba:fa:1 - November 7, 2022, 11:33 am
-------------------------
User Mac: 78:81:02:ba:fa:1 - November 7, 2022, 11:33 am
-------------------------
User Mac: 78:81:02:ba:fa:1 - November 7, 2022, 11:33 am
-------------------------
User Mac: 78:81:02:ba:fa:1 - November 7, 2022, 11:33 am
-------------------------
User Mac: 78:81:02:ba:fa:1 - November 7, 2022, 11:33 am
-------------------------
User Mac: 78:81:02:ba:fa:1 - November 7, 2022, 11:34 am
-------------------------
User Mac: 78:81:02:ba:fa:1 - November 7, 2022, 11:34 am
-------------------------
User Mac: 78:81:02:ba:fa:1 - November 7, 2022, 11:34 am
-------------------------
User Mac: 78:81:02:ba:fa:1 - November 7, 2022, 11:34 am
-------------------------
User Mac: 78:81:02:ba:fa:1 - November 7, 2022, 11:34 am
-------------------------
User Mac: 78:81:02:ba:fa:1 - November 7, 2022, 11:34 am
-------------------------
User Mac: 78:81:02:ba:fa:1 - November 7, 2022, 11:34 am
-------------------------
User Mac: 78:81:02:ba:fa:1 - November 7, 2022, 11:34 am
-------------------------
User Mac: 78:81:02:ba:fa:1 - November 7, 2022, 11:34 am
-------------------------
User Mac: 78:81:02:ba:fa:1 - November 7, 2022, 11:34 am
-------------------------
User Mac: 78:81:02:ba:fa:1 - November 7, 2022, 11:35 am
-------------------------
User Mac: 78:81:02:ba:fa:1 - November 7, 2022, 11:35 am
-------------------------
User Mac: 78:81:02:ba:fa:1 - November 7, 2022, 11:35 am
-------------------------
User Mac: 78:81:02:ba:fa:1 - November 7, 2022, 11:35 am
-------------------------
User Mac: 78:81:02:ba:fa:1 - November 7, 2022, 11:35 am
-------------------------
User Mac: 78:81:02:ba:fa:1 - November 7, 2022, 11:38 am
-------------------------
User Mac: 78:81:02:ba:fa:1 - November 7, 2022, 11:45 am
-------------------------
User Mac: 78:81:02:ba:fa:1 - November 7, 2022, 11:45 am
-------------------------
User Mac: 78:81:02:ba:fa:1 - November 7, 2022, 11:45 am
-------------------------
User Mac: 78:81:02:ba:fa:1 - November 7, 2022, 11:45 am
-------------------------
User Mac: 78:81:02:ba:fa:1 - November 7, 2022, 11:46 am
-------------------------
User Mac: 78:81:02:ba:fa:1 - November 7, 2022, 11:48 am
-------------------------
User Mac: 78:81:02:ba:fa:1 - November 7, 2022, 11:48 am
-------------------------
User Mac: 78:81:02:ba:fa:1 - November 7, 2022, 11:49 am
-------------------------
User Mac: 78:81:02:ba:fa:1 - November 7, 2022, 11:49 am
-------------------------
User Mac: 78:81:02:ba:fa:1 - November 7, 2022, 11:49 am
-------------------------
User Mac: 78:81:02:ba:fa:1 - November 7, 2022, 11:49 am
-------------------------
User Mac: 78:81:02:ba:fa:1 - November 7, 2022, 11:49 am
-------------------------
User Mac: 78:81:02:ba:fa:1 - November 7, 2022, 11:49 am
-------------------------
User Mac: 78:81:02:ba:fa:1 - November 7, 2022, 11:49 am
-------------------------
User Mac: 78:81:02:ba:fa:1 - November 7, 2022, 11:49 am
-------------------------
User Mac: 78:81:02:ba:fa:1 - November 7, 2022, 11:49 am
-------------------------
User Mac: 78:81:02:ba:fa:1 - November 7, 2022, 11:49 am
-------------------------
User Mac: 78:81:02:ba:fa:1 - November 7, 2022, 11:49 am
-------------------------
User Mac: 78:81:02:ba:fa:1 - November 7, 2022, 11:50 am
-------------------------
User Mac: 78:81:02:ba:fa:1 - November 7, 2022, 11:50 am
-------------------------
User Mac: 78:81:02:ba:fa:1 - November 7, 2022, 11:50 am
-------------------------
User Mac: 78:81:02:ba:fa:1 - November 7, 2022, 11:50 am
-------------------------
User Mac: 78:81:02:ba:fa:1 - November 7, 2022, 11:51 am
-------------------------
User Mac: 78:81:02:ba:fa:1 - November 7, 2022, 11:51 am
-------------------------
User Mac: 78:81:02:ba:fa:1 - November 7, 2022, 11:51 am
-------------------------
User Mac: 78:81:02:ba:fa:1 - November 7, 2022, 11:51 am
-------------------------
User Mac: 78:81:02:ba:fa:1 - November 7, 2022, 11:51 am
-------------------------
User Mac: 78:81:02:ba:fa:1 - November 7, 2022, 11:51 am
-------------------------
User Mac: 78:81:02:ba:fa:1 - November 7, 2022, 11:51 am
-------------------------
User Mac: 78:81:02:ba:fa:1 - November 7, 2022, 11:51 am
-------------------------
User Mac: 78:81:02:ba:fa:1 - November 7, 2022, 11:51 am
-------------------------
User Mac: 78:81:02:ba:fa:1 - November 7, 2022, 12:10 pm
-------------------------
User Mac: 78:81:02:ba:fa:1 - November 7, 2022, 12:10 pm
-------------------------
User Mac: 78:81:02:ba:fa:1 - November 7, 2022, 12:11 pm
-------------------------
User Mac: 78:81:02:ba:fa:1 - November 7, 2022, 12:11 pm
-------------------------
User Mac: 78:81:02:ba:fa:1 - November 7, 2022, 12:11 pm
-------------------------
User Mac: 78:81:02:ba:fa:1 - November 7, 2022, 12:11 pm
-------------------------
User Mac: 78:81:02:ba:fa:1 - November 7, 2022, 12:11 pm
-------------------------
User Mac: 78:81:02:ba:fa:1 - November 7, 2022, 12:12 pm
-------------------------
User Mac: 78:81:02:ba:fa:1 - November 7, 2022, 12:12 pm
-------------------------
User Mac: 78:81:02:ba:fa:1 - November 7, 2022, 12:12 pm
-------------------------
User Mac: 78:81:02:ba:fa:1 - November 7, 2022, 12:12 pm
-------------------------
User Mac: 78:81:02:ba:fa:1 - November 7, 2022, 12:12 pm
-------------------------
User Mac: 78:81:02:ba:fa:1 - November 7, 2022, 12:12 pm
-------------------------
User Mac: 78:81:02:ba:fa:1 - November 7, 2022, 12:12 pm
-------------------------
User Mac: 78:81:02:ba:fa:1 - November 7, 2022, 12:12 pm
-------------------------
User Mac: 78:81:02:ba:fa:1 - November 7, 2022, 12:12 pm
-------------------------
User Mac: 78:81:02:ba:fa:1 - November 7, 2022, 12:12 pm
-------------------------
User Mac: 78:81:02:ba:fa:1 - November 7, 2022, 12:13 pm
-------------------------
User Mac: 78:81:02:ba:fa:1 - November 7, 2022, 12:13 pm
-------------------------
User Mac: 78:81:02:ba:fa:1 - November 7, 2022, 12:13 pm
-------------------------
User Mac: 78:81:02:ba:fa:1 - November 7, 2022, 12:13 pm
-------------------------
User Mac: 78:81:02:ba:fa:1 - November 7, 2022, 12:13 pm
-------------------------
User Mac: 78:81:02:ba:fa:1 - November 7, 2022, 12:13 pm
-------------------------
User Mac: 78:81:02:ba:fa:1 - November 7, 2022, 12:13 pm
-------------------------
User Mac: 78:81:02:ba:fa:1 - November 7, 2022, 12:13 pm
-------------------------
User Mac: 78:81:02:ba:fa:1 - November 7, 2022, 12:13 pm
-------------------------
