User Mac:  - October 31, 2022, 4:57 am
-------------------------
User Mac:  - October 31, 2022, 4:57 am
-------------------------
User Mac:  - October 31, 2022, 5:05 am
-------------------------
User Mac:  - October 31, 2022, 5:05 am
-------------------------
User Mac:  - October 31, 2022, 5:38 am
-------------------------
User Mac:  - October 31, 2022, 5:39 am
-------------------------
User Mac:  - October 31, 2022, 5:40 am
-------------------------
User Mac:  - October 31, 2022, 5:44 am
-------------------------
User Mac:  - October 31, 2022, 5:48 am
-------------------------
User Mac:  - October 31, 2022, 6:03 am
-------------------------
User Mac:  - October 31, 2022, 6:08 am
-------------------------
User Mac:  - October 31, 2022, 6:12 am
-------------------------
User Mac:  - October 31, 2022, 6:23 am
-------------------------
User Mac:  - October 31, 2022, 6:26 am
-------------------------
User Mac:  - October 31, 2022, 6:33 am
-------------------------
User Mac:  - October 31, 2022, 6:36 am
-------------------------
User Mac:  - October 31, 2022, 6:41 am
-------------------------
User Mac:  - October 31, 2022, 6:50 am
-------------------------
User Mac: hhddh - October 31, 2022, 6:55 am
-------------------------
User Mac:  - October 31, 2022, 6:55 am
-------------------------
User Mac:  - October 31, 2022, 6:58 am
-------------------------
User Mac:  - October 31, 2022, 7:17 am
-------------------------
User Mac:  - October 31, 2022, 7:19 am
-------------------------
User Mac:  - October 31, 2022, 7:26 am
-------------------------
User Mac: hhddh - October 31, 2022, 7:45 am
-------------------------
User Mac:  - October 31, 2022, 7:45 am
-------------------------
User Mac:  - October 31, 2022, 7:53 am
-------------------------
User Mac: hhddh - October 31, 2022, 8:18 am
-------------------------
User Mac:  - October 31, 2022, 8:18 am
-------------------------
User Mac:  - October 31, 2022, 8:20 am
-------------------------
User Mac: hhddh - October 31, 2022, 9:06 am
-------------------------
User Mac:  - October 31, 2022, 9:06 am
-------------------------
User Mac: b0:39:56:5a:a1:b - October 31, 2022, 9:10 am
-------------------------
User Mac: b0:39:56:5a:a1:b - October 31, 2022, 9:10 am
-------------------------
User Mac: hhddh - October 31, 2022, 9:29 am
-------------------------
User Mac:  - October 31, 2022, 9:29 am
-------------------------
User Mac:  - October 31, 2022, 9:59 am
-------------------------
User Mac:  - October 31, 2022, 10:00 am
-------------------------
User Mac:  - October 31, 2022, 10:16 am
-------------------------
User Mac: hhddh - October 31, 2022, 10:29 am
-------------------------
User Mac:  - October 31, 2022, 10:29 am
-------------------------
User Mac:  - October 31, 2022, 10:39 am
-------------------------
User Mac:  - October 31, 2022, 10:41 am
-------------------------
User Mac:  - October 31, 2022, 10:42 am
-------------------------
User Mac:  - October 31, 2022, 10:50 am
-------------------------
User Mac:  - October 31, 2022, 10:54 am
-------------------------
User Mac: hhddh - October 31, 2022, 12:37 pm
-------------------------
User Mac:  - October 31, 2022, 12:37 pm
-------------------------
User Mac:  - October 31, 2022, 12:42 pm
-------------------------
