User Mac:  - September 27, 2022, 5:36 am
-------------------------
User Mac: 00:13:10:85:fe:01 - September 27, 2022, 6:09 am
-------------------------
User Mac: 00:13:10:85:fe:01 - September 27, 2022, 6:09 am
-------------------------
User Mac: 00:13:10:85:fe:01 - September 27, 2022, 6:09 am
-------------------------
User Mac: 00:13:10:85:fe:01 - September 27, 2022, 6:11 am
-------------------------
User Mac: 00:13:10:85:fe:01 - September 27, 2022, 6:13 am
-------------------------
User Mac: 00:13:10:85:fe:01 - September 27, 2022, 6:13 am
-------------------------
User Mac: 00:13:10:85:fe:01 - September 27, 2022, 6:13 am
-------------------------
User Mac: 1:2:000:3 - September 27, 2022, 6:30 am
-------------------------
User Mac: 1:2:000:3 - September 27, 2022, 6:33 am
-------------------------
User Mac: 00:13:10:85:fe:01 - September 27, 2022, 6:35 am
-------------------------
User Mac: 00:13:10:85:fe:01 - September 27, 2022, 6:35 am
-------------------------
User Mac: 00:13:10:85:fe:01 - September 27, 2022, 6:35 am
-------------------------
User Mac: 00:13:10:85:fe:01 - September 27, 2022, 6:35 am
-------------------------
User Mac: 00:13:10:85:fe:01 - September 27, 2022, 6:35 am
-------------------------
User Mac: 00:13:10:85:fe:01 - September 27, 2022, 6:37 am
-------------------------
User Mac: 00:13:10:85:fe:01 - September 27, 2022, 6:37 am
-------------------------
User Mac: 00:13:10:85:fe:01 - September 27, 2022, 6:38 am
-------------------------
User Mac: 00:13:10:85:fe:01 - September 27, 2022, 6:38 am
-------------------------
User Mac: 00:13:10:85:fe:01 - September 27, 2022, 6:38 am
-------------------------
User Mac: 1:2:000:3 - September 27, 2022, 6:38 am
-------------------------
User Mac: 00:13:10:85:fe:01 - September 27, 2022, 6:38 am
-------------------------
User Mac: 00:13:10:85:fe:01 - September 27, 2022, 6:38 am
-------------------------
User Mac: 00:13:10:85:fe:01 - September 27, 2022, 6:39 am
-------------------------
User Mac: 00:13:10:85:fe:01 - September 27, 2022, 6:39 am
-------------------------
User Mac: 00:13:10:85:fe:01 - September 27, 2022, 6:39 am
-------------------------
User Mac: 1:2:000:3 - September 27, 2022, 6:40 am
-------------------------
User Mac: 00:13:10:85:fe:01 - September 27, 2022, 6:41 am
-------------------------
User Mac: 00:13:10:85:fe:01 - September 27, 2022, 6:41 am
-------------------------
User Mac: 00:13:10:85:fe:01 - September 27, 2022, 6:41 am
-------------------------
User Mac: 1:2:000:3 - September 27, 2022, 6:41 am
-------------------------
User Mac: 00:13:10:85:fe:01 - September 27, 2022, 6:41 am
-------------------------
User Mac: 00:13:10:85:fe:01 - September 27, 2022, 6:41 am
-------------------------
User Mac: 00:13:10:85:fe:01 - September 27, 2022, 6:41 am
-------------------------
User Mac: 00:13:10:85:fe:01 - September 27, 2022, 6:42 am
-------------------------
User Mac: 00:13:10:85:fe:01 - September 27, 2022, 6:42 am
-------------------------
User Mac: 00:13:10:85:fe:01 - September 27, 2022, 7:13 am
-------------------------
User Mac: 00:13:10:85:fe:01 - September 27, 2022, 7:13 am
-------------------------
User Mac: 00:13:10:85:fe:01 - September 27, 2022, 7:14 am
-------------------------
User Mac: 00:13:10:85:fe:01 - September 27, 2022, 7:14 am
-------------------------
User Mac: 00:13:10:85:fe:01 - September 27, 2022, 7:19 am
-------------------------
User Mac: 00:13:10:85:fe:01 - September 27, 2022, 7:19 am
-------------------------
User Mac: 00:13:10:85:fe:01 - September 27, 2022, 7:20 am
-------------------------
User Mac: 00:13:10:85:fe:01 - September 27, 2022, 7:20 am
-------------------------
User Mac: 00:13:10:85:fe:01 - September 27, 2022, 7:24 am
-------------------------
User Mac: 00:13:10:85:fe:01 - September 27, 2022, 7:24 am
-------------------------
User Mac: 00:13:10:85:fe:01 - September 27, 2022, 7:34 am
-------------------------
User Mac: 00:13:10:85:fe:01 - September 27, 2022, 7:34 am
-------------------------
User Mac: 00:13:10:85:fe:01 - September 27, 2022, 7:34 am
-------------------------
User Mac: 00:13:10:85:fe:01 - September 27, 2022, 7:35 am
-------------------------
User Mac: 00:13:10:85:fe:01 - September 27, 2022, 7:35 am
-------------------------
User Mac: 00:13:10:85:fe:01 - September 27, 2022, 7:36 am
-------------------------
User Mac: 00:13:10:85:fe:01 - September 27, 2022, 7:36 am
-------------------------
User Mac: 00:13:10:85:fe:01 - September 27, 2022, 7:36 am
-------------------------
User Mac: 00:13:10:85:fe:01 - September 27, 2022, 7:36 am
-------------------------
User Mac: 00:13:10:85:fe:01 - September 27, 2022, 7:37 am
-------------------------
User Mac: 00:13:10:85:fe:01 - September 27, 2022, 7:37 am
-------------------------
User Mac: 00:13:10:85:fe:01 - September 27, 2022, 7:37 am
-------------------------
User Mac: 00:13:10:85:fe:01 - September 27, 2022, 7:37 am
-------------------------
User Mac: 00:13:10:85:fe:01 - September 27, 2022, 7:38 am
-------------------------
User Mac: 00:13:10:85:fe:01 - September 27, 2022, 7:38 am
-------------------------
User Mac: 00:13:10:85:fe:01 - September 27, 2022, 7:54 am
-------------------------
User Mac: 00:13:10:85:fe:01 - September 27, 2022, 7:57 am
-------------------------
User Mac: 00:13:10:85:fe:01 - September 27, 2022, 7:58 am
-------------------------
User Mac: 00:13:10:85:fe:01 - September 27, 2022, 7:58 am
-------------------------
User Mac: 00:13:10:85:fe:01 - September 27, 2022, 7:58 am
-------------------------
User Mac: 00:13:10:85:fe:01 - September 27, 2022, 7:58 am
-------------------------
User Mac: 00:13:10:85:fe:01 - September 27, 2022, 7:59 am
-------------------------
User Mac: 00:13:10:85:fe:01 - September 27, 2022, 7:59 am
-------------------------
User Mac: 00:13:10:85:fe:01 - September 27, 2022, 8:00 am
-------------------------
User Mac: 00:13:10:85:fe:01 - September 27, 2022, 8:00 am
-------------------------
User Mac: 00:13:10:85:fe:01 - September 27, 2022, 8:00 am
-------------------------
User Mac: 00:13:10:85:fe:01 - September 27, 2022, 8:00 am
-------------------------
User Mac: 00:13:10:85:fe:01 - September 27, 2022, 8:00 am
-------------------------
User Mac: 00:13:10:85:fe:01 - September 27, 2022, 8:00 am
-------------------------
User Mac: 00:13:10:85:fe:01 - September 27, 2022, 8:00 am
-------------------------
User Mac: 00:13:10:85:fe:01 - September 27, 2022, 8:01 am
-------------------------
User Mac: 00:13:10:85:fe:01 - September 27, 2022, 8:01 am
-------------------------
User Mac: 00:13:10:85:fe:01 - September 27, 2022, 8:04 am
-------------------------
User Mac: 00:13:10:85:fe:01 - September 27, 2022, 8:04 am
-------------------------
User Mac: 00:13:10:85:fe:01 - September 27, 2022, 8:04 am
-------------------------
User Mac: 00:13:10:85:fe:01 - September 27, 2022, 8:04 am
-------------------------
User Mac: 02:00:00:00:00:00 - September 27, 2022, 8:42 am
-------------------------
User Mac:  - September 27, 2022, 10:07 am
-------------------------
User Mac:  - September 27, 2022, 10:07 am
-------------------------
User Mac: B4:69:5F:9D:9D:8 - September 27, 2022, 10:07 am
-------------------------
User Mac: B4:69:5F:9D:9D:8 - September 27, 2022, 10:08 am
-------------------------
User Mac:  - September 27, 2022, 10:08 am
-------------------------
User Mac: B4:69:5F:9D:9D:8 - September 27, 2022, 10:08 am
-------------------------
User Mac: B4:69:5F:9D:9D:8 - September 27, 2022, 10:08 am
-------------------------
User Mac: C4:69:5F:9D:9D:8 - September 27, 2022, 10:09 am
-------------------------
User Mac: B4:69:5F:9D:9D:8 - September 27, 2022, 10:09 am
-------------------------
User Mac: B4:69:5F:9D:9D:8 - September 27, 2022, 10:15 am
-------------------------
User Mac: 00:13:10:85:fe:0 - September 27, 2022, 10:50 am
-------------------------
User Mac: 00:13:10:85:fe:0 - September 27, 2022, 10:50 am
-------------------------
User Mac: 00:13:10:85:fe:0 - September 27, 2022, 10:51 am
-------------------------
User Mac: 00:13:10:85:fe:0 - September 27, 2022, 10:51 am
-------------------------
User Mac: 00:13:10:85:fe:0 - September 27, 2022, 10:51 am
-------------------------
User Mac: 00:13:10:85:fe:0 - September 27, 2022, 10:51 am
-------------------------
User Mac: 00:13:10:85:fe:0 - September 27, 2022, 10:51 am
-------------------------
User Mac: 00:13:10:85:fe:0 - September 27, 2022, 10:54 am
-------------------------
User Mac: 00:13:10:85:fe:0 - September 27, 2022, 10:54 am
-------------------------
User Mac: 00:13:10:85:fe:0 - September 27, 2022, 10:57 am
-------------------------
User Mac: 00:13:10:85:fe:0 - September 27, 2022, 10:57 am
-------------------------
User Mac: 00:13:10:85:fe:0 - September 27, 2022, 10:59 am
-------------------------
User Mac: 00:13:10:85:fe:0 - September 27, 2022, 10:59 am
-------------------------
User Mac: 00:13:10:85:fe:0 - September 27, 2022, 11:02 am
-------------------------
User Mac: 00:13:10:85:fe:0 - September 27, 2022, 11:03 am
-------------------------
User Mac: 00:13:10:85:fe:0 - September 27, 2022, 11:03 am
-------------------------
User Mac: 00:13:10:85:fe:0 - September 27, 2022, 11:04 am
-------------------------
User Mac: 00:13:10:85:fe:0 - September 27, 2022, 11:04 am
-------------------------
User Mac: 00:13:10:85:fe:0 - September 27, 2022, 11:11 am
-------------------------
User Mac: 00:13:10:85:fe:0 - September 27, 2022, 11:11 am
-------------------------
User Mac: 00:13:10:85:fe:0 - September 27, 2022, 11:11 am
-------------------------
User Mac: 00:13:10:85:fe:0 - September 27, 2022, 11:11 am
-------------------------
User Mac: 00:13:10:85:fe:0 - September 27, 2022, 11:11 am
-------------------------
User Mac: 00:13:10:85:fe:0 - September 27, 2022, 11:11 am
-------------------------
User Mac: 00:13:10:85:fe:0 - September 27, 2022, 11:12 am
-------------------------
User Mac: 02:00:00:00:00:0 - September 27, 2022, 11:17 am
-------------------------
User Mac: 00:13:10:85:fe:0 - September 27, 2022, 11:26 am
-------------------------
User Mac: 00:13:10:85:fe:0 - September 27, 2022, 11:26 am
-------------------------
User Mac: 00:13:10:85:fe:0 - September 27, 2022, 11:26 am
-------------------------
User Mac: 00:13:10:85:fe:0 - September 27, 2022, 11:32 am
-------------------------
User Mac: 00:13:10:85:fe:0 - September 27, 2022, 11:32 am
-------------------------
User Mac: 00:13:10:85:fe:0 - September 27, 2022, 11:39 am
-------------------------
User Mac: 00:13:10:85:fe:0 - September 27, 2022, 11:39 am
-------------------------
User Mac: 00:13:10:85:fe:0 - September 27, 2022, 11:39 am
-------------------------
User Mac: 00:13:10:85:fe:0 - September 27, 2022, 11:39 am
-------------------------
User Mac: 00:13:10:85:fe:0 - September 27, 2022, 11:39 am
-------------------------
User Mac: 00:13:10:85:fe:0 - September 27, 2022, 11:39 am
-------------------------
User Mac: 00:13:10:85:fe:0 - September 27, 2022, 11:39 am
-------------------------
User Mac: 00:13:10:85:fe:0 - September 27, 2022, 11:39 am
-------------------------
User Mac: 00:13:10:85:fe:0 - September 27, 2022, 11:39 am
-------------------------
User Mac: 00:13:10:85:fe:0 - September 27, 2022, 11:40 am
-------------------------
User Mac: 00:13:10:85:fe:0 - September 27, 2022, 11:40 am
-------------------------
User Mac: 00:13:10:85:fe:0 - September 27, 2022, 11:40 am
-------------------------
User Mac: 00:13:10:85:fe:0 - September 27, 2022, 11:41 am
-------------------------
User Mac: 00:13:10:85:fe:0 - September 27, 2022, 11:41 am
-------------------------
User Mac: 00:13:10:85:fe:0 - September 27, 2022, 11:41 am
-------------------------
User Mac: 00:13:10:85:fe:0 - September 27, 2022, 11:43 am
-------------------------
User Mac: 00:13:10:85:fe:0 - September 27, 2022, 11:43 am
-------------------------
User Mac: 00:13:10:85:fe:0 - September 27, 2022, 11:43 am
-------------------------
User Mac: 00:13:10:85:fe:0 - September 27, 2022, 11:43 am
-------------------------
User Mac: 00:13:10:85:fe:0 - September 27, 2022, 11:44 am
-------------------------
User Mac: 00:13:10:85:fe:0 - September 27, 2022, 11:44 am
-------------------------
User Mac: 00:13:10:85:fe:0 - September 27, 2022, 11:44 am
-------------------------
User Mac: 00:13:10:85:fe:0 - September 27, 2022, 11:44 am
-------------------------
User Mac: 00:13:10:85:fe:0 - September 27, 2022, 11:46 am
-------------------------
User Mac: 00:13:10:85:fe:0 - September 27, 2022, 11:46 am
-------------------------
User Mac: 00:13:10:85:fe:0 - September 27, 2022, 11:46 am
-------------------------
User Mac: 00:13:10:85:fe:0 - September 27, 2022, 11:48 am
-------------------------
User Mac: 00:13:10:85:fe:0 - September 27, 2022, 11:48 am
-------------------------
User Mac: 00:13:10:85:fe:0 - September 27, 2022, 11:48 am
-------------------------
User Mac: 00:13:10:85:fe:0 - September 27, 2022, 11:49 am
-------------------------
User Mac: 00:13:10:85:fe:0 - September 27, 2022, 11:51 am
-------------------------
User Mac: 00:13:10:85:fe:0 - September 27, 2022, 11:51 am
-------------------------
User Mac: 00:13:10:85:fe:0 - September 27, 2022, 11:52 am
-------------------------
User Mac: 00:13:10:85:fe:0 - September 27, 2022, 11:52 am
-------------------------
User Mac: 00:13:10:85:fe:0 - September 27, 2022, 11:53 am
-------------------------
User Mac: 00:13:10:85:fe:0 - September 27, 2022, 11:53 am
-------------------------
User Mac: 00:13:10:85:fe:0 - September 27, 2022, 11:53 am
-------------------------
User Mac: 00:13:10:85:fe:0 - September 27, 2022, 11:53 am
-------------------------
User Mac: 00:13:10:85:fe:0 - September 27, 2022, 11:54 am
-------------------------
User Mac: 00:13:10:85:fe:0 - September 27, 2022, 11:54 am
-------------------------
User Mac: 00:13:10:85:fe:0 - September 27, 2022, 11:54 am
-------------------------
User Mac: 00:13:10:85:fe:0 - September 27, 2022, 11:54 am
-------------------------
User Mac: 00:13:10:85:fe:0 - September 27, 2022, 11:54 am
-------------------------
User Mac: 00:13:10:85:fe:0 - September 27, 2022, 11:54 am
-------------------------
User Mac: 00:13:10:85:fe:0 - September 27, 2022, 12:06 pm
-------------------------
User Mac: 00:13:10:85:fe:0 - September 27, 2022, 12:06 pm
-------------------------
User Mac: 00:13:10:85:fe:0 - September 27, 2022, 12:06 pm
-------------------------
User Mac: 00:13:10:85:fe:0 - September 27, 2022, 12:08 pm
-------------------------
User Mac: 00:13:10:85:fe:0 - September 27, 2022, 12:08 pm
-------------------------
User Mac: 00:13:10:85:fe:0 - September 27, 2022, 12:08 pm
-------------------------
User Mac: 00:13:10:85:fe:0 - September 27, 2022, 12:12 pm
-------------------------
User Mac: 00:13:10:85:fe:0 - September 27, 2022, 12:12 pm
-------------------------
User Mac: 00:13:10:85:fe:0 - September 27, 2022, 12:12 pm
-------------------------
User Mac: 00:13:10:85:fe:0 - September 27, 2022, 12:12 pm
-------------------------
User Mac: 00:13:10:85:fe:0 - September 27, 2022, 12:12 pm
-------------------------
User Mac: 00:13:10:85:fe:0 - September 27, 2022, 12:12 pm
-------------------------
User Mac: 00:13:10:85:fe:0 - September 27, 2022, 12:12 pm
-------------------------
User Mac: 00:13:10:85:fe:0 - September 27, 2022, 12:12 pm
-------------------------
User Mac: 00:13:10:85:fe:0 - September 27, 2022, 12:14 pm
-------------------------
User Mac: 00:13:10:85:fe:0 - September 27, 2022, 12:16 pm
-------------------------
User Mac: 00:13:10:85:fe:0 - September 27, 2022, 12:16 pm
-------------------------
User Mac: 00:13:10:85:fe:0 - September 27, 2022, 12:17 pm
-------------------------
User Mac: 00:13:10:85:fe:0 - September 27, 2022, 12:17 pm
-------------------------
User Mac: 00:13:10:85:fe:0 - September 27, 2022, 12:17 pm
-------------------------
User Mac: 00:13:10:85:fe:0 - September 27, 2022, 12:18 pm
-------------------------
User Mac: 00:13:10:85:fe:0 - September 27, 2022, 12:18 pm
-------------------------
User Mac: 00:13:10:85:fe:0 - September 27, 2022, 12:18 pm
-------------------------
User Mac: 00:13:10:85:fe:0 - September 27, 2022, 12:19 pm
-------------------------
User Mac: 00:13:10:85:fe:0 - September 27, 2022, 12:19 pm
-------------------------
User Mac: 00:13:10:85:fe:0 - September 27, 2022, 12:19 pm
-------------------------
User Mac: 00:13:10:85:fe:0 - September 27, 2022, 12:21 pm
-------------------------
User Mac: 00:13:10:85:fe:0 - September 27, 2022, 12:21 pm
-------------------------
User Mac: 00:13:10:85:fe:0 - September 27, 2022, 12:21 pm
-------------------------
User Mac: 00:13:10:85:fe:0 - September 27, 2022, 12:21 pm
-------------------------
User Mac: 00:13:10:85:fe:0 - September 27, 2022, 12:21 pm
-------------------------
User Mac: 00:13:10:85:fe:0 - September 27, 2022, 12:25 pm
-------------------------
User Mac: 00:13:10:85:fe:0 - September 27, 2022, 12:25 pm
-------------------------
User Mac: 00:13:10:85:fe:0 - September 27, 2022, 12:25 pm
-------------------------
User Mac: 00:13:10:85:fe:0 - September 27, 2022, 12:25 pm
-------------------------
User Mac: 00:13:10:85:fe:0 - September 27, 2022, 12:26 pm
-------------------------
User Mac: 00:13:10:85:fe:0 - September 27, 2022, 12:26 pm
-------------------------
User Mac: 00:13:10:85:fe:0 - September 27, 2022, 12:26 pm
-------------------------
User Mac: 00:13:10:85:fe:0 - September 27, 2022, 12:27 pm
-------------------------
User Mac: 00:13:10:85:fe:0 - September 27, 2022, 12:27 pm
-------------------------
User Mac: 00:13:10:85:fe:0 - September 27, 2022, 12:28 pm
-------------------------
User Mac: 00:13:10:85:fe:0 - September 27, 2022, 12:28 pm
-------------------------
User Mac: 00:13:10:85:fe:0 - September 27, 2022, 12:28 pm
-------------------------
User Mac: 00:13:10:85:fe:0 - September 27, 2022, 12:31 pm
-------------------------
User Mac: 00:13:10:85:fe:0 - September 27, 2022, 12:31 pm
-------------------------
User Mac: 00:13:10:85:fe:0 - September 27, 2022, 12:31 pm
-------------------------
User Mac: 00:13:10:85:fe:0 - September 27, 2022, 12:50 pm
-------------------------
User Mac: 00:13:10:85:fe:0 - September 27, 2022, 12:50 pm
-------------------------
User Mac: 00:13:10:85:fe:0 - September 27, 2022, 12:51 pm
-------------------------
User Mac: 00:13:10:85:fe:0 - September 27, 2022, 12:51 pm
-------------------------
User Mac: 00:13:10:85:fe:0 - September 27, 2022, 12:51 pm
-------------------------
User Mac: 00:13:10:85:fe:0 - September 27, 2022, 12:52 pm
-------------------------
User Mac: 00:13:10:85:fe:0 - September 27, 2022, 12:52 pm
-------------------------
User Mac: 00:13:10:85:fe:0 - September 27, 2022, 12:52 pm
-------------------------
User Mac: 00:13:10:85:fe:0 - September 27, 2022, 12:52 pm
-------------------------
User Mac: 00:13:10:85:fe:0 - September 27, 2022, 12:52 pm
-------------------------
User Mac: 00:13:10:85:fe:0 - September 27, 2022, 12:55 pm
-------------------------
User Mac: 00:13:10:85:fe:0 - September 27, 2022, 12:55 pm
-------------------------
User Mac: 00:13:10:85:fe:0 - September 27, 2022, 12:55 pm
-------------------------
User Mac: 00:13:10:85:fe:0 - September 27, 2022, 12:55 pm
-------------------------
User Mac: 00:13:10:85:fe:0 - September 27, 2022, 12:55 pm
-------------------------
User Mac: 00:13:10:85:fe:0 - September 27, 2022, 12:55 pm
-------------------------
User Mac: 00:13:10:85:fe:0 - September 27, 2022, 12:56 pm
-------------------------
User Mac: 00:13:10:85:fe:0 - September 27, 2022, 12:56 pm
-------------------------
User Mac: 00:13:10:85:fe:0 - September 27, 2022, 12:57 pm
-------------------------
User Mac: 00:13:10:85:fe:0 - September 27, 2022, 12:57 pm
-------------------------
User Mac: 00:13:10:85:fe:0 - September 27, 2022, 12:57 pm
-------------------------
User Mac: 00:13:10:85:fe:0 - September 27, 2022, 12:58 pm
-------------------------
User Mac: 00:13:10:85:fe:0 - September 27, 2022, 12:58 pm
-------------------------
User Mac: 00:13:10:85:fe:0 - September 27, 2022, 12:58 pm
-------------------------
User Mac: 00:13:10:85:fe:0 - September 27, 2022, 12:58 pm
-------------------------
User Mac: 00:13:10:85:fe:0 - September 27, 2022, 12:58 pm
-------------------------
User Mac: 00:13:10:85:fe:0 - September 27, 2022, 12:58 pm
-------------------------
User Mac: 00:13:10:85:fe:0 - September 27, 2022, 12:58 pm
-------------------------
User Mac: 00:13:10:85:fe:0 - September 27, 2022, 12:58 pm
-------------------------
User Mac: 00:13:10:85:fe:0 - September 27, 2022, 12:58 pm
-------------------------
User Mac: 00:13:10:85:fe:0 - September 27, 2022, 1:02 pm
-------------------------
User Mac: 00:13:10:85:fe:0 - September 27, 2022, 1:02 pm
-------------------------
User Mac: 00:13:10:85:fe:0 - September 27, 2022, 1:02 pm
-------------------------
User Mac: 00:13:10:85:fe:0 - September 27, 2022, 1:02 pm
-------------------------
User Mac: 00:13:10:85:fe:0 - September 27, 2022, 1:02 pm
-------------------------
User Mac: 00:13:10:85:fe:0 - September 27, 2022, 1:02 pm
-------------------------
User Mac: 00:13:10:85:fe:0 - September 27, 2022, 1:02 pm
-------------------------
User Mac: 00:13:10:85:fe:0 - September 27, 2022, 1:02 pm
-------------------------
User Mac: 00:13:10:85:fe:0 - September 27, 2022, 1:02 pm
-------------------------
User Mac: 00:13:10:85:fe:0 - September 27, 2022, 1:05 pm
-------------------------
User Mac: 00:13:10:85:fe:0 - September 27, 2022, 1:05 pm
-------------------------
User Mac: 00:13:10:85:fe:0 - September 27, 2022, 1:05 pm
-------------------------
User Mac: 00:13:10:85:fe:0 - September 27, 2022, 1:05 pm
-------------------------
User Mac: 00:13:10:85:fe:0 - September 27, 2022, 1:05 pm
-------------------------
User Mac: 00:13:10:85:fe:0 - September 27, 2022, 1:05 pm
-------------------------
User Mac: 00:13:10:85:fe:0 - September 27, 2022, 1:05 pm
-------------------------
User Mac: 00:13:10:85:fe:0 - September 27, 2022, 1:05 pm
-------------------------
User Mac: 00:13:10:85:fe:0 - September 27, 2022, 1:06 pm
-------------------------
User Mac: 00:13:10:85:fe:0 - September 27, 2022, 1:06 pm
-------------------------
User Mac: 00:13:10:85:fe:0 - September 27, 2022, 1:06 pm
-------------------------
User Mac: 00:13:10:85:fe:0 - September 27, 2022, 1:06 pm
-------------------------
User Mac: 00:13:10:85:fe:0 - September 27, 2022, 1:06 pm
-------------------------
User Mac: 00:13:10:85:fe:0 - September 27, 2022, 1:06 pm
-------------------------
User Mac: 00:13:10:85:fe:0 - September 27, 2022, 1:06 pm
-------------------------
User Mac: 00:13:10:85:fe:0 - September 27, 2022, 1:06 pm
-------------------------
User Mac: 00:13:10:85:fe:0 - September 27, 2022, 1:06 pm
-------------------------
User Mac: 00:13:10:85:fe:0 - September 27, 2022, 1:06 pm
-------------------------
User Mac: 00:13:10:85:fe:0 - September 27, 2022, 1:09 pm
-------------------------
User Mac: 00:13:10:85:fe:0 - September 27, 2022, 1:09 pm
-------------------------
User Mac: 00:13:10:85:fe:0 - September 27, 2022, 1:09 pm
-------------------------
User Mac: 00:13:10:85:fe:0 - September 27, 2022, 1:09 pm
-------------------------
User Mac: 00:13:10:85:fe:0 - September 27, 2022, 1:09 pm
-------------------------
User Mac: 00:13:10:85:fe:0 - September 27, 2022, 1:09 pm
-------------------------
User Mac: 00:13:10:85:fe:0 - September 27, 2022, 1:11 pm
-------------------------
User Mac: 00:13:10:85:fe:0 - September 27, 2022, 1:12 pm
-------------------------
User Mac: 00:13:10:85:fe:0 - September 27, 2022, 1:12 pm
-------------------------
User Mac: 00:13:10:85:fe:0 - September 27, 2022, 1:12 pm
-------------------------
User Mac: 00:13:10:85:fe:0 - September 27, 2022, 1:12 pm
-------------------------
User Mac: 00:13:10:85:fe:0 - September 27, 2022, 1:12 pm
-------------------------
User Mac: 00:13:10:85:fe:0 - September 27, 2022, 1:14 pm
-------------------------
User Mac: 00:13:10:85:fe:0 - September 27, 2022, 1:14 pm
-------------------------
User Mac: 00:13:10:85:fe:0 - September 27, 2022, 1:14 pm
-------------------------
User Mac: 00:13:10:85:fe:0 - September 27, 2022, 1:14 pm
-------------------------
User Mac: 00:13:10:85:fe:0 - September 27, 2022, 1:15 pm
-------------------------
User Mac: 00:13:10:85:fe:0 - September 27, 2022, 1:16 pm
-------------------------
User Mac: 00:13:10:85:fe:0 - September 27, 2022, 1:16 pm
-------------------------
User Mac: 00:13:10:85:fe:0 - September 27, 2022, 1:17 pm
-------------------------
User Mac: 00:13:10:85:fe:0 - September 27, 2022, 1:17 pm
-------------------------
User Mac: 00:13:10:85:fe:0 - September 27, 2022, 1:18 pm
-------------------------
