User Mac: 02:00:00:00:00:00 - September 23, 2022, 9:52 am
-------------------------
User Mac: 02:00:00:00:00:00 - September 23, 2022, 9:52 am
-------------------------
User Mac: 02:00:00:00:00:00 - September 23, 2022, 9:52 am
-------------------------
User Mac: 02:00:00:00:00:00 - September 23, 2022, 9:53 am
-------------------------
User Mac: 02:00:00:00:00:00 - September 23, 2022, 10:02 am
-------------------------
User Mac: 02:00:00:00:00:00 - September 23, 2022, 10:02 am
-------------------------
User Mac: 02:00:00:00:00:00 - September 23, 2022, 10:02 am
-------------------------
User Mac: 02:00:00:00:00:00 - September 23, 2022, 10:02 am
-------------------------
User Mac: 02:00:00:00:00:00 - September 23, 2022, 10:02 am
-------------------------
User Mac: 02:00:00:00:00:00 - September 23, 2022, 10:15 am
-------------------------
User Mac: 02:00:00:00:00:00 - September 23, 2022, 10:15 am
-------------------------
User Mac: 02:00:00:00:00:00 - September 23, 2022, 10:15 am
-------------------------
User Mac: 02:00:00:00:00:00 - September 23, 2022, 10:15 am
-------------------------
User Mac: 00:13:10:85:fe:01 - September 23, 2022, 10:16 am
-------------------------
User Mac: 00:13:10:85:fe:01 - September 23, 2022, 10:16 am
-------------------------
User Mac: 00:13:10:85:fe:01 - September 23, 2022, 10:17 am
-------------------------
User Mac: 00:13:10:85:fe:01 - September 23, 2022, 10:17 am
-------------------------
User Mac: 00:13:10:85:fe:01 - September 23, 2022, 10:18 am
-------------------------
User Mac: 00:13:10:85:fe:01 - September 23, 2022, 10:18 am
-------------------------
User Mac: 00:13:10:85:fe:01 - September 23, 2022, 10:20 am
-------------------------
User Mac: 00:13:10:85:fe:01 - September 23, 2022, 10:20 am
-------------------------
User Mac: 00:13:10:85:fe:01 - September 23, 2022, 10:20 am
-------------------------
User Mac: 00:13:10:85:fe:01 - September 23, 2022, 10:20 am
-------------------------
User Mac: 00:13:10:85:fe:01 - September 23, 2022, 10:20 am
-------------------------
User Mac: 00:13:10:85:fe:01 - September 23, 2022, 10:20 am
-------------------------
User Mac: 00:13:10:85:fe:01 - September 23, 2022, 10:20 am
-------------------------
User Mac: 00:13:10:85:fe:01 - September 23, 2022, 10:20 am
-------------------------
User Mac: 00:13:10:85:fe:01 - September 23, 2022, 10:20 am
-------------------------
User Mac: 00:13:10:85:fe:01 - September 23, 2022, 10:21 am
-------------------------
User Mac: 00:13:10:85:fe:01 - September 23, 2022, 10:56 am
-------------------------
User Mac: 00:13:10:85:fe:01 - September 23, 2022, 10:56 am
-------------------------
User Mac: 00:13:10:85:fe:01 - September 23, 2022, 10:57 am
-------------------------
User Mac: 00:13:10:85:fe:01 - September 23, 2022, 10:57 am
-------------------------
User Mac: 00:13:10:85:fe:01 - September 23, 2022, 10:57 am
-------------------------
User Mac: 00:13:10:85:fe:01 - September 23, 2022, 10:58 am
-------------------------
User Mac: 00:13:10:85:fe:01 - September 23, 2022, 10:58 am
-------------------------
User Mac: 00:13:10:85:fe:01 - September 23, 2022, 10:58 am
-------------------------
User Mac: 00:13:10:85:fe:01 - September 23, 2022, 10:58 am
-------------------------
User Mac: 02:00:00:00:00:00 - September 23, 2022, 11:18 am
-------------------------
User Mac: 02:00:00:00:00:00 - September 23, 2022, 11:18 am
-------------------------
User Mac: 02:00:00:00:00:00 - September 23, 2022, 11:22 am
-------------------------
User Mac: 02:00:00:00:00:00 - September 23, 2022, 11:22 am
-------------------------
User Mac: 02:00:00:00:00:00 - September 23, 2022, 11:22 am
-------------------------
User Mac: 02:00:00:00:00:00 - September 23, 2022, 11:23 am
-------------------------
User Mac: 02:00:00:00:00:00 - September 23, 2022, 11:23 am
-------------------------
User Mac: 00:13:10:85:fe:01 - September 23, 2022, 12:33 pm
-------------------------
User Mac: 00:13:10:85:fe:01 - September 23, 2022, 12:34 pm
-------------------------
User Mac: 00:13:10:85:fe:01 - September 23, 2022, 12:34 pm
-------------------------
User Mac: 02:00:00:00:00:00 - September 23, 2022, 12:34 pm
-------------------------
User Mac: 02:00:00:00:00:00 - September 23, 2022, 12:34 pm
-------------------------
User Mac: 02:00:00:00:00:00 - September 23, 2022, 12:34 pm
-------------------------
User Mac: 02:00:00:00:00:00 - September 23, 2022, 12:37 pm
-------------------------
User Mac: 02:00:00:00:00:00 - September 23, 2022, 12:37 pm
-------------------------
User Mac: 02:00:00:00:00:00 - September 23, 2022, 12:37 pm
-------------------------
User Mac: 02:00:00:00:00:00 - September 23, 2022, 12:37 pm
-------------------------
User Mac: 02:00:00:00:00:00 - September 23, 2022, 12:37 pm
-------------------------
User Mac: 00:13:10:85:fe:01 - September 23, 2022, 12:37 pm
-------------------------
User Mac: 00:13:10:85:fe:01 - September 23, 2022, 12:38 pm
-------------------------
