User Mac: 82:8a:20:88:a8:6 - October 19, 2022, 5:12 am
-------------------------
User Mac: 82:8a:20:88:a8:6 - October 19, 2022, 5:12 am
-------------------------
User Mac: 82:8a:20:88:a8:6 - October 19, 2022, 5:12 am
-------------------------
User Mac: 82:8a:20:88:a8:6 - October 19, 2022, 5:12 am
-------------------------
User Mac: 82:8a:20:88:a8:6 - October 19, 2022, 5:12 am
-------------------------
User Mac: 82:8a:20:88:a8:6 - October 19, 2022, 5:12 am
-------------------------
User Mac: 82:8a:20:88:a8:6 - October 19, 2022, 5:12 am
-------------------------
User Mac: 82:8a:20:88:a8:6 - October 19, 2022, 5:12 am
-------------------------
User Mac: 82:8a:20:88:a8:6 - October 19, 2022, 5:12 am
-------------------------
User Mac: 82:8a:20:88:a8:6 - October 19, 2022, 5:12 am
-------------------------
User Mac: 82:8a:20:88:a8:6 - October 19, 2022, 5:13 am
-------------------------
User Mac: 82:8a:20:88:a8:6 - October 19, 2022, 5:13 am
-------------------------
User Mac: 82:8a:20:88:a8:6 - October 19, 2022, 5:13 am
-------------------------
User Mac: 82:8a:20:88:a8:6 - October 19, 2022, 5:14 am
-------------------------
User Mac: 82:8a:20:88:a8:6 - October 19, 2022, 5:14 am
-------------------------
User Mac: 82:8a:20:88:a8:6 - October 19, 2022, 5:14 am
-------------------------
User Mac: 82:8a:20:88:a8:6 - October 19, 2022, 5:14 am
-------------------------
User Mac: 82:8a:20:88:a8:6 - October 19, 2022, 5:14 am
-------------------------
User Mac: 82:8a:20:88:a8:6 - October 19, 2022, 5:14 am
-------------------------
User Mac: 82:8a:20:88:a8:6 - October 19, 2022, 5:14 am
-------------------------
User Mac: 82:8a:20:88:a8:6 - October 19, 2022, 5:15 am
-------------------------
User Mac: 82:8a:20:88:a8:6 - October 19, 2022, 5:15 am
-------------------------
User Mac: 82:8a:20:88:a8:6 - October 19, 2022, 5:15 am
-------------------------
User Mac: 82:8a:20:88:a8:6 - October 19, 2022, 5:16 am
-------------------------
User Mac: 82:8a:20:88:a8:6 - October 19, 2022, 5:16 am
-------------------------
User Mac: 82:8a:20:88:a8:6 - October 19, 2022, 5:16 am
-------------------------
User Mac: 82:8a:20:88:a8:6 - October 19, 2022, 5:16 am
-------------------------
User Mac: 82:8a:20:88:a8:6 - October 19, 2022, 5:16 am
-------------------------
User Mac: 82:8a:20:88:a8:6 - October 19, 2022, 5:16 am
-------------------------
User Mac: 82:8a:20:88:a8:6 - October 19, 2022, 5:16 am
-------------------------
User Mac: 82:8a:20:88:a8:6 - October 19, 2022, 5:16 am
-------------------------
User Mac: 82:8a:20:88:a8:6 - October 19, 2022, 5:16 am
-------------------------
User Mac: 82:8a:20:88:a8:6 - October 19, 2022, 5:16 am
-------------------------
User Mac: 82:8a:20:88:a8:6 - October 19, 2022, 5:16 am
-------------------------
User Mac: 82:8a:20:88:a8:6 - October 19, 2022, 5:16 am
-------------------------
User Mac: 82:8a:20:88:a8:6 - October 19, 2022, 5:17 am
-------------------------
User Mac: 82:8a:20:88:a8:6 - October 19, 2022, 5:20 am
-------------------------
User Mac: 82:8a:20:88:a8:6 - October 19, 2022, 5:20 am
-------------------------
User Mac: 82:8a:20:88:a8:6 - October 19, 2022, 5:20 am
-------------------------
User Mac: 82:8a:20:88:a8:6 - October 19, 2022, 5:20 am
-------------------------
User Mac: 82:8a:20:88:a8:6 - October 19, 2022, 5:21 am
-------------------------
User Mac: 82:8a:20:88:a8:6 - October 19, 2022, 5:21 am
-------------------------
User Mac: 82:8a:20:88:a8:6 - October 19, 2022, 5:25 am
-------------------------
User Mac: 82:8a:20:88:a8:6 - October 19, 2022, 5:25 am
-------------------------
User Mac: 82:8a:20:88:a8:6 - October 19, 2022, 5:25 am
-------------------------
User Mac: 82:8a:20:88:a8:6 - October 19, 2022, 5:25 am
-------------------------
User Mac: 82:8a:20:88:a8:6 - October 19, 2022, 5:25 am
-------------------------
User Mac: 82:8a:20:88:a8:6 - October 19, 2022, 5:26 am
-------------------------
User Mac: 82:8a:20:88:a8:6 - October 19, 2022, 5:26 am
-------------------------
User Mac: 82:8a:20:88:a8:6 - October 19, 2022, 5:26 am
-------------------------
User Mac: 82:8a:20:88:a8:6 - October 19, 2022, 5:26 am
-------------------------
User Mac: 82:8a:20:88:a8:6 - October 19, 2022, 5:26 am
-------------------------
User Mac: 82:8a:20:88:a8:6 - October 19, 2022, 5:26 am
-------------------------
User Mac: 82:8a:20:88:a8:6 - October 19, 2022, 5:26 am
-------------------------
User Mac: 82:8a:20:88:a8:6 - October 19, 2022, 5:27 am
-------------------------
User Mac: 82:8a:20:88:a8:6 - October 19, 2022, 5:27 am
-------------------------
User Mac: 82:8a:20:88:a8:6 - October 19, 2022, 5:28 am
-------------------------
User Mac: hhddh - October 19, 2022, 5:30 am
-------------------------
User Mac:  - October 19, 2022, 5:30 am
-------------------------
User Mac:  - October 19, 2022, 5:30 am
-------------------------
User Mac:  - October 19, 2022, 5:30 am
-------------------------
User Mac:  - October 19, 2022, 5:30 am
-------------------------
User Mac:  - October 19, 2022, 5:30 am
-------------------------
User Mac:  - October 19, 2022, 5:31 am
-------------------------
User Mac:  - October 19, 2022, 5:31 am
-------------------------
User Mac:  - October 19, 2022, 5:31 am
-------------------------
User Mac:  - October 19, 2022, 5:31 am
-------------------------
User Mac:  - October 19, 2022, 5:31 am
-------------------------
User Mac:  - October 19, 2022, 5:31 am
-------------------------
User Mac:  - October 19, 2022, 5:31 am
-------------------------
User Mac:  - October 19, 2022, 5:31 am
-------------------------
User Mac:  - October 19, 2022, 5:31 am
-------------------------
User Mac:  - October 19, 2022, 5:32 am
-------------------------
User Mac:  - October 19, 2022, 5:32 am
-------------------------
User Mac:  - October 19, 2022, 5:34 am
-------------------------
User Mac: 82:8a:20:88:a8:6 - October 19, 2022, 5:34 am
-------------------------
User Mac: 82:8a:20:88:a8:6 - October 19, 2022, 5:34 am
-------------------------
User Mac: 82:8a:20:88:a8:6 - October 19, 2022, 5:34 am
-------------------------
User Mac: hhddh - October 19, 2022, 5:36 am
-------------------------
User Mac: hhddh - October 19, 2022, 5:36 am
-------------------------
User Mac: hhddh - October 19, 2022, 5:36 am
-------------------------
User Mac: hhddh - October 19, 2022, 5:36 am
-------------------------
User Mac: hhddh - October 19, 2022, 5:37 am
-------------------------
User Mac: 7e:8a:20:88:ac:3 - October 19, 2022, 5:51 am
-------------------------
User Mac: 7e:8a:20:88:ac:3 - October 19, 2022, 5:51 am
-------------------------
User Mac: 7e:8a:20:88:ac:3 - October 19, 2022, 5:51 am
-------------------------
User Mac: 7e:8a:20:88:ac:3 - October 19, 2022, 5:51 am
-------------------------
User Mac: 7e:8a:20:88:ac:3 - October 19, 2022, 5:51 am
-------------------------
User Mac: 7e:8a:20:88:ac:3 - October 19, 2022, 5:51 am
-------------------------
User Mac: 7e:8a:20:88:ac:3 - October 19, 2022, 5:51 am
-------------------------
User Mac: 7e:8a:20:88:ac:3 - October 19, 2022, 5:51 am
-------------------------
User Mac: 7e:8a:20:88:ac:3 - October 19, 2022, 5:51 am
-------------------------
User Mac: 7e:8a:20:88:ac:3 - October 19, 2022, 5:51 am
-------------------------
User Mac: 7e:8a:20:88:ac:3 - October 19, 2022, 5:51 am
-------------------------
User Mac: 7e:8a:20:88:ac:3 - October 19, 2022, 5:51 am
-------------------------
User Mac: 7e:8a:20:88:ac:3 - October 19, 2022, 5:51 am
-------------------------
User Mac: 7e:8a:20:88:ac:3 - October 19, 2022, 5:59 am
-------------------------
User Mac: 7e:8a:20:88:ac:3 - October 19, 2022, 5:59 am
-------------------------
User Mac: 7e:8a:20:88:ac:3 - October 19, 2022, 5:59 am
-------------------------
User Mac: hhddh - October 19, 2022, 6:00 am
-------------------------
User Mac: 7e:8a:20:88:ac:3 - October 19, 2022, 6:02 am
-------------------------
User Mac: 7e:8a:20:88:ac:3 - October 19, 2022, 6:02 am
-------------------------
User Mac: 7e:8a:20:88:ac:3 - October 19, 2022, 6:02 am
-------------------------
User Mac: 7e:8a:20:88:ac:3 - October 19, 2022, 6:03 am
-------------------------
User Mac: 7e:8a:20:88:ac:3 - October 19, 2022, 6:03 am
-------------------------
User Mac: 7e:8a:20:88:ac:3 - October 19, 2022, 6:03 am
-------------------------
User Mac: 7e:8a:20:88:ac:3 - October 19, 2022, 6:03 am
-------------------------
User Mac: 7e:8a:20:88:ac:3 - October 19, 2022, 6:04 am
-------------------------
User Mac: 7e:8a:20:88:ac:3 - October 19, 2022, 6:04 am
-------------------------
User Mac: 7e:8a:20:88:ac:3 - October 19, 2022, 6:04 am
-------------------------
User Mac: hhddh - October 19, 2022, 6:05 am
-------------------------
User Mac:  - October 19, 2022, 6:05 am
-------------------------
User Mac: 7e:8a:20:88:ac:3 - October 19, 2022, 6:05 am
-------------------------
User Mac: 7e:8a:20:88:ac:3 - October 19, 2022, 6:05 am
-------------------------
User Mac: 7e:8a:20:88:ac:3 - October 19, 2022, 6:05 am
-------------------------
User Mac: 7e:8a:20:88:ac:3 - October 19, 2022, 6:05 am
-------------------------
User Mac: 7e:8a:20:88:ac:3 - October 19, 2022, 6:05 am
-------------------------
User Mac: 7e:8a:20:88:ac:3 - October 19, 2022, 6:05 am
-------------------------
User Mac: 7e:8a:20:88:ac:3 - October 19, 2022, 6:05 am
-------------------------
User Mac: 7e:8a:20:88:ac:3 - October 19, 2022, 6:05 am
-------------------------
User Mac: 7e:8a:20:88:ac:3 - October 19, 2022, 6:05 am
-------------------------
User Mac: 7e:8a:20:88:ac:3 - October 19, 2022, 6:05 am
-------------------------
User Mac: 7e:8a:20:88:ac:3 - October 19, 2022, 6:05 am
-------------------------
User Mac: 7e:8a:20:88:ac:3 - October 19, 2022, 6:05 am
-------------------------
User Mac: 7e:8a:20:88:ac:3 - October 19, 2022, 6:05 am
-------------------------
User Mac: 7e:8a:20:88:ac:3 - October 19, 2022, 6:05 am
-------------------------
User Mac: 7e:8a:20:88:ac:3 - October 19, 2022, 6:06 am
-------------------------
User Mac: 7e:8a:20:88:ac:3 - October 19, 2022, 6:06 am
-------------------------
User Mac: 7e:8a:20:88:ac:3 - October 19, 2022, 6:06 am
-------------------------
User Mac: 7e:8a:20:88:ac:3 - October 19, 2022, 6:06 am
-------------------------
User Mac:  - October 19, 2022, 6:07 am
-------------------------
User Mac:  - October 19, 2022, 6:08 am
-------------------------
User Mac:  - October 19, 2022, 6:09 am
-------------------------
User Mac:  - October 19, 2022, 6:09 am
-------------------------
User Mac:  - October 19, 2022, 6:11 am
-------------------------
User Mac:  - October 19, 2022, 6:12 am
-------------------------
User Mac:  - October 19, 2022, 6:13 am
-------------------------
User Mac:  - October 19, 2022, 6:15 am
-------------------------
User Mac:  - October 19, 2022, 6:15 am
-------------------------
User Mac:  - October 19, 2022, 6:15 am
-------------------------
User Mac: hhddh - October 19, 2022, 6:17 am
-------------------------
User Mac:  - October 19, 2022, 6:17 am
-------------------------
User Mac: hhddh - October 19, 2022, 6:25 am
-------------------------
User Mac:  - October 19, 2022, 6:25 am
-------------------------
User Mac:  - October 19, 2022, 6:30 am
-------------------------
User Mac:  - October 19, 2022, 6:30 am
-------------------------
User Mac:  - October 19, 2022, 6:35 am
-------------------------
User Mac:  - October 19, 2022, 6:55 am
-------------------------
User Mac: 82:45:58:45:1a:a - October 19, 2022, 7:10 am
-------------------------
User Mac: 82:45:58:45:1a:a - October 19, 2022, 7:10 am
-------------------------
User Mac: 82:45:58:45:1a:a - October 19, 2022, 7:10 am
-------------------------
User Mac: 82:45:58:45:1a:a - October 19, 2022, 7:11 am
-------------------------
User Mac: 82:45:58:45:1a:a - October 19, 2022, 7:11 am
-------------------------
User Mac: 82:45:58:45:1a:a - October 19, 2022, 7:11 am
-------------------------
User Mac: 82:45:58:45:1a:a - October 19, 2022, 7:11 am
-------------------------
User Mac: 82:45:58:45:1a:a - October 19, 2022, 7:11 am
-------------------------
User Mac: 82:45:58:45:1a:a - October 19, 2022, 7:11 am
-------------------------
User Mac: 82:45:58:45:1a:a - October 19, 2022, 7:12 am
-------------------------
User Mac: 82:45:58:45:1a:a - October 19, 2022, 7:12 am
-------------------------
User Mac: 82:45:58:45:1a:a - October 19, 2022, 7:13 am
-------------------------
User Mac: 82:45:58:45:1a:a - October 19, 2022, 7:13 am
-------------------------
User Mac: 82:45:58:45:1a:a - October 19, 2022, 7:14 am
-------------------------
User Mac: hhddh - October 19, 2022, 7:15 am
-------------------------
User Mac: 82:45:58:45:1a:a - October 19, 2022, 7:16 am
-------------------------
User Mac: 82:45:58:45:1a:a - October 19, 2022, 7:16 am
-------------------------
User Mac: 82:45:58:45:1a:a - October 19, 2022, 7:16 am
-------------------------
User Mac:  - October 19, 2022, 7:17 am
-------------------------
User Mac: 82:45:58:45:1a:a - October 19, 2022, 7:17 am
-------------------------
User Mac: 82:45:58:45:1a:a - October 19, 2022, 7:17 am
-------------------------
User Mac: 82:45:58:45:1a:a - October 19, 2022, 7:17 am
-------------------------
User Mac: 82:45:58:45:1a:a - October 19, 2022, 7:17 am
-------------------------
User Mac: 82:45:58:45:1a:a - October 19, 2022, 7:17 am
-------------------------
User Mac: 82:45:58:45:1a:a - October 19, 2022, 7:19 am
-------------------------
User Mac:  - October 19, 2022, 7:30 am
-------------------------
User Mac:  - October 19, 2022, 7:34 am
-------------------------
User Mac:  - October 19, 2022, 7:34 am
-------------------------
User Mac:  - October 19, 2022, 7:34 am
-------------------------
User Mac:  - October 19, 2022, 7:35 am
-------------------------
User Mac:  - October 19, 2022, 7:36 am
-------------------------
User Mac: b0:39:56:5a:a1:b - October 19, 2022, 7:40 am
-------------------------
User Mac: b0:39:56:5a:a1:b - October 19, 2022, 7:40 am
-------------------------
User Mac: b0:39:56:5a:a1:b - October 19, 2022, 7:40 am
-------------------------
User Mac: b0:39:56:5a:a1:b - October 19, 2022, 7:40 am
-------------------------
User Mac: b0:39:56:5a:a1:b - October 19, 2022, 7:40 am
-------------------------
User Mac: b0:39:56:5a:a1:b - October 19, 2022, 7:40 am
-------------------------
User Mac:  - October 19, 2022, 7:41 am
-------------------------
User Mac: hhddh - October 19, 2022, 7:41 am
-------------------------
User Mac:  - October 19, 2022, 7:41 am
-------------------------
User Mac:  - October 19, 2022, 7:41 am
-------------------------
User Mac:  - October 19, 2022, 7:41 am
-------------------------
User Mac:  - October 19, 2022, 7:41 am
-------------------------
User Mac:  - October 19, 2022, 7:41 am
-------------------------
User Mac:  - October 19, 2022, 7:42 am
-------------------------
User Mac:  - October 19, 2022, 7:42 am
-------------------------
User Mac: b0:39:56:5a:a1:b - October 19, 2022, 7:42 am
-------------------------
User Mac: b0:39:56:5a:a1:b - October 19, 2022, 7:43 am
-------------------------
User Mac: b0:39:56:5a:a1:b - October 19, 2022, 7:43 am
-------------------------
User Mac: b0:39:56:5a:a1:b - October 19, 2022, 7:43 am
-------------------------
User Mac: b0:39:56:5a:a1:b - October 19, 2022, 7:43 am
-------------------------
User Mac: b0:39:56:5a:a1:b - October 19, 2022, 7:43 am
-------------------------
User Mac: b0:39:56:5a:a1:b - October 19, 2022, 7:43 am
-------------------------
User Mac:  - October 19, 2022, 7:43 am
-------------------------
User Mac: b0:39:56:5a:a1:b - October 19, 2022, 7:44 am
-------------------------
User Mac: b0:39:56:5a:a1:b - October 19, 2022, 7:44 am
-------------------------
User Mac: b0:39:56:5a:a1:b - October 19, 2022, 7:46 am
-------------------------
User Mac: b0:39:56:5a:a1:b - October 19, 2022, 7:46 am
-------------------------
User Mac: b0:39:56:5a:a1:b - October 19, 2022, 7:46 am
-------------------------
User Mac: b0:39:56:5a:a1:b - October 19, 2022, 7:46 am
-------------------------
User Mac: 78:81:02:ba:fa:1 - October 19, 2022, 8:03 am
-------------------------
User Mac: 78:81:02:ba:fa:1 - October 19, 2022, 8:03 am
-------------------------
User Mac: 78:81:02:ba:fa:1 - October 19, 2022, 8:03 am
-------------------------
User Mac: 78:81:02:ba:fa:1 - October 19, 2022, 8:03 am
-------------------------
User Mac: 78:81:02:ba:fa:1 - October 19, 2022, 8:03 am
-------------------------
User Mac: 78:81:02:ba:fa:1 - October 19, 2022, 8:03 am
-------------------------
User Mac: 78:81:02:ba:fa:1 - October 19, 2022, 8:03 am
-------------------------
User Mac: 78:81:02:ba:fa:1 - October 19, 2022, 8:03 am
-------------------------
User Mac: 78:81:02:ba:fa:1 - October 19, 2022, 8:03 am
-------------------------
User Mac: 78:81:02:ba:fa:1 - October 19, 2022, 8:04 am
-------------------------
User Mac: 78:81:02:ba:fa:1 - October 19, 2022, 8:04 am
-------------------------
User Mac: 78:81:02:ba:fa:1 - October 19, 2022, 8:04 am
-------------------------
User Mac: 78:81:02:ba:fa:1 - October 19, 2022, 8:04 am
-------------------------
User Mac: 78:81:02:ba:fa:1 - October 19, 2022, 8:04 am
-------------------------
User Mac: 78:81:02:ba:fa:1 - October 19, 2022, 8:04 am
-------------------------
User Mac: 78:81:02:ba:fa:1 - October 19, 2022, 8:04 am
-------------------------
User Mac: 78:81:02:ba:fa:1 - October 19, 2022, 8:04 am
-------------------------
User Mac: 78:81:02:ba:fa:1 - October 19, 2022, 8:04 am
-------------------------
User Mac: 78:81:02:ba:fa:1 - October 19, 2022, 8:04 am
-------------------------
User Mac: 78:81:02:ba:fa:1 - October 19, 2022, 8:04 am
-------------------------
User Mac: 78:81:02:ba:fa:1 - October 19, 2022, 8:04 am
-------------------------
User Mac: 78:81:02:ba:fa:1 - October 19, 2022, 8:04 am
-------------------------
User Mac: 78:81:02:ba:fa:1 - October 19, 2022, 8:04 am
-------------------------
User Mac: 78:81:02:ba:fa:1 - October 19, 2022, 8:04 am
-------------------------
User Mac: 78:81:02:ba:fa:1 - October 19, 2022, 8:05 am
-------------------------
User Mac: 78:81:02:ba:fa:1 - October 19, 2022, 8:05 am
-------------------------
User Mac: 78:81:02:ba:fa:1 - October 19, 2022, 8:05 am
-------------------------
User Mac: 78:81:02:ba:fa:1 - October 19, 2022, 8:05 am
-------------------------
User Mac: 78:81:02:ba:fa:1 - October 19, 2022, 8:06 am
-------------------------
User Mac: 78:81:02:ba:fa:1 - October 19, 2022, 8:07 am
-------------------------
User Mac: 78:81:02:ba:fa:1 - October 19, 2022, 8:07 am
-------------------------
User Mac: 78:81:02:ba:fa:1 - October 19, 2022, 8:07 am
-------------------------
User Mac: 78:81:02:ba:fa:1 - October 19, 2022, 8:07 am
-------------------------
User Mac: 78:81:02:ba:fa:1 - October 19, 2022, 8:10 am
-------------------------
User Mac: 78:81:02:ba:fa:1 - October 19, 2022, 8:10 am
-------------------------
User Mac: 78:81:02:ba:fa:1 - October 19, 2022, 8:10 am
-------------------------
User Mac:  - October 19, 2022, 8:11 am
-------------------------
User Mac:  - October 19, 2022, 8:11 am
-------------------------
User Mac: 78:81:02:ba:fa:1 - October 19, 2022, 8:13 am
-------------------------
User Mac: 78:81:02:ba:fa:1 - October 19, 2022, 8:13 am
-------------------------
User Mac: 78:81:02:ba:fa:1 - October 19, 2022, 8:13 am
-------------------------
User Mac: 78:81:02:ba:fa:1 - October 19, 2022, 8:13 am
-------------------------
User Mac: 78:81:02:ba:fa:1 - October 19, 2022, 8:13 am
-------------------------
User Mac: 78:81:02:ba:fa:1 - October 19, 2022, 8:15 am
-------------------------
User Mac: 78:81:02:ba:fa:1 - October 19, 2022, 8:15 am
-------------------------
User Mac: 78:81:02:ba:fa:1 - October 19, 2022, 8:15 am
-------------------------
User Mac: 78:81:02:ba:fa:1 - October 19, 2022, 8:16 am
-------------------------
User Mac: 78:81:02:ba:fa:1 - October 19, 2022, 8:16 am
-------------------------
User Mac: 78:81:02:ba:fa:1 - October 19, 2022, 8:16 am
-------------------------
User Mac: 78:81:02:ba:fa:1 - October 19, 2022, 8:16 am
-------------------------
User Mac: 78:81:02:ba:fa:1 - October 19, 2022, 8:17 am
-------------------------
User Mac:  - October 19, 2022, 8:17 am
-------------------------
User Mac: 78:81:02:ba:fa:1 - October 19, 2022, 8:17 am
-------------------------
User Mac: 78:81:02:ba:fa:1 - October 19, 2022, 8:17 am
-------------------------
User Mac: 78:81:02:ba:fa:1 - October 19, 2022, 8:17 am
-------------------------
User Mac:  - October 19, 2022, 8:17 am
-------------------------
User Mac:  - October 19, 2022, 8:19 am
-------------------------
User Mac:  - October 19, 2022, 8:19 am
-------------------------
User Mac: b0:39:56:5a:a1:b - October 19, 2022, 8:19 am
-------------------------
User Mac: b0:39:56:5a:a1:b - October 19, 2022, 8:20 am
-------------------------
User Mac: b0:39:56:5a:a1:b - October 19, 2022, 8:20 am
-------------------------
User Mac: b0:39:56:5a:a1:b - October 19, 2022, 8:20 am
-------------------------
User Mac: b0:39:56:5a:a1:b - October 19, 2022, 8:20 am
-------------------------
User Mac: 78:81:02:ba:fa:1 - October 19, 2022, 8:21 am
-------------------------
User Mac: 78:81:02:ba:fa:1 - October 19, 2022, 8:21 am
-------------------------
User Mac: 78:81:02:ba:fa:1 - October 19, 2022, 8:22 am
-------------------------
User Mac: 78:81:02:ba:fa:1 - October 19, 2022, 8:22 am
-------------------------
User Mac: b0:39:56:5a:a1:b - October 19, 2022, 8:23 am
-------------------------
User Mac: b0:39:56:5a:a1:b - October 19, 2022, 8:23 am
-------------------------
User Mac: b0:39:56:5a:a1:b - October 19, 2022, 8:23 am
-------------------------
User Mac: b0:39:56:5a:a1:b - October 19, 2022, 8:24 am
-------------------------
User Mac: b0:39:56:5a:a1:b - October 19, 2022, 8:24 am
-------------------------
User Mac:  - October 19, 2022, 8:25 am
-------------------------
User Mac:  - October 19, 2022, 8:25 am
-------------------------
User Mac:  - October 19, 2022, 8:25 am
-------------------------
User Mac: b0:39:56:5a:a1:b - October 19, 2022, 8:26 am
-------------------------
User Mac:  - October 19, 2022, 8:26 am
-------------------------
User Mac:  - October 19, 2022, 8:26 am
-------------------------
User Mac:  - October 19, 2022, 8:26 am
-------------------------
User Mac: b4:69:5f:9d:9d:8 - October 19, 2022, 8:27 am
-------------------------
User Mac: b4:69:5f:9d:9d:8 - October 19, 2022, 8:27 am
-------------------------
User Mac: b4:69:5f:9d:9d:8 - October 19, 2022, 8:27 am
-------------------------
User Mac: b4:69:5f:9d:9d:8 - October 19, 2022, 8:27 am
-------------------------
User Mac:  - October 19, 2022, 8:27 am
-------------------------
User Mac:  - October 19, 2022, 8:28 am
-------------------------
User Mac:  - October 19, 2022, 8:28 am
-------------------------
User Mac: 78:81:02:ba:fa:1 - October 19, 2022, 8:58 am
-------------------------
User Mac: 78:81:02:ba:fa:1 - October 19, 2022, 8:58 am
-------------------------
User Mac: 78:81:02:ba:fa:1 - October 19, 2022, 8:58 am
-------------------------
User Mac: 78:81:02:ba:fa:1 - October 19, 2022, 8:58 am
-------------------------
User Mac: 78:81:02:ba:fa:1 - October 19, 2022, 8:59 am
-------------------------
User Mac: 78:81:02:ba:fa:1 - October 19, 2022, 8:59 am
-------------------------
User Mac: 78:81:02:ba:fa:1 - October 19, 2022, 9:03 am
-------------------------
User Mac:  - October 19, 2022, 9:06 am
-------------------------
User Mac:  - October 19, 2022, 9:07 am
-------------------------
User Mac: b0:39:56:5a:a1:b - October 19, 2022, 9:07 am
-------------------------
User Mac: b0:39:56:5a:a1:b - October 19, 2022, 9:07 am
-------------------------
User Mac:  - October 19, 2022, 9:07 am
-------------------------
User Mac:  - October 19, 2022, 9:07 am
-------------------------
User Mac:  - October 19, 2022, 9:08 am
-------------------------
User Mac:  - October 19, 2022, 9:08 am
-------------------------
User Mac:  - October 19, 2022, 9:09 am
-------------------------
User Mac:  - October 19, 2022, 9:09 am
-------------------------
User Mac:  - October 19, 2022, 9:09 am
-------------------------
User Mac:  - October 19, 2022, 9:10 am
-------------------------
User Mac:  - October 19, 2022, 9:10 am
-------------------------
User Mac:  - October 19, 2022, 9:10 am
-------------------------
User Mac:  - October 19, 2022, 9:11 am
-------------------------
User Mac:  - October 19, 2022, 9:11 am
-------------------------
User Mac:  - October 19, 2022, 9:11 am
-------------------------
User Mac:  - October 19, 2022, 9:12 am
-------------------------
User Mac:  - October 19, 2022, 9:12 am
-------------------------
User Mac:  - October 19, 2022, 9:12 am
-------------------------
User Mac:  - October 19, 2022, 9:13 am
-------------------------
User Mac:  - October 19, 2022, 9:13 am
-------------------------
User Mac:  - October 19, 2022, 9:13 am
-------------------------
User Mac:  - October 19, 2022, 9:14 am
-------------------------
User Mac:  - October 19, 2022, 9:16 am
-------------------------
User Mac:  - October 19, 2022, 9:16 am
-------------------------
User Mac:  - October 19, 2022, 9:16 am
-------------------------
User Mac:  - October 19, 2022, 9:16 am
-------------------------
User Mac:  - October 19, 2022, 9:19 am
-------------------------
User Mac:  - October 19, 2022, 9:19 am
-------------------------
User Mac:  - October 19, 2022, 9:19 am
-------------------------
User Mac:  - October 19, 2022, 9:33 am
-------------------------
User Mac:  - October 19, 2022, 9:33 am
-------------------------
User Mac:  - October 19, 2022, 9:35 am
-------------------------
User Mac:  - October 19, 2022, 9:35 am
-------------------------
User Mac:  - October 19, 2022, 9:38 am
-------------------------
User Mac:  - October 19, 2022, 9:38 am
-------------------------
User Mac:  - October 19, 2022, 9:40 am
-------------------------
User Mac:  - October 19, 2022, 9:40 am
-------------------------
User Mac:  - October 19, 2022, 9:41 am
-------------------------
User Mac:  - October 19, 2022, 9:41 am
-------------------------
User Mac:  - October 19, 2022, 9:41 am
-------------------------
User Mac:  - October 19, 2022, 9:41 am
-------------------------
User Mac:  - October 19, 2022, 9:43 am
-------------------------
User Mac:  - October 19, 2022, 9:43 am
-------------------------
User Mac:  - October 19, 2022, 9:43 am
-------------------------
User Mac:  - October 19, 2022, 9:43 am
-------------------------
User Mac:  - October 19, 2022, 9:43 am
-------------------------
User Mac:  - October 19, 2022, 9:43 am
-------------------------
User Mac:  - October 19, 2022, 9:44 am
-------------------------
User Mac:  - October 19, 2022, 9:44 am
-------------------------
User Mac:  - October 19, 2022, 9:44 am
-------------------------
User Mac:  - October 19, 2022, 9:44 am
-------------------------
User Mac:  - October 19, 2022, 9:44 am
-------------------------
User Mac:  - October 19, 2022, 9:44 am
-------------------------
User Mac: b0:39:56:5a:a1:b - October 19, 2022, 9:46 am
-------------------------
User Mac: b0:39:56:5a:a1:b - October 19, 2022, 9:46 am
-------------------------
User Mac:  - October 19, 2022, 9:47 am
-------------------------
User Mac:  - October 19, 2022, 9:47 am
-------------------------
User Mac:  - October 19, 2022, 9:49 am
-------------------------
User Mac:  - October 19, 2022, 9:49 am
-------------------------
User Mac:  - October 19, 2022, 9:50 am
-------------------------
User Mac:  - October 19, 2022, 9:53 am
-------------------------
User Mac:  - October 19, 2022, 9:53 am
-------------------------
User Mac: hhddh - October 19, 2022, 9:54 am
-------------------------
User Mac: hhddh - October 19, 2022, 9:54 am
-------------------------
User Mac:  - October 19, 2022, 9:54 am
-------------------------
User Mac:  - October 19, 2022, 9:54 am
-------------------------
User Mac:  - October 19, 2022, 9:54 am
-------------------------
User Mac:  - October 19, 2022, 9:54 am
-------------------------
User Mac:  - October 19, 2022, 9:54 am
-------------------------
User Mac:  - October 19, 2022, 9:54 am
-------------------------
User Mac: b0:39:56:5a:a1:b - October 19, 2022, 9:55 am
-------------------------
User Mac: b0:39:56:5a:a1:b - October 19, 2022, 9:55 am
-------------------------
User Mac: b0:39:56:5a:a1:b - October 19, 2022, 9:55 am
-------------------------
User Mac: b0:39:56:5a:a1:b - October 19, 2022, 9:55 am
-------------------------
User Mac: b0:39:56:5a:a1:b - October 19, 2022, 9:55 am
-------------------------
User Mac: b0:39:56:5a:a1:b - October 19, 2022, 9:55 am
-------------------------
User Mac: b0:39:56:5a:a1:b - October 19, 2022, 9:55 am
-------------------------
User Mac: b0:39:56:5a:a1:b - October 19, 2022, 9:55 am
-------------------------
User Mac: b0:39:56:5a:a1:b - October 19, 2022, 9:55 am
-------------------------
User Mac: b0:39:56:5a:a1:b - October 19, 2022, 9:55 am
-------------------------
User Mac:  - October 19, 2022, 9:57 am
-------------------------
User Mac:  - October 19, 2022, 9:57 am
-------------------------
User Mac: hhddh - October 19, 2022, 9:58 am
-------------------------
User Mac:  - October 19, 2022, 9:58 am
-------------------------
User Mac:  - October 19, 2022, 9:58 am
-------------------------
User Mac:  - October 19, 2022, 9:58 am
-------------------------
User Mac:  - October 19, 2022, 9:58 am
-------------------------
User Mac: b0:39:56:5a:a1:b - October 19, 2022, 9:59 am
-------------------------
User Mac: b0:39:56:5a:a1:b - October 19, 2022, 9:59 am
-------------------------
User Mac: b0:39:56:5a:a1:b - October 19, 2022, 9:59 am
-------------------------
User Mac:  - October 19, 2022, 9:59 am
-------------------------
User Mac:  - October 19, 2022, 9:59 am
-------------------------
User Mac:  - October 19, 2022, 9:59 am
-------------------------
User Mac:  - October 19, 2022, 10:00 am
-------------------------
User Mac:  - October 19, 2022, 10:00 am
-------------------------
User Mac:  - October 19, 2022, 10:00 am
-------------------------
User Mac:  - October 19, 2022, 10:04 am
-------------------------
User Mac:  - October 19, 2022, 10:04 am
-------------------------
User Mac:  - October 19, 2022, 10:04 am
-------------------------
User Mac:  - October 19, 2022, 10:04 am
-------------------------
User Mac:  - October 19, 2022, 10:04 am
-------------------------
User Mac:  - October 19, 2022, 10:05 am
-------------------------
User Mac:  - October 19, 2022, 10:05 am
-------------------------
User Mac:  - October 19, 2022, 10:05 am
-------------------------
User Mac: b0:39:56:5a:a1:b - October 19, 2022, 10:10 am
-------------------------
User Mac: b0:39:56:5a:a1:b - October 19, 2022, 10:10 am
-------------------------
User Mac: b0:39:56:5a:a1:b - October 19, 2022, 10:10 am
-------------------------
User Mac: b0:39:56:5a:a1:b - October 19, 2022, 10:10 am
-------------------------
User Mac: b0:39:56:5a:a1:b - October 19, 2022, 10:10 am
-------------------------
User Mac:  - October 19, 2022, 10:11 am
-------------------------
User Mac:  - October 19, 2022, 10:11 am
-------------------------
User Mac:  - October 19, 2022, 10:11 am
-------------------------
User Mac:  - October 19, 2022, 10:11 am
-------------------------
User Mac:  - October 19, 2022, 10:11 am
-------------------------
User Mac:  - October 19, 2022, 10:11 am
-------------------------
User Mac:  - October 19, 2022, 10:14 am
-------------------------
User Mac:  - October 19, 2022, 10:14 am
-------------------------
User Mac:  - October 19, 2022, 10:14 am
-------------------------
User Mac:  - October 19, 2022, 10:16 am
-------------------------
User Mac:  - October 19, 2022, 10:16 am
-------------------------
User Mac:  - October 19, 2022, 10:16 am
-------------------------
User Mac: b4:69:5f:9d:9d:8 - October 19, 2022, 10:19 am
-------------------------
User Mac: b0:39:56:5a:a1:b - October 19, 2022, 10:27 am
-------------------------
User Mac: b0:39:56:5a:a1:b - October 19, 2022, 10:33 am
-------------------------
User Mac: b0:39:56:5a:a1:b - October 19, 2022, 10:33 am
-------------------------
User Mac:  - October 19, 2022, 10:35 am
-------------------------
User Mac:  - October 19, 2022, 10:38 am
-------------------------
User Mac: hhddh - October 19, 2022, 10:39 am
-------------------------
User Mac:  - October 19, 2022, 10:39 am
-------------------------
User Mac:  - October 19, 2022, 10:43 am
-------------------------
User Mac: hhddh - October 19, 2022, 10:43 am
-------------------------
User Mac:  - October 19, 2022, 10:43 am
-------------------------
User Mac: hhddh - October 19, 2022, 10:47 am
-------------------------
User Mac:  - October 19, 2022, 10:47 am
-------------------------
User Mac:  - October 19, 2022, 10:49 am
-------------------------
User Mac:  - October 19, 2022, 10:49 am
-------------------------
User Mac: hhddh - October 19, 2022, 10:53 am
-------------------------
User Mac:  - October 19, 2022, 10:53 am
-------------------------
User Mac:  - October 19, 2022, 10:55 am
-------------------------
User Mac: hhddh - October 19, 2022, 10:55 am
-------------------------
User Mac:  - October 19, 2022, 10:55 am
-------------------------
User Mac:  - October 19, 2022, 10:58 am
-------------------------
User Mac: hhddh - October 19, 2022, 10:58 am
-------------------------
User Mac:  - October 19, 2022, 10:58 am
-------------------------
User Mac:  - October 19, 2022, 10:59 am
-------------------------
User Mac: hhddh - October 19, 2022, 10:59 am
-------------------------
User Mac:  - October 19, 2022, 10:59 am
-------------------------
User Mac:  - October 19, 2022, 11:01 am
-------------------------
User Mac:  - October 19, 2022, 11:03 am
-------------------------
User Mac: hhddh - October 19, 2022, 11:04 am
-------------------------
User Mac:  - October 19, 2022, 11:04 am
-------------------------
User Mac:  - October 19, 2022, 11:06 am
-------------------------
User Mac: b0:39:56:5a:a1:b - October 19, 2022, 11:08 am
-------------------------
User Mac: b0:39:56:5a:a1:b - October 19, 2022, 11:12 am
-------------------------
User Mac: b0:39:56:5a:a1:b - October 19, 2022, 11:12 am
-------------------------
User Mac: b0:39:56:5a:a1:b - October 19, 2022, 11:12 am
-------------------------
User Mac: b0:39:56:5a:a1:b - October 19, 2022, 11:12 am
-------------------------
User Mac: b0:39:56:5a:a1:b - October 19, 2022, 11:12 am
-------------------------
User Mac:  - October 19, 2022, 11:12 am
-------------------------
User Mac: hhddh - October 19, 2022, 11:13 am
-------------------------
User Mac:  - October 19, 2022, 11:13 am
-------------------------
User Mac:  - October 19, 2022, 11:14 am
-------------------------
User Mac: b0:39:56:5a:a1:b - October 19, 2022, 11:14 am
-------------------------
User Mac:  - October 19, 2022, 11:20 am
-------------------------
User Mac:  - October 19, 2022, 11:20 am
-------------------------
User Mac:  - October 19, 2022, 11:22 am
-------------------------
User Mac:  - October 19, 2022, 11:24 am
-------------------------
User Mac:  - October 19, 2022, 11:24 am
-------------------------
User Mac:  - October 19, 2022, 11:26 am
-------------------------
User Mac: b0:39:56:5a:a1:b - October 19, 2022, 11:31 am
-------------------------
User Mac:  - October 19, 2022, 11:32 am
-------------------------
User Mac:  - October 19, 2022, 11:32 am
-------------------------
User Mac:  - October 19, 2022, 11:55 am
-------------------------
User Mac: b0:39:56:5a:a1:b - October 19, 2022, 11:57 am
-------------------------
User Mac: hhddh - October 19, 2022, 12:05 pm
-------------------------
User Mac:  - October 19, 2022, 12:05 pm
-------------------------
User Mac: hhddh - October 19, 2022, 12:06 pm
-------------------------
User Mac:  - October 19, 2022, 12:06 pm
-------------------------
User Mac:  - October 19, 2022, 12:09 pm
-------------------------
User Mac: hhddh - October 19, 2022, 12:09 pm
-------------------------
User Mac:  - October 19, 2022, 12:09 pm
-------------------------
User Mac: hhddh - October 19, 2022, 12:09 pm
-------------------------
User Mac:  - October 19, 2022, 12:09 pm
-------------------------
User Mac:  - October 19, 2022, 12:11 pm
-------------------------
User Mac: hhddh - October 19, 2022, 12:11 pm
-------------------------
User Mac:  - October 19, 2022, 12:11 pm
-------------------------
User Mac: hhddh - October 19, 2022, 12:11 pm
-------------------------
User Mac:  - October 19, 2022, 12:11 pm
-------------------------
User Mac:  - October 19, 2022, 12:14 pm
-------------------------
User Mac: hhddh - October 19, 2022, 12:14 pm
-------------------------
User Mac:  - October 19, 2022, 12:14 pm
-------------------------
User Mac:  - October 19, 2022, 12:14 pm
-------------------------
User Mac:  - October 19, 2022, 12:14 pm
-------------------------
User Mac:  - October 19, 2022, 12:14 pm
-------------------------
User Mac:  - October 19, 2022, 12:15 pm
-------------------------
User Mac:  - October 19, 2022, 12:15 pm
-------------------------
User Mac: hhddh - October 19, 2022, 12:15 pm
-------------------------
User Mac:  - October 19, 2022, 12:15 pm
-------------------------
User Mac:  - October 19, 2022, 12:15 pm
-------------------------
User Mac:  - October 19, 2022, 12:15 pm
-------------------------
User Mac:  - October 19, 2022, 12:18 pm
-------------------------
User Mac: b0:39:56:5a:a1:b - October 19, 2022, 12:20 pm
-------------------------
User Mac: b0:39:56:5a:a1:b - October 19, 2022, 12:21 pm
-------------------------
User Mac: b0:39:56:5a:a1:b - October 19, 2022, 12:21 pm
-------------------------
User Mac: b0:39:56:5a:a1:b - October 19, 2022, 12:21 pm
-------------------------
User Mac:  - October 19, 2022, 12:23 pm
-------------------------
User Mac:  - October 19, 2022, 12:27 pm
-------------------------
User Mac:  - October 19, 2022, 12:34 pm
-------------------------
User Mac: b0:39:56:5a:a1:b - October 19, 2022, 12:36 pm
-------------------------
User Mac: b0:39:56:5a:a1:b - October 19, 2022, 12:36 pm
-------------------------
User Mac: hhddh - October 19, 2022, 12:39 pm
-------------------------
User Mac:  - October 19, 2022, 12:39 pm
-------------------------
User Mac:  - October 19, 2022, 12:39 pm
-------------------------
User Mac:  - October 19, 2022, 12:40 pm
-------------------------
User Mac:  - October 19, 2022, 12:43 pm
-------------------------
User Mac: b0:39:56:5a:a1:b - October 19, 2022, 12:43 pm
-------------------------
User Mac: b0:39:56:5a:a1:b - October 19, 2022, 12:43 pm
-------------------------
User Mac: hhddh - October 19, 2022, 12:43 pm
-------------------------
User Mac:  - October 19, 2022, 12:43 pm
-------------------------
User Mac: b0:39:56:5a:a1:b - October 19, 2022, 12:50 pm
-------------------------
User Mac: b0:39:56:5a:a1:b - October 19, 2022, 12:50 pm
-------------------------
User Mac: b0:39:56:5a:a1:b - October 19, 2022, 12:50 pm
-------------------------
User Mac: b0:39:56:5a:a1:b - October 19, 2022, 12:50 pm
-------------------------
User Mac: b0:39:56:5a:a1:b - October 19, 2022, 12:50 pm
-------------------------
User Mac: b0:39:56:5a:a1:b - October 19, 2022, 12:50 pm
-------------------------
User Mac:  - October 19, 2022, 12:51 pm
-------------------------
User Mac:  - October 19, 2022, 12:51 pm
-------------------------
User Mac:  - October 19, 2022, 12:56 pm
-------------------------
