User Mac:  - October 28, 2022, 4:45 am
-------------------------
User Mac: hhddh - October 28, 2022, 5:04 am
-------------------------
User Mac:  - October 28, 2022, 5:04 am
-------------------------
User Mac:  - October 28, 2022, 5:04 am
-------------------------
User Mac: b0:39:56:5a:a1:b - October 28, 2022, 5:05 am
-------------------------
User Mac: b0:39:56:5a:a1:b - October 28, 2022, 5:05 am
-------------------------
User Mac: b0:39:56:5a:a1:b - October 28, 2022, 5:05 am
-------------------------
User Mac: b0:39:56:5a:a1:b - October 28, 2022, 5:05 am
-------------------------
User Mac: b0:39:56:5a:a1:b - October 28, 2022, 5:05 am
-------------------------
User Mac:  - October 28, 2022, 5:11 am
-------------------------
User Mac: b0:39:56:5a:a1:b - October 28, 2022, 5:14 am
-------------------------
User Mac: b0:39:56:5a:a1:b - October 28, 2022, 5:14 am
-------------------------
User Mac: b0:39:56:5a:a1:b - October 28, 2022, 5:14 am
-------------------------
User Mac: b0:39:56:5a:a1:b - October 28, 2022, 5:14 am
-------------------------
User Mac: b0:39:56:5a:a1:b - October 28, 2022, 5:14 am
-------------------------
User Mac:  - October 28, 2022, 5:15 am
-------------------------
User Mac:  - October 28, 2022, 5:21 am
-------------------------
User Mac:  - October 28, 2022, 5:24 am
-------------------------
User Mac: b0:39:56:5a:a1:b - October 28, 2022, 5:24 am
-------------------------
User Mac: b0:39:56:5a:a1:b - October 28, 2022, 5:24 am
-------------------------
User Mac:  - October 28, 2022, 5:24 am
-------------------------
User Mac:  - October 28, 2022, 5:24 am
-------------------------
User Mac:  - October 28, 2022, 5:24 am
-------------------------
User Mac: b0:39:56:5a:a1:b - October 28, 2022, 5:24 am
-------------------------
User Mac:  - October 28, 2022, 5:36 am
-------------------------
User Mac:  - October 28, 2022, 5:36 am
-------------------------
User Mac: b0:39:56:5a:a1:b - October 28, 2022, 5:36 am
-------------------------
User Mac: b0:39:56:5a:a1:b - October 28, 2022, 5:36 am
-------------------------
User Mac:  - October 28, 2022, 5:37 am
-------------------------
User Mac:  - October 28, 2022, 5:37 am
-------------------------
User Mac:  - October 28, 2022, 5:37 am
-------------------------
User Mac:  - October 28, 2022, 5:38 am
-------------------------
User Mac:  - October 28, 2022, 5:38 am
-------------------------
User Mac: b0:39:56:5a:a1:b - October 28, 2022, 5:38 am
-------------------------
User Mac: b0:39:56:5a:a1:b - October 28, 2022, 5:38 am
-------------------------
User Mac:  - October 28, 2022, 5:38 am
-------------------------
User Mac:  - October 28, 2022, 5:41 am
-------------------------
User Mac:  - October 28, 2022, 5:42 am
-------------------------
User Mac:  - October 28, 2022, 5:42 am
-------------------------
User Mac: b0:39:56:5a:a1:b - October 28, 2022, 5:45 am
-------------------------
User Mac: b0:39:56:5a:a1:b - October 28, 2022, 5:45 am
-------------------------
User Mac: b0:39:56:5a:a1:b - October 28, 2022, 5:45 am
-------------------------
User Mac: b0:39:56:5a:a1:b - October 28, 2022, 5:45 am
-------------------------
User Mac: b0:39:56:5a:a1:b - October 28, 2022, 5:47 am
-------------------------
User Mac:  - October 28, 2022, 5:59 am
-------------------------
User Mac:  - October 28, 2022, 5:59 am
-------------------------
User Mac:  - October 28, 2022, 5:59 am
-------------------------
User Mac:  - October 28, 2022, 6:00 am
-------------------------
User Mac:  - October 28, 2022, 6:00 am
-------------------------
User Mac: b0:39:56:5a:a1:b - October 28, 2022, 6:00 am
-------------------------
User Mac: b0:39:56:5a:a1:b - October 28, 2022, 6:00 am
-------------------------
User Mac:  - October 28, 2022, 6:01 am
-------------------------
User Mac:  - October 28, 2022, 6:15 am
-------------------------
User Mac:  - October 28, 2022, 6:20 am
-------------------------
User Mac:  - October 28, 2022, 6:23 am
-------------------------
User Mac: b0:39:56:5a:a1:b - October 28, 2022, 7:04 am
-------------------------
User Mac: hhddh - October 28, 2022, 11:50 am
-------------------------
User Mac:  - October 28, 2022, 11:50 am
-------------------------
User Mac:  - October 28, 2022, 11:51 am
-------------------------
User Mac: a8:da:0c:54:75:c - October 28, 2022, 11:52 am
-------------------------
User Mac: a8:da:0c:54:75:c - October 28, 2022, 11:52 am
-------------------------
User Mac: a8:da:0c:54:75:c - October 28, 2022, 11:52 am
-------------------------
User Mac:  - October 28, 2022, 12:00 pm
-------------------------
User Mac:  - October 28, 2022, 12:00 pm
-------------------------
User Mac:  - October 28, 2022, 12:16 pm
-------------------------
User Mac:  - October 28, 2022, 12:17 pm
-------------------------
User Mac:  - October 28, 2022, 12:17 pm
-------------------------
User Mac: hhddh - October 28, 2022, 12:18 pm
-------------------------
User Mac:  - October 28, 2022, 12:18 pm
-------------------------
User Mac:  - October 28, 2022, 12:18 pm
-------------------------
User Mac:  - October 28, 2022, 12:18 pm
-------------------------
User Mac:  - October 28, 2022, 12:18 pm
-------------------------
User Mac:  - October 28, 2022, 12:19 pm
-------------------------
User Mac:  - October 28, 2022, 12:19 pm
-------------------------
User Mac:  - October 28, 2022, 12:19 pm
-------------------------
User Mac:  - October 28, 2022, 12:19 pm
-------------------------
User Mac:  - October 28, 2022, 12:19 pm
-------------------------
User Mac:  - October 28, 2022, 12:19 pm
-------------------------
User Mac:  - October 28, 2022, 12:19 pm
-------------------------
User Mac:  - October 28, 2022, 12:20 pm
-------------------------
User Mac:  - October 28, 2022, 12:20 pm
-------------------------
User Mac:  - October 28, 2022, 12:20 pm
-------------------------
User Mac:  - October 28, 2022, 12:20 pm
-------------------------
User Mac:  - October 28, 2022, 12:20 pm
-------------------------
User Mac:  - October 28, 2022, 12:21 pm
-------------------------
User Mac:  - October 28, 2022, 12:21 pm
-------------------------
User Mac: b0:39:56:5a:a1:b - October 28, 2022, 12:22 pm
-------------------------
User Mac: b0:39:56:5a:a1:b - October 28, 2022, 12:22 pm
-------------------------
User Mac: b0:39:56:5a:a1:b - October 28, 2022, 12:22 pm
-------------------------
User Mac: b0:39:56:5a:a1:b - October 28, 2022, 12:22 pm
-------------------------
User Mac: b0:39:56:5a:a1:b - October 28, 2022, 12:22 pm
-------------------------
User Mac: b0:39:56:5a:a1:b - October 28, 2022, 12:22 pm
-------------------------
User Mac: b0:39:56:5a:a1:b - October 28, 2022, 12:22 pm
-------------------------
User Mac: b0:39:56:5a:a1:b - October 28, 2022, 12:22 pm
-------------------------
User Mac: b0:39:56:5a:a1:b - October 28, 2022, 12:23 pm
-------------------------
User Mac:  - October 28, 2022, 12:24 pm
-------------------------
User Mac: hhddh - October 28, 2022, 12:26 pm
-------------------------
User Mac:  - October 28, 2022, 12:26 pm
-------------------------
