User Mac: c4:12:f5:bc:aa:e - November 3, 2022, 4:35 am
-------------------------
User Mac: c4:12:f5:bc:aa:e - November 3, 2022, 4:35 am
-------------------------
User Mac: hhddh - November 3, 2022, 4:51 am
-------------------------
User Mac:  - November 3, 2022, 4:51 am
-------------------------
User Mac:  - November 3, 2022, 4:52 am
-------------------------
User Mac:  - November 3, 2022, 4:54 am
-------------------------
User Mac:  - November 3, 2022, 4:55 am
-------------------------
User Mac:  - November 3, 2022, 4:57 am
-------------------------
User Mac:  - November 3, 2022, 4:57 am
-------------------------
User Mac:  - November 3, 2022, 4:59 am
-------------------------
User Mac:  - November 3, 2022, 4:59 am
-------------------------
User Mac:  - November 3, 2022, 5:00 am
-------------------------
User Mac: hhddh - November 3, 2022, 5:00 am
-------------------------
User Mac:  - November 3, 2022, 5:00 am
-------------------------
User Mac:  - November 3, 2022, 5:00 am
-------------------------
User Mac:  - November 3, 2022, 5:00 am
-------------------------
User Mac: hhddh - November 3, 2022, 5:00 am
-------------------------
User Mac:  - November 3, 2022, 5:00 am
-------------------------
User Mac:  - November 3, 2022, 5:01 am
-------------------------
User Mac:  - November 3, 2022, 5:03 am
-------------------------
User Mac:  - November 3, 2022, 5:12 am
-------------------------
User Mac: hhddh - November 3, 2022, 5:14 am
-------------------------
User Mac:  - November 3, 2022, 5:14 am
-------------------------
User Mac:  - November 3, 2022, 5:14 am
-------------------------
User Mac:  - November 3, 2022, 5:14 am
-------------------------
User Mac:  - November 3, 2022, 5:16 am
-------------------------
User Mac:  - November 3, 2022, 5:16 am
-------------------------
User Mac:  - November 3, 2022, 5:16 am
-------------------------
User Mac:  - November 3, 2022, 5:17 am
-------------------------
User Mac:  - November 3, 2022, 5:17 am
-------------------------
User Mac:  - November 3, 2022, 5:17 am
-------------------------
User Mac:  - November 3, 2022, 5:18 am
-------------------------
User Mac:  - November 3, 2022, 5:18 am
-------------------------
User Mac:  - November 3, 2022, 5:18 am
-------------------------
User Mac:  - November 3, 2022, 5:18 am
-------------------------
User Mac:  - November 3, 2022, 5:18 am
-------------------------
User Mac:  - November 3, 2022, 5:19 am
-------------------------
User Mac:  - November 3, 2022, 5:19 am
-------------------------
User Mac:  - November 3, 2022, 5:19 am
-------------------------
User Mac:  - November 3, 2022, 5:19 am
-------------------------
User Mac:  - November 3, 2022, 5:19 am
-------------------------
User Mac:  - November 3, 2022, 5:20 am
-------------------------
User Mac:  - November 3, 2022, 5:20 am
-------------------------
User Mac:  - November 3, 2022, 5:20 am
-------------------------
User Mac:  - November 3, 2022, 5:20 am
-------------------------
User Mac:  - November 3, 2022, 5:21 am
-------------------------
User Mac:  - November 3, 2022, 5:21 am
-------------------------
User Mac:  - November 3, 2022, 5:21 am
-------------------------
User Mac:  - November 3, 2022, 5:21 am
-------------------------
User Mac:  - November 3, 2022, 5:21 am
-------------------------
User Mac:  - November 3, 2022, 5:22 am
-------------------------
User Mac:  - November 3, 2022, 5:22 am
-------------------------
User Mac:  - November 3, 2022, 5:22 am
-------------------------
User Mac:  - November 3, 2022, 5:22 am
-------------------------
User Mac:  - November 3, 2022, 5:22 am
-------------------------
User Mac:  - November 3, 2022, 5:22 am
-------------------------
User Mac:  - November 3, 2022, 5:22 am
-------------------------
User Mac:  - November 3, 2022, 5:22 am
-------------------------
User Mac:  - November 3, 2022, 5:23 am
-------------------------
User Mac:  - November 3, 2022, 5:23 am
-------------------------
User Mac:  - November 3, 2022, 5:24 am
-------------------------
User Mac:  - November 3, 2022, 5:24 am
-------------------------
User Mac:  - November 3, 2022, 5:24 am
-------------------------
User Mac:  - November 3, 2022, 5:24 am
-------------------------
User Mac:  - November 3, 2022, 5:24 am
-------------------------
User Mac:  - November 3, 2022, 5:24 am
-------------------------
User Mac:  - November 3, 2022, 5:24 am
-------------------------
User Mac:  - November 3, 2022, 5:25 am
-------------------------
User Mac:  - November 3, 2022, 5:25 am
-------------------------
User Mac:  - November 3, 2022, 5:25 am
-------------------------
User Mac:  - November 3, 2022, 5:25 am
-------------------------
User Mac:  - November 3, 2022, 5:25 am
-------------------------
User Mac:  - November 3, 2022, 5:25 am
-------------------------
User Mac:  - November 3, 2022, 5:27 am
-------------------------
User Mac:  - November 3, 2022, 5:27 am
-------------------------
User Mac:  - November 3, 2022, 5:33 am
-------------------------
User Mac:  - November 3, 2022, 5:33 am
-------------------------
User Mac:  - November 3, 2022, 5:34 am
-------------------------
User Mac:  - November 3, 2022, 5:37 am
-------------------------
User Mac:  - November 3, 2022, 5:37 am
-------------------------
User Mac:  - November 3, 2022, 5:38 am
-------------------------
User Mac:  - November 3, 2022, 5:38 am
-------------------------
User Mac:  - November 3, 2022, 5:39 am
-------------------------
User Mac:  - November 3, 2022, 5:39 am
-------------------------
User Mac:  - November 3, 2022, 5:39 am
-------------------------
User Mac:  - November 3, 2022, 5:39 am
-------------------------
User Mac:  - November 3, 2022, 5:39 am
-------------------------
User Mac:  - November 3, 2022, 5:39 am
-------------------------
User Mac:  - November 3, 2022, 5:39 am
-------------------------
User Mac:  - November 3, 2022, 5:39 am
-------------------------
User Mac:  - November 3, 2022, 5:42 am
-------------------------
User Mac:  - November 3, 2022, 5:42 am
-------------------------
User Mac:  - November 3, 2022, 5:43 am
-------------------------
User Mac:  - November 3, 2022, 5:43 am
-------------------------
User Mac:  - November 3, 2022, 5:45 am
-------------------------
User Mac:  - November 3, 2022, 5:45 am
-------------------------
User Mac:  - November 3, 2022, 5:45 am
-------------------------
User Mac:  - November 3, 2022, 5:45 am
-------------------------
User Mac:  - November 3, 2022, 5:45 am
-------------------------
User Mac:  - November 3, 2022, 5:46 am
-------------------------
User Mac:  - November 3, 2022, 5:46 am
-------------------------
User Mac: c4:12:f5:bc:aa:e - November 3, 2022, 5:51 am
-------------------------
User Mac: c4:12:f5:bc:aa:e - November 3, 2022, 5:51 am
-------------------------
User Mac: c4:12:f5:bc:aa:e - November 3, 2022, 5:51 am
-------------------------
User Mac: c4:12:f5:bc:aa:e - November 3, 2022, 5:52 am
-------------------------
User Mac: c4:12:f5:bc:aa:e - November 3, 2022, 5:52 am
-------------------------
User Mac: c4:12:f5:bc:aa:e - November 3, 2022, 5:52 am
-------------------------
User Mac: c4:12:f5:bc:aa:e - November 3, 2022, 5:52 am
-------------------------
User Mac:  - November 3, 2022, 5:54 am
-------------------------
User Mac:  - November 3, 2022, 5:54 am
-------------------------
User Mac: c4:12:f5:bc:aa:e - November 3, 2022, 5:56 am
-------------------------
User Mac:  - November 3, 2022, 5:58 am
-------------------------
User Mac:  - November 3, 2022, 5:59 am
-------------------------
User Mac:  - November 3, 2022, 6:00 am
-------------------------
User Mac:  - November 3, 2022, 6:01 am
-------------------------
User Mac:  - November 3, 2022, 6:01 am
-------------------------
User Mac:  - November 3, 2022, 6:02 am
-------------------------
User Mac: hhddh - November 3, 2022, 6:02 am
-------------------------
User Mac:  - November 3, 2022, 6:02 am
-------------------------
User Mac:  - November 3, 2022, 6:03 am
-------------------------
User Mac:  - November 3, 2022, 6:03 am
-------------------------
User Mac: c4:12:f5:bc:aa:e - November 3, 2022, 6:04 am
-------------------------
User Mac: c4:12:f5:bc:aa:e - November 3, 2022, 6:04 am
-------------------------
User Mac: c4:12:f5:bc:aa:e - November 3, 2022, 6:04 am
-------------------------
User Mac:  - November 3, 2022, 6:05 am
-------------------------
User Mac: c4:12:f5:bc:aa:e - November 3, 2022, 6:07 am
-------------------------
User Mac:  - November 3, 2022, 6:07 am
-------------------------
User Mac:  - November 3, 2022, 6:09 am
-------------------------
User Mac:  - November 3, 2022, 6:09 am
-------------------------
User Mac: hhddh - November 3, 2022, 6:09 am
-------------------------
User Mac:  - November 3, 2022, 6:09 am
-------------------------
User Mac:  - November 3, 2022, 6:10 am
-------------------------
User Mac:  - November 3, 2022, 6:10 am
-------------------------
User Mac:  - November 3, 2022, 6:10 am
-------------------------
User Mac:  - November 3, 2022, 6:10 am
-------------------------
User Mac: c4:12:f5:bc:aa:e - November 3, 2022, 6:11 am
-------------------------
User Mac:  - November 3, 2022, 6:11 am
-------------------------
User Mac:  - November 3, 2022, 6:11 am
-------------------------
User Mac:  - November 3, 2022, 6:11 am
-------------------------
User Mac:  - November 3, 2022, 6:11 am
-------------------------
User Mac: c4:12:f5:bc:aa:e - November 3, 2022, 6:16 am
-------------------------
User Mac: c4:12:f5:bc:aa:e - November 3, 2022, 6:16 am
-------------------------
User Mac:  - November 3, 2022, 6:16 am
-------------------------
User Mac:  - November 3, 2022, 6:16 am
-------------------------
User Mac:  - November 3, 2022, 6:17 am
-------------------------
User Mac:  - November 3, 2022, 6:17 am
-------------------------
User Mac:  - November 3, 2022, 6:18 am
-------------------------
User Mac:  - November 3, 2022, 6:18 am
-------------------------
User Mac: hhddh - November 3, 2022, 6:21 am
-------------------------
User Mac:  - November 3, 2022, 6:21 am
-------------------------
User Mac:  - November 3, 2022, 6:21 am
-------------------------
User Mac:  - November 3, 2022, 6:21 am
-------------------------
User Mac:  - November 3, 2022, 6:21 am
-------------------------
User Mac:  - November 3, 2022, 6:22 am
-------------------------
User Mac: c4:12:f5:bc:aa:e - November 3, 2022, 6:23 am
-------------------------
User Mac: c4:12:f5:bc:aa:e - November 3, 2022, 6:23 am
-------------------------
User Mac: c4:12:f5:bc:aa:e - November 3, 2022, 6:23 am
-------------------------
User Mac: c4:12:f5:bc:aa:e - November 3, 2022, 6:23 am
-------------------------
User Mac:  - November 3, 2022, 6:25 am
-------------------------
User Mac:  - November 3, 2022, 6:25 am
-------------------------
User Mac: 00:13:10:85:fe:0 - November 3, 2022, 6:31 am
-------------------------
User Mac: 00:13:10:85:fe:0 - November 3, 2022, 6:31 am
-------------------------
User Mac: 00:13:10:85:fe:0 - November 3, 2022, 6:31 am
-------------------------
User Mac: 00:13:10:85:fe:0 - November 3, 2022, 6:31 am
-------------------------
User Mac: 00:13:10:85:fe:0 - November 3, 2022, 6:31 am
-------------------------
User Mac:  - November 3, 2022, 6:44 am
-------------------------
User Mac:  - November 3, 2022, 6:45 am
-------------------------
User Mac:  - November 3, 2022, 6:48 am
-------------------------
User Mac:  - November 3, 2022, 6:51 am
-------------------------
User Mac:  - November 3, 2022, 6:53 am
-------------------------
User Mac: c4:12:f5:bc:aa:e - November 3, 2022, 6:56 am
-------------------------
User Mac: c4:12:f5:bc:aa:e - November 3, 2022, 6:56 am
-------------------------
User Mac: c4:12:f5:bc:aa:e - November 3, 2022, 6:56 am
-------------------------
User Mac: c4:12:f5:bc:aa:e - November 3, 2022, 6:56 am
-------------------------
User Mac: c4:12:f5:bc:aa:e - November 3, 2022, 6:56 am
-------------------------
User Mac: hhddh - November 3, 2022, 7:03 am
-------------------------
User Mac:  - November 3, 2022, 7:03 am
-------------------------
User Mac:  - November 3, 2022, 7:03 am
-------------------------
User Mac: c4:12:f5:bc:aa:e - November 3, 2022, 7:04 am
-------------------------
User Mac: c4:12:f5:bc:aa:e - November 3, 2022, 7:04 am
-------------------------
User Mac: c4:12:f5:bc:aa:e - November 3, 2022, 7:04 am
-------------------------
User Mac: c4:12:f5:bc:aa:e - November 3, 2022, 7:04 am
-------------------------
User Mac: c4:12:f5:bc:aa:e - November 3, 2022, 7:04 am
-------------------------
User Mac: c4:12:f5:bc:aa:e - November 3, 2022, 7:05 am
-------------------------
User Mac: c4:12:f5:bc:aa:e - November 3, 2022, 7:05 am
-------------------------
User Mac: c4:12:f5:bc:aa:e - November 3, 2022, 7:05 am
-------------------------
User Mac: c4:12:f5:bc:aa:e - November 3, 2022, 7:05 am
-------------------------
User Mac:  - November 3, 2022, 7:07 am
-------------------------
User Mac:  - November 3, 2022, 7:07 am
-------------------------
User Mac:  - November 3, 2022, 7:07 am
-------------------------
User Mac: hhddh - November 3, 2022, 7:13 am
-------------------------
User Mac:  - November 3, 2022, 7:13 am
-------------------------
User Mac:  - November 3, 2022, 7:14 am
-------------------------
User Mac:  - November 3, 2022, 7:14 am
-------------------------
User Mac:  - November 3, 2022, 7:14 am
-------------------------
User Mac: c4:12:f5:bc:aa:e - November 3, 2022, 7:15 am
-------------------------
User Mac:  - November 3, 2022, 7:15 am
-------------------------
User Mac:  - November 3, 2022, 7:15 am
-------------------------
User Mac: c4:12:f5:bc:aa:e - November 3, 2022, 10:04 am
-------------------------
User Mac: c4:12:f5:bc:aa:e - November 3, 2022, 10:04 am
-------------------------
User Mac: c4:12:f5:bc:aa:e - November 3, 2022, 10:04 am
-------------------------
User Mac: c4:12:f5:bc:aa:e - November 3, 2022, 10:04 am
-------------------------
User Mac: c4:12:f5:bc:aa:e - November 3, 2022, 10:04 am
-------------------------
User Mac: c4:12:f5:bc:aa:e - November 3, 2022, 10:04 am
-------------------------
User Mac: c4:12:f5:bc:aa:e - November 3, 2022, 10:04 am
-------------------------
User Mac: c4:12:f5:bc:aa:e - November 3, 2022, 10:04 am
-------------------------
User Mac:  - November 3, 2022, 10:44 am
-------------------------
User Mac:  - November 3, 2022, 10:44 am
-------------------------
User Mac:  - November 3, 2022, 10:44 am
-------------------------
User Mac:  - November 3, 2022, 10:49 am
-------------------------
User Mac:  - November 3, 2022, 11:16 am
-------------------------
User Mac:  - November 3, 2022, 11:16 am
-------------------------
User Mac:  - November 3, 2022, 11:16 am
-------------------------
User Mac:  - November 3, 2022, 11:24 am
-------------------------
User Mac:  - November 3, 2022, 11:24 am
-------------------------
User Mac:  - November 3, 2022, 11:24 am
-------------------------
User Mac: c4:12:f5:bc:aa:e - November 3, 2022, 11:26 am
-------------------------
User Mac: c4:12:f5:bc:aa:e - November 3, 2022, 11:26 am
-------------------------
User Mac:  - November 3, 2022, 11:27 am
-------------------------
User Mac:  - November 3, 2022, 11:27 am
-------------------------
User Mac:  - November 3, 2022, 11:37 am
-------------------------
User Mac: c4:12:f5:bc:aa:e - November 3, 2022, 11:40 am
-------------------------
User Mac: hhddh - November 3, 2022, 11:40 am
-------------------------
User Mac:  - November 3, 2022, 11:40 am
-------------------------
User Mac: c4:12:f5:bc:aa:e - November 3, 2022, 11:40 am
-------------------------
User Mac: c4:12:f5:bc:aa:e - November 3, 2022, 11:41 am
-------------------------
User Mac:  - November 3, 2022, 11:43 am
-------------------------
User Mac: c4:12:f5:bc:aa:e - November 3, 2022, 11:43 am
-------------------------
User Mac: c4:12:f5:bc:aa:e - November 3, 2022, 11:45 am
-------------------------
User Mac: c4:12:f5:bc:aa:e - November 3, 2022, 11:45 am
-------------------------
User Mac: c4:12:f5:bc:aa:e - November 3, 2022, 11:45 am
-------------------------
User Mac: c4:12:f5:bc:aa:e - November 3, 2022, 11:45 am
-------------------------
User Mac: c4:12:f5:bc:aa:e - November 3, 2022, 11:45 am
-------------------------
User Mac:  - November 3, 2022, 11:52 am
-------------------------
User Mac:  - November 3, 2022, 11:58 am
-------------------------
User Mac:  - November 3, 2022, 12:04 pm
-------------------------
User Mac:  - November 3, 2022, 12:08 pm
-------------------------
User Mac:  - November 3, 2022, 12:11 pm
-------------------------
User Mac:  - November 3, 2022, 12:16 pm
-------------------------
User Mac:  - November 3, 2022, 12:17 pm
-------------------------
User Mac:  - November 3, 2022, 12:22 pm
-------------------------
User Mac:  - November 3, 2022, 12:47 pm
-------------------------
User Mac:  - November 3, 2022, 12:47 pm
-------------------------
User Mac: hhddh - November 3, 2022, 12:49 pm
-------------------------
User Mac:  - November 3, 2022, 12:49 pm
-------------------------
User Mac:  - November 3, 2022, 12:49 pm
-------------------------
User Mac:  - November 3, 2022, 12:55 pm
-------------------------
User Mac: hhddh - November 3, 2022, 12:55 pm
-------------------------
User Mac: hhddh - November 3, 2022, 12:55 pm
-------------------------
User Mac:  - November 3, 2022, 12:55 pm
-------------------------
User Mac: hhddh - November 3, 2022, 12:55 pm
-------------------------
User Mac:  - November 3, 2022, 12:55 pm
-------------------------
User Mac: hhddh - November 3, 2022, 12:55 pm
-------------------------
User Mac:  - November 3, 2022, 12:55 pm
-------------------------
User Mac: hhddh - November 3, 2022, 12:55 pm
-------------------------
User Mac:  - November 3, 2022, 12:55 pm
-------------------------
User Mac:  - November 3, 2022, 1:02 pm
-------------------------
User Mac:  - November 3, 2022, 1:02 pm
-------------------------
User Mac: hhddh - November 3, 2022, 1:03 pm
-------------------------
User Mac:  - November 3, 2022, 1:03 pm
-------------------------
User Mac:  - November 3, 2022, 1:03 pm
-------------------------
User Mac: hhddh - November 3, 2022, 1:09 pm
-------------------------
User Mac:  - November 3, 2022, 1:09 pm
-------------------------
User Mac: hhddh - November 3, 2022, 1:10 pm
-------------------------
User Mac:  - November 3, 2022, 1:10 pm
-------------------------
User Mac: hhddh - November 3, 2022, 1:10 pm
-------------------------
User Mac:  - November 3, 2022, 1:10 pm
-------------------------
User Mac: c4:12:f5:bc:aa:e - November 3, 2022, 1:10 pm
-------------------------
User Mac: c4:12:f5:bc:aa:e - November 3, 2022, 1:10 pm
-------------------------
User Mac: c4:12:f5:bc:aa:e - November 3, 2022, 1:11 pm
-------------------------
User Mac: c4:12:f5:bc:aa:e - November 3, 2022, 1:11 pm
-------------------------
User Mac: c4:12:f5:bc:aa:e - November 3, 2022, 1:11 pm
-------------------------
User Mac: c4:12:f5:bc:aa:e - November 3, 2022, 1:11 pm
-------------------------
User Mac: hhddh - November 3, 2022, 1:17 pm
-------------------------
User Mac:  - November 3, 2022, 1:17 pm
-------------------------
User Mac:  - November 3, 2022, 1:17 pm
-------------------------
User Mac:  - November 3, 2022, 1:20 pm
-------------------------
User Mac:  - November 3, 2022, 1:22 pm
-------------------------
User Mac:  - November 3, 2022, 1:22 pm
-------------------------
User Mac: c4:12:f5:bc:aa:e - November 3, 2022, 1:25 pm
-------------------------
User Mac: c4:12:f5:bc:aa:e - November 3, 2022, 1:25 pm
-------------------------
User Mac: c4:12:f5:bc:aa:e - November 3, 2022, 1:25 pm
-------------------------
User Mac:  - November 3, 2022, 1:25 pm
-------------------------
User Mac:  - November 3, 2022, 1:25 pm
-------------------------
User Mac:  - November 3, 2022, 1:25 pm
-------------------------
User Mac:  - November 3, 2022, 1:25 pm
-------------------------
